mode: set
gofr.dev/examples/grpc-server/grpc/server.go:12.88,14.16 2 1
gofr.dev/examples/grpc-server/grpc/server.go:14.16,16.3 1 1
gofr.dev/examples/grpc-server/grpc/server.go:18.2,20.8 1 1
gofr.dev/examples/grpc-server/main.go:8.13,14.2 3 1
gofr.dev/examples/grpc-server/grpc/server.go:12.88,14.16 2 1
gofr.dev/examples/grpc-server/grpc/server.go:14.16,16.3 1 1
gofr.dev/examples/grpc-server/grpc/server.go:18.2,20.8 1 1
gofr.dev/examples/sample-cmd/main.go:9.13,14.69 2 1
gofr.dev/examples/sample-cmd/main.go:14.69,16.3 1 1
gofr.dev/examples/sample-cmd/main.go:22.2,22.70 1 1
gofr.dev/examples/sample-cmd/main.go:22.70,24.3 1 1
gofr.dev/examples/sample-cmd/main.go:27.2,27.11 1 1
gofr.dev/examples/http-server-using-redis/main.go:11.13,22.2 5 1
gofr.dev/examples/http-server-using-redis/main.go:25.60,28.47 2 1
gofr.dev/examples/http-server-using-redis/main.go:28.47,30.3 1 1
gofr.dev/examples/http-server-using-redis/main.go:32.2,32.32 1 1
gofr.dev/examples/http-server-using-redis/main.go:32.32,34.17 2 1
gofr.dev/examples/http-server-using-redis/main.go:34.17,36.4 1 1
gofr.dev/examples/http-server-using-redis/main.go:39.2,39.26 1 1
gofr.dev/examples/http-server-using-redis/main.go:43.60,47.16 3 1
gofr.dev/examples/http-server-using-redis/main.go:47.16,49.3 1 1
gofr.dev/examples/http-server-using-redis/main.go:51.2,54.18 3 1
gofr.dev/examples/http-server-using-redis/main.go:58.65,67.16 5 1
gofr.dev/examples/http-server-using-redis/main.go:67.16,69.3 1 1
gofr.dev/examples/http-server-using-redis/main.go:72.2,72.18 1 1
gofr.dev/examples/using-add-rest-handlers/migrations/1708322061_create_user_table.go:14.42,16.42 1 1
gofr.dev/examples/using-add-rest-handlers/migrations/1708322061_create_user_table.go:16.42,18.18 2 1
gofr.dev/examples/using-add-rest-handlers/migrations/1708322061_create_user_table.go:18.18,20.5 1 1
gofr.dev/examples/using-add-rest-handlers/migrations/1708322061_create_user_table.go:22.4,22.14 1 1
gofr.dev/examples/using-add-rest-handlers/migrations/all.go:7.40,11.2 1 1
gofr.dev/examples/using-add-rest-handlers/main.go:16.61,18.2 1 1
gofr.dev/examples/using-add-rest-handlers/main.go:20.13,29.16 4 1
gofr.dev/examples/using-add-rest-handlers/main.go:29.16,31.3 1 0
gofr.dev/examples/using-add-rest-handlers/main.go:34.2,34.9 1 1
gofr.dev/examples/using-add-rest-handlers/migrations/1708322061_create_user_table.go:14.42,16.42 1 1
gofr.dev/examples/using-add-rest-handlers/migrations/1708322061_create_user_table.go:16.42,18.18 2 1
gofr.dev/examples/using-add-rest-handlers/migrations/1708322061_create_user_table.go:18.18,20.5 1 0
gofr.dev/examples/using-add-rest-handlers/migrations/1708322061_create_user_table.go:22.4,22.14 1 1
gofr.dev/examples/using-add-rest-handlers/migrations/all.go:7.40,11.2 1 1
gofr.dev/examples/http-server/main.go:17.13,33.2 8 1
gofr.dev/examples/http-server/main.go:35.57,37.16 2 1
gofr.dev/examples/http-server/main.go:37.16,40.3 2 1
gofr.dev/examples/http-server/main.go:42.2,42.44 1 1
gofr.dev/examples/http-server/main.go:45.57,47.2 1 1
gofr.dev/examples/http-server/main.go:49.57,51.36 2 1
gofr.dev/examples/http-server/main.go:51.36,53.3 1 1
gofr.dev/examples/http-server/main.go:55.2,55.17 1 1
gofr.dev/examples/http-server/main.go:58.57,70.29 8 1
gofr.dev/examples/http-server/main.go:70.29,71.13 1 1
gofr.dev/examples/http-server/main.go:71.13,74.4 2 1
gofr.dev/examples/http-server/main.go:76.2,80.16 3 1
gofr.dev/examples/http-server/main.go:80.16,82.3 1 0
gofr.dev/examples/http-server/main.go:84.2,91.16 4 1
gofr.dev/examples/http-server/main.go:91.16,93.3 1 0
gofr.dev/examples/http-server/main.go:95.2,97.23 2 1
gofr.dev/examples/http-server/main.go:100.57,103.16 3 1
gofr.dev/examples/http-server/main.go:103.16,105.3 1 0
gofr.dev/examples/http-server/main.go:107.2,107.19 1 1
gofr.dev/examples/using-custom-metrics/main.go:18.13,34.2 8 1
gofr.dev/examples/using-custom-metrics/main.go:36.63,50.2 7 1
gofr.dev/examples/using-custom-metrics/main.go:52.58,60.2 3 1
gofr.dev/examples/using-file-bind/main.go:13.13,19.2 3 1
gofr.dev/examples/using-file-bind/main.go:36.58,41.16 3 1
gofr.dev/examples/using-file-bind/main.go:41.16,43.3 1 1
gofr.dev/examples/using-file-bind/main.go:46.2,47.16 2 1
gofr.dev/examples/using-file-bind/main.go:47.16,49.3 1 0
gofr.dev/examples/using-file-bind/main.go:51.2,54.16 3 1
gofr.dev/examples/using-file-bind/main.go:54.16,56.3 1 0
gofr.dev/examples/using-file-bind/main.go:58.2,62.16 3 1
gofr.dev/examples/using-file-bind/main.go:62.16,64.3 1 0
gofr.dev/examples/using-file-bind/main.go:67.2,67.105 1 1
gofr.dev/examples/using-migrations/migrations/1708322067_create_employee_table.go:18.46,20.42 1 1
gofr.dev/examples/using-migrations/migrations/1708322067_create_employee_table.go:20.42,22.18 2 1
gofr.dev/examples/using-migrations/migrations/1708322067_create_employee_table.go:22.18,24.5 1 1
gofr.dev/examples/using-migrations/migrations/1708322067_create_employee_table.go:26.4,27.18 2 1
gofr.dev/examples/using-migrations/migrations/1708322067_create_employee_table.go:27.18,29.5 1 1
gofr.dev/examples/using-migrations/migrations/1708322067_create_employee_table.go:31.4,32.18 2 1
gofr.dev/examples/using-migrations/migrations/1708322067_create_employee_table.go:32.18,34.5 1 1
gofr.dev/examples/using-migrations/migrations/1708322067_create_employee_table.go:36.4,36.14 1 1
gofr.dev/examples/using-migrations/migrations/1708322089_redis_add_employee_name.go:8.45,10.42 1 1
gofr.dev/examples/using-migrations/migrations/1708322089_redis_add_employee_name.go:10.42,12.18 2 1
gofr.dev/examples/using-migrations/migrations/1708322089_redis_add_employee_name.go:12.18,14.5 1 1
gofr.dev/examples/using-migrations/migrations/1708322089_redis_add_employee_name.go:16.4,16.14 1 1
gofr.dev/examples/using-migrations/migrations/1708322090_create_topics_for_store.go:9.47,11.42 1 1
gofr.dev/examples/using-migrations/migrations/1708322090_create_topics_for_store.go:11.42,13.18 2 0
gofr.dev/examples/using-migrations/migrations/1708322090_create_topics_for_store.go:13.18,15.5 1 0
gofr.dev/examples/using-migrations/migrations/1708322090_create_topics_for_store.go:17.4,17.67 1 0
gofr.dev/examples/using-migrations/migrations/all.go:7.40,13.2 1 1
gofr.dev/examples/using-http-service/main.go:12.13,38.2 5 1
gofr.dev/examples/using-http-service/main.go:40.44,51.16 4 1
gofr.dev/examples/using-http-service/main.go:51.16,53.3 1 1
gofr.dev/examples/using-http-service/main.go:55.2,57.16 3 1
gofr.dev/examples/using-http-service/main.go:57.16,59.3 1 1
gofr.dev/examples/using-http-service/main.go:61.2,61.18 1 1
gofr.dev/examples/using-publisher/main.go:8.13,16.2 4 1
gofr.dev/examples/using-publisher/main.go:18.52,27.16 4 1
gofr.dev/examples/using-publisher/main.go:27.16,29.3 1 1
gofr.dev/examples/using-publisher/main.go:31.2,34.16 3 1
gofr.dev/examples/using-publisher/main.go:34.16,36.3 1 1
gofr.dev/examples/using-publisher/main.go:38.2,38.25 1 1
gofr.dev/examples/using-publisher/main.go:41.54,50.16 4 1
gofr.dev/examples/using-publisher/main.go:50.16,52.3 1 1
gofr.dev/examples/using-publisher/main.go:54.2,57.16 3 1
gofr.dev/examples/using-publisher/main.go:57.16,59.3 1 1
gofr.dev/examples/using-publisher/main.go:61.2,61.25 1 1
gofr.dev/examples/using-migrations/main.go:17.13,30.2 5 1
gofr.dev/examples/using-migrations/main.go:41.55,43.16 2 1
gofr.dev/examples/using-migrations/main.go:43.16,45.3 1 1
gofr.dev/examples/using-migrations/main.go:47.2,51.16 3 1
gofr.dev/examples/using-migrations/main.go:51.16,53.3 1 1
gofr.dev/examples/using-migrations/main.go:55.2,55.17 1 1
gofr.dev/examples/using-migrations/main.go:59.56,61.37 2 1
gofr.dev/examples/using-migrations/main.go:61.37,64.3 2 1
gofr.dev/examples/using-migrations/main.go:67.2,68.16 2 1
gofr.dev/examples/using-migrations/main.go:68.16,70.3 1 1
gofr.dev/examples/using-migrations/main.go:72.2,72.69 1 1
gofr.dev/examples/using-migrations/migrations/1708322067_create_employee_table.go:18.46,20.42 1 1
gofr.dev/examples/using-migrations/migrations/1708322067_create_employee_table.go:20.42,22.18 2 1
gofr.dev/examples/using-migrations/migrations/1708322067_create_employee_table.go:22.18,24.5 1 0
gofr.dev/examples/using-migrations/migrations/1708322067_create_employee_table.go:26.4,27.18 2 1
gofr.dev/examples/using-migrations/migrations/1708322067_create_employee_table.go:27.18,29.5 1 0
gofr.dev/examples/using-migrations/migrations/1708322067_create_employee_table.go:31.4,32.18 2 1
gofr.dev/examples/using-migrations/migrations/1708322067_create_employee_table.go:32.18,34.5 1 0
gofr.dev/examples/using-migrations/migrations/1708322067_create_employee_table.go:36.4,36.14 1 1
gofr.dev/examples/using-migrations/migrations/1708322089_redis_add_employee_name.go:8.45,10.42 1 1
gofr.dev/examples/using-migrations/migrations/1708322089_redis_add_employee_name.go:10.42,12.18 2 1
gofr.dev/examples/using-migrations/migrations/1708322089_redis_add_employee_name.go:12.18,14.5 1 0
gofr.dev/examples/using-migrations/migrations/1708322089_redis_add_employee_name.go:16.4,16.14 1 1
gofr.dev/examples/using-migrations/migrations/1708322090_create_topics_for_store.go:9.47,11.42 1 1
gofr.dev/examples/using-migrations/migrations/1708322090_create_topics_for_store.go:11.42,13.18 2 1
gofr.dev/examples/using-migrations/migrations/1708322090_create_topics_for_store.go:13.18,15.5 1 0
gofr.dev/examples/using-migrations/migrations/1708322090_create_topics_for_store.go:17.4,17.67 1 1
gofr.dev/examples/using-migrations/migrations/all.go:7.40,13.2 1 1
gofr.dev/examples/using-subscriber/main.go:7.13,10.56 2 1
gofr.dev/examples/using-subscriber/main.go:10.56,17.17 3 1
gofr.dev/examples/using-subscriber/main.go:17.17,21.4 2 0
gofr.dev/examples/using-subscriber/main.go:23.3,25.13 2 1
gofr.dev/examples/using-subscriber/main.go:28.2,28.58 1 1
gofr.dev/examples/using-subscriber/main.go:28.58,35.17 3 1
gofr.dev/examples/using-subscriber/main.go:35.17,39.4 2 0
gofr.dev/examples/using-subscriber/main.go:41.3,43.13 2 1
gofr.dev/examples/using-subscriber/main.go:46.2,46.11 1 1
gofr.dev/pkg/gofr/cmd/request.go:25.41,36.27 3 1
gofr.dev/pkg/gofr/cmd/request.go:36.27,37.16 1 1
gofr.dev/pkg/gofr/cmd/request.go:37.16,38.12 1 1
gofr.dev/pkg/gofr/cmd/request.go:41.3,41.20 1 1
gofr.dev/pkg/gofr/cmd/request.go:41.20,42.12 1 1
gofr.dev/pkg/gofr/cmd/request.go:45.3,45.20 1 1
gofr.dev/pkg/gofr/cmd/request.go:45.20,46.12 1 1
gofr.dev/pkg/gofr/cmd/request.go:49.3,50.20 2 1
gofr.dev/pkg/gofr/cmd/request.go:50.20,52.4 1 1
gofr.dev/pkg/gofr/cmd/request.go:52.9,54.4 1 1
gofr.dev/pkg/gofr/cmd/request.go:56.3,56.55 1 1
gofr.dev/pkg/gofr/cmd/request.go:57.17,59.36 1 1
gofr.dev/pkg/gofr/cmd/request.go:60.17,62.35 1 1
gofr.dev/pkg/gofr/cmd/request.go:66.2,66.11 1 1
gofr.dev/pkg/gofr/cmd/request.go:70.44,72.2 1 1
gofr.dev/pkg/gofr/cmd/request.go:75.48,77.2 1 1
gofr.dev/pkg/gofr/cmd/request.go:79.45,81.2 1 1
gofr.dev/pkg/gofr/cmd/request.go:83.48,87.2 2 1
gofr.dev/pkg/gofr/cmd/request.go:89.45,94.32 3 1
gofr.dev/pkg/gofr/cmd/request.go:94.32,95.30 1 1
gofr.dev/pkg/gofr/cmd/request.go:95.30,98.33 2 1
gofr.dev/pkg/gofr/cmd/request.go:98.33,100.21 1 1
gofr.dev/pkg/gofr/cmd/request.go:101.25,102.20 1 1
gofr.dev/pkg/gofr/cmd/request.go:103.23,104.25 1 1
gofr.dev/pkg/gofr/cmd/request.go:104.25,106.7 1 1
gofr.dev/pkg/gofr/cmd/request.go:107.22,109.24 2 1
gofr.dev/pkg/gofr/cmd/request.go:115.2,115.12 1 1
gofr.dev/pkg/gofr/cmd/responder.go:10.58,12.17 1 1
gofr.dev/pkg/gofr/cmd/responder.go:12.17,14.3 1 1
gofr.dev/pkg/gofr/cmd/responder.go:16.2,16.16 1 1
gofr.dev/pkg/gofr/cmd/responder.go:16.16,18.3 1 1
gofr.dev/pkg/gofr/testutil/error.go:7.37,9.2 1 0
gofr.dev/pkg/gofr/testutil/os.go:8.43,21.2 8 1
gofr.dev/pkg/gofr/testutil/os.go:23.43,36.2 8 1
gofr.dev/pkg/gofr/config/godotenv.go:25.60,30.2 3 1
gofr.dev/pkg/gofr/config/godotenv.go:32.41,40.16 3 1
gofr.dev/pkg/gofr/config/godotenv.go:40.16,42.3 1 1
gofr.dev/pkg/gofr/config/godotenv.go:42.8,44.3 1 1
gofr.dev/pkg/gofr/config/godotenv.go:46.2,46.13 1 1
gofr.dev/pkg/gofr/config/godotenv.go:47.10,51.17 2 1
gofr.dev/pkg/gofr/config/godotenv.go:51.17,53.4 1 0
gofr.dev/pkg/gofr/config/godotenv.go:53.9,55.4 1 1
gofr.dev/pkg/gofr/config/godotenv.go:57.10,63.17 3 1
gofr.dev/pkg/gofr/config/godotenv.go:63.17,65.4 1 1
gofr.dev/pkg/gofr/config/godotenv.go:65.9,67.4 1 1
gofr.dev/pkg/gofr/config/godotenv.go:71.44,73.2 1 1
gofr.dev/pkg/gofr/config/godotenv.go:75.67,76.38 1 1
gofr.dev/pkg/gofr/config/godotenv.go:76.38,78.3 1 1
gofr.dev/pkg/gofr/config/godotenv.go:80.2,80.21 1 1
gofr.dev/pkg/gofr/config/mock_config.go:7.56,11.2 1 1
gofr.dev/pkg/gofr/config/mock_config.go:13.43,15.2 1 1
gofr.dev/pkg/gofr/config/mock_config.go:17.55,19.9 2 1
gofr.dev/pkg/gofr/config/mock_config.go:19.9,21.3 1 1
gofr.dev/pkg/gofr/config/mock_config.go:23.2,23.12 1 1
gofr.dev/pkg/gofr/logging/level.go:32.32,33.11 1 0
gofr.dev/pkg/gofr/logging/level.go:34.13,35.20 1 0
gofr.dev/pkg/gofr/logging/level.go:36.12,37.19 1 0
gofr.dev/pkg/gofr/logging/level.go:38.14,39.21 1 0
gofr.dev/pkg/gofr/logging/level.go:40.12,41.19 1 0
gofr.dev/pkg/gofr/logging/level.go:42.13,43.20 1 0
gofr.dev/pkg/gofr/logging/level.go:44.13,45.20 1 0
gofr.dev/pkg/gofr/logging/level.go:46.10,47.12 1 0
gofr.dev/pkg/gofr/logging/level.go:52.29,53.11 1 0
gofr.dev/pkg/gofr/logging/level.go:54.20,55.13 1 0
gofr.dev/pkg/gofr/logging/level.go:56.20,57.13 1 0
gofr.dev/pkg/gofr/logging/level.go:58.12,59.11 1 0
gofr.dev/pkg/gofr/logging/level.go:60.13,61.11 1 0
gofr.dev/pkg/gofr/logging/level.go:62.10,63.12 1 0
gofr.dev/pkg/gofr/logging/level.go:67.46,73.2 4 0
gofr.dev/pkg/gofr/logging/level.go:76.45,77.32 1 0
gofr.dev/pkg/gofr/logging/level.go:78.18,79.15 1 0
gofr.dev/pkg/gofr/logging/level.go:80.17,81.14 1 0
gofr.dev/pkg/gofr/logging/level.go:82.19,83.16 1 0
gofr.dev/pkg/gofr/logging/level.go:84.17,85.14 1 0
gofr.dev/pkg/gofr/logging/level.go:86.18,87.15 1 0
gofr.dev/pkg/gofr/logging/level.go:88.18,89.15 1 0
gofr.dev/pkg/gofr/logging/level.go:90.10,91.14 1 0
gofr.dev/pkg/gofr/logging/logger.go:55.72,56.21 1 0
gofr.dev/pkg/gofr/logging/logger.go:56.21,58.3 1 0
gofr.dev/pkg/gofr/logging/logger.go:60.2,61.20 2 0
gofr.dev/pkg/gofr/logging/logger.go:61.20,63.3 1 0
gofr.dev/pkg/gofr/logging/logger.go:65.2,71.9 2 0
gofr.dev/pkg/gofr/logging/logger.go:72.38,73.26 1 0
gofr.dev/pkg/gofr/logging/logger.go:74.38,75.23 1 0
gofr.dev/pkg/gofr/logging/logger.go:76.20,77.50 1 0
gofr.dev/pkg/gofr/logging/logger.go:80.2,80.18 1 0
gofr.dev/pkg/gofr/logging/logger.go:80.18,82.3 1 0
gofr.dev/pkg/gofr/logging/logger.go:82.8,84.3 1 0
gofr.dev/pkg/gofr/logging/logger.go:87.45,89.2 1 0
gofr.dev/pkg/gofr/logging/logger.go:91.61,93.2 1 0
gofr.dev/pkg/gofr/logging/logger.go:95.44,97.2 1 0
gofr.dev/pkg/gofr/logging/logger.go:99.60,101.2 1 0
gofr.dev/pkg/gofr/logging/logger.go:103.46,105.2 1 0
gofr.dev/pkg/gofr/logging/logger.go:107.62,109.2 1 0
gofr.dev/pkg/gofr/logging/logger.go:111.44,113.2 1 0
gofr.dev/pkg/gofr/logging/logger.go:115.60,117.2 1 0
gofr.dev/pkg/gofr/logging/logger.go:119.43,121.2 1 0
gofr.dev/pkg/gofr/logging/logger.go:123.59,125.2 1 0
gofr.dev/pkg/gofr/logging/logger.go:127.45,129.2 1 0
gofr.dev/pkg/gofr/logging/logger.go:131.61,133.2 1 0
gofr.dev/pkg/gofr/logging/logger.go:135.45,140.2 2 0
gofr.dev/pkg/gofr/logging/logger.go:142.61,145.2 2 0
gofr.dev/pkg/gofr/logging/logger.go:147.57,152.15 2 0
gofr.dev/pkg/gofr/logging/logger.go:152.15,154.3 1 0
gofr.dev/pkg/gofr/logging/logger.go:158.2,158.43 1 0
gofr.dev/pkg/gofr/logging/logger.go:158.43,163.3 2 0
gofr.dev/pkg/gofr/logging/logger.go:163.8,168.3 2 0
gofr.dev/pkg/gofr/logging/logger.go:172.36,184.2 4 0
gofr.dev/pkg/gofr/logging/logger.go:187.40,193.16 2 0
gofr.dev/pkg/gofr/logging/logger.go:193.16,195.3 1 0
gofr.dev/pkg/gofr/logging/logger.go:197.2,198.16 2 0
gofr.dev/pkg/gofr/logging/logger.go:198.16,200.3 1 0
gofr.dev/pkg/gofr/logging/logger.go:202.2,205.10 3 0
gofr.dev/pkg/gofr/logging/logger.go:208.40,209.23 1 0
gofr.dev/pkg/gofr/logging/logger.go:210.16,211.38 1 0
gofr.dev/pkg/gofr/logging/logger.go:212.10,213.15 1 0
gofr.dev/pkg/gofr/logging/logger.go:217.43,219.2 1 0
gofr.dev/pkg/gofr/logging/mock_logger.go:15.40,21.2 1 1
gofr.dev/pkg/gofr/logging/mock_logger.go:23.76,24.21 1 1
gofr.dev/pkg/gofr/logging/mock_logger.go:24.21,26.3 1 0
gofr.dev/pkg/gofr/logging/mock_logger.go:28.2,29.20 2 1
gofr.dev/pkg/gofr/logging/mock_logger.go:29.20,31.3 1 0
gofr.dev/pkg/gofr/logging/mock_logger.go:33.2,35.9 2 1
gofr.dev/pkg/gofr/logging/mock_logger.go:36.38,37.20 1 0
gofr.dev/pkg/gofr/logging/mock_logger.go:38.38,39.17 1 0
gofr.dev/pkg/gofr/logging/mock_logger.go:40.20,41.41 1 1
gofr.dev/pkg/gofr/logging/mock_logger.go:44.2,44.35 1 1
gofr.dev/pkg/gofr/logging/mock_logger.go:47.49,49.2 1 0
gofr.dev/pkg/gofr/logging/mock_logger.go:51.65,53.2 1 0
gofr.dev/pkg/gofr/logging/mock_logger.go:55.48,57.2 1 0
gofr.dev/pkg/gofr/logging/mock_logger.go:59.64,61.2 1 1
gofr.dev/pkg/gofr/logging/mock_logger.go:63.50,65.2 1 0
gofr.dev/pkg/gofr/logging/mock_logger.go:67.66,69.2 1 0
gofr.dev/pkg/gofr/logging/mock_logger.go:71.48,73.2 1 0
gofr.dev/pkg/gofr/logging/mock_logger.go:75.64,77.2 1 1
gofr.dev/pkg/gofr/logging/mock_logger.go:79.49,81.2 1 0
gofr.dev/pkg/gofr/logging/mock_logger.go:83.65,85.2 1 0
gofr.dev/pkg/gofr/logging/mock_logger.go:87.49,89.2 1 0
gofr.dev/pkg/gofr/logging/mock_logger.go:91.65,93.2 1 0
gofr.dev/pkg/gofr/logging/mock_logger.go:95.47,97.2 1 0
gofr.dev/pkg/gofr/logging/mock_logger.go:99.63,101.2 1 0
gofr.dev/pkg/gofr/logging/mock_logger.go:103.47,105.2 1 0
gofr.dev/pkg/gofr/config/godotenv.go:25.60,30.2 3 0
gofr.dev/pkg/gofr/config/godotenv.go:32.41,40.16 3 0
gofr.dev/pkg/gofr/config/godotenv.go:40.16,42.3 1 0
gofr.dev/pkg/gofr/config/godotenv.go:42.8,44.3 1 0
gofr.dev/pkg/gofr/config/godotenv.go:46.2,46.13 1 0
gofr.dev/pkg/gofr/config/godotenv.go:47.10,51.17 2 0
gofr.dev/pkg/gofr/config/godotenv.go:51.17,53.4 1 0
gofr.dev/pkg/gofr/config/godotenv.go:53.9,55.4 1 0
gofr.dev/pkg/gofr/config/godotenv.go:57.10,63.17 3 0
gofr.dev/pkg/gofr/config/godotenv.go:63.17,65.4 1 0
gofr.dev/pkg/gofr/config/godotenv.go:65.9,67.4 1 0
gofr.dev/pkg/gofr/config/godotenv.go:71.44,73.2 1 0
gofr.dev/pkg/gofr/config/godotenv.go:75.67,76.38 1 0
gofr.dev/pkg/gofr/config/godotenv.go:76.38,78.3 1 0
gofr.dev/pkg/gofr/config/godotenv.go:80.2,80.21 1 0
gofr.dev/pkg/gofr/config/mock_config.go:7.56,11.2 1 0
gofr.dev/pkg/gofr/config/mock_config.go:13.43,15.2 1 0
gofr.dev/pkg/gofr/config/mock_config.go:17.55,19.9 2 0
gofr.dev/pkg/gofr/config/mock_config.go:19.9,21.3 1 0
gofr.dev/pkg/gofr/config/mock_config.go:23.2,23.12 1 0
gofr.dev/pkg/gofr/datasource/errors.go:15.33,16.9 1 1
gofr.dev/pkg/gofr/datasource/errors.go:17.23,18.23 1 1
gofr.dev/pkg/gofr/datasource/errors.go:19.20,20.19 1 1
gofr.dev/pkg/gofr/datasource/errors.go:21.10,22.47 1 1
gofr.dev/pkg/gofr/datasource/errors.go:27.38,30.2 2 1
gofr.dev/pkg/gofr/datasource/errors.go:32.35,34.2 1 1
gofr.dev/pkg/gofr/config/godotenv.go:25.60,30.2 3 0
gofr.dev/pkg/gofr/config/godotenv.go:32.41,40.16 3 0
gofr.dev/pkg/gofr/config/godotenv.go:40.16,42.3 1 0
gofr.dev/pkg/gofr/config/godotenv.go:42.8,44.3 1 0
gofr.dev/pkg/gofr/config/godotenv.go:46.2,46.13 1 0
gofr.dev/pkg/gofr/config/godotenv.go:47.10,51.17 2 0
gofr.dev/pkg/gofr/config/godotenv.go:51.17,53.4 1 0
gofr.dev/pkg/gofr/config/godotenv.go:53.9,55.4 1 0
gofr.dev/pkg/gofr/config/godotenv.go:57.10,63.17 3 0
gofr.dev/pkg/gofr/config/godotenv.go:63.17,65.4 1 0
gofr.dev/pkg/gofr/config/godotenv.go:65.9,67.4 1 0
gofr.dev/pkg/gofr/config/godotenv.go:71.44,73.2 1 0
gofr.dev/pkg/gofr/config/godotenv.go:75.67,76.38 1 0
gofr.dev/pkg/gofr/config/godotenv.go:76.38,78.3 1 0
gofr.dev/pkg/gofr/config/godotenv.go:80.2,80.21 1 0
gofr.dev/pkg/gofr/config/mock_config.go:7.56,11.2 1 0
gofr.dev/pkg/gofr/config/mock_config.go:13.43,15.2 1 0
gofr.dev/pkg/gofr/config/mock_config.go:17.55,19.9 2 0
gofr.dev/pkg/gofr/config/mock_config.go:19.9,21.3 1 0
gofr.dev/pkg/gofr/config/mock_config.go:23.2,23.12 1 0
gofr.dev/pkg/gofr/datasource/errors.go:15.33,16.9 1 0
gofr.dev/pkg/gofr/datasource/errors.go:17.23,18.23 1 0
gofr.dev/pkg/gofr/datasource/errors.go:19.20,20.19 1 0
gofr.dev/pkg/gofr/datasource/errors.go:21.10,22.47 1 0
gofr.dev/pkg/gofr/datasource/errors.go:27.38,30.2 2 0
gofr.dev/pkg/gofr/datasource/errors.go:32.35,34.2 1 0
gofr.dev/pkg/gofr/datasource/file/file.go:51.55,52.47 1 1
gofr.dev/pkg/gofr/datasource/file/file.go:52.47,54.3 1 1
gofr.dev/pkg/gofr/datasource/file/file.go:56.2,56.37 1 1
gofr.dev/pkg/gofr/datasource/file/file.go:60.64,64.16 3 1
gofr.dev/pkg/gofr/datasource/file/file.go:64.16,67.3 2 1
gofr.dev/pkg/gofr/datasource/file/file.go:69.2,69.49 1 1
gofr.dev/pkg/gofr/datasource/file/file.go:69.49,72.3 1 1
gofr.dev/pkg/gofr/datasource/file/file.go:75.2,75.35 1 1
gofr.dev/pkg/gofr/datasource/file/file.go:79.72,83.16 3 1
gofr.dev/pkg/gofr/datasource/file/file.go:83.16,85.3 1 1
gofr.dev/pkg/gofr/datasource/file/file.go:87.2,87.19 1 1
gofr.dev/pkg/gofr/datasource/file/file.go:91.70,94.39 2 1
gofr.dev/pkg/gofr/datasource/file/file.go:94.39,97.3 2 0
gofr.dev/pkg/gofr/datasource/file/file.go:99.2,100.16 2 1
gofr.dev/pkg/gofr/datasource/file/file.go:100.16,103.3 2 0
gofr.dev/pkg/gofr/datasource/file/file.go:105.2,107.43 2 1
gofr.dev/pkg/gofr/datasource/file/file.go:110.58,115.2 1 1
gofr.dev/pkg/gofr/datasource/file/file.go:118.33,120.2 1 1
gofr.dev/pkg/gofr/datasource/file/file.go:123.47,125.2 1 1
gofr.dev/pkg/gofr/datasource/file/file.go:128.33,130.2 1 1
gofr.dev/pkg/gofr/datasource/file/file.go:133.47,134.28 1 1
gofr.dev/pkg/gofr/datasource/file/file.go:135.15,137.13 2 1
gofr.dev/pkg/gofr/datasource/file/file.go:138.10,139.23 1 1
gofr.dev/pkg/gofr/datasource/file/fs.go:14.58,16.2 1 1
gofr.dev/pkg/gofr/datasource/file/fs.go:18.66,20.16 2 1
gofr.dev/pkg/gofr/datasource/file/fs.go:20.16,22.3 1 1
gofr.dev/pkg/gofr/datasource/file/fs.go:24.2,24.52 1 1
gofr.dev/pkg/gofr/datasource/file/fs.go:27.64,29.2 1 1
gofr.dev/pkg/gofr/datasource/file/fs.go:31.67,33.2 1 1
gofr.dev/pkg/gofr/datasource/file/fs.go:35.64,37.16 2 1
gofr.dev/pkg/gofr/datasource/file/fs.go:37.16,39.3 1 1
gofr.dev/pkg/gofr/datasource/file/fs.go:41.2,41.53 1 1
gofr.dev/pkg/gofr/datasource/file/fs.go:44.96,46.16 2 1
gofr.dev/pkg/gofr/datasource/file/fs.go:46.16,48.3 1 1
gofr.dev/pkg/gofr/datasource/file/fs.go:50.2,50.53 1 1
gofr.dev/pkg/gofr/datasource/file/fs.go:53.47,55.2 1 1
gofr.dev/pkg/gofr/datasource/file/fs.go:57.50,59.2 1 1
gofr.dev/pkg/gofr/datasource/file/fs.go:61.59,63.2 1 1
gofr.dev/pkg/gofr/logging/level.go:32.32,33.11 1 0
gofr.dev/pkg/gofr/logging/level.go:34.13,35.20 1 0
gofr.dev/pkg/gofr/logging/level.go:36.12,37.19 1 0
gofr.dev/pkg/gofr/logging/level.go:38.14,39.21 1 0
gofr.dev/pkg/gofr/logging/level.go:40.12,41.19 1 0
gofr.dev/pkg/gofr/logging/level.go:42.13,43.20 1 0
gofr.dev/pkg/gofr/logging/level.go:44.13,45.20 1 0
gofr.dev/pkg/gofr/logging/level.go:46.10,47.12 1 0
gofr.dev/pkg/gofr/logging/level.go:52.29,53.11 1 0
gofr.dev/pkg/gofr/logging/level.go:54.20,55.13 1 0
gofr.dev/pkg/gofr/logging/level.go:56.20,57.13 1 0
gofr.dev/pkg/gofr/logging/level.go:58.12,59.11 1 0
gofr.dev/pkg/gofr/logging/level.go:60.13,61.11 1 0
gofr.dev/pkg/gofr/logging/level.go:62.10,63.12 1 0
gofr.dev/pkg/gofr/logging/level.go:67.46,73.2 4 0
gofr.dev/pkg/gofr/logging/level.go:76.45,77.32 1 0
gofr.dev/pkg/gofr/logging/level.go:78.18,79.15 1 0
gofr.dev/pkg/gofr/logging/level.go:80.17,81.14 1 0
gofr.dev/pkg/gofr/logging/level.go:82.19,83.16 1 0
gofr.dev/pkg/gofr/logging/level.go:84.17,85.14 1 0
gofr.dev/pkg/gofr/logging/level.go:86.18,87.15 1 0
gofr.dev/pkg/gofr/logging/level.go:88.18,89.15 1 0
gofr.dev/pkg/gofr/logging/level.go:90.10,91.14 1 0
gofr.dev/pkg/gofr/logging/logger.go:55.72,56.21 1 0
gofr.dev/pkg/gofr/logging/logger.go:56.21,58.3 1 0
gofr.dev/pkg/gofr/logging/logger.go:60.2,61.20 2 0
gofr.dev/pkg/gofr/logging/logger.go:61.20,63.3 1 0
gofr.dev/pkg/gofr/logging/logger.go:65.2,71.9 2 0
gofr.dev/pkg/gofr/logging/logger.go:72.38,73.26 1 0
gofr.dev/pkg/gofr/logging/logger.go:74.38,75.23 1 0
gofr.dev/pkg/gofr/logging/logger.go:76.20,77.50 1 0
gofr.dev/pkg/gofr/logging/logger.go:80.2,80.18 1 0
gofr.dev/pkg/gofr/logging/logger.go:80.18,82.3 1 0
gofr.dev/pkg/gofr/logging/logger.go:82.8,84.3 1 0
gofr.dev/pkg/gofr/logging/logger.go:87.45,89.2 1 0
gofr.dev/pkg/gofr/logging/logger.go:91.61,93.2 1 0
gofr.dev/pkg/gofr/logging/logger.go:95.44,97.2 1 0
gofr.dev/pkg/gofr/logging/logger.go:99.60,101.2 1 0
gofr.dev/pkg/gofr/logging/logger.go:103.46,105.2 1 0
gofr.dev/pkg/gofr/logging/logger.go:107.62,109.2 1 0
gofr.dev/pkg/gofr/logging/logger.go:111.44,113.2 1 0
gofr.dev/pkg/gofr/logging/logger.go:115.60,117.2 1 0
gofr.dev/pkg/gofr/logging/logger.go:119.43,121.2 1 0
gofr.dev/pkg/gofr/logging/logger.go:123.59,125.2 1 0
gofr.dev/pkg/gofr/logging/logger.go:127.45,129.2 1 0
gofr.dev/pkg/gofr/logging/logger.go:131.61,133.2 1 0
gofr.dev/pkg/gofr/logging/logger.go:135.45,140.2 2 0
gofr.dev/pkg/gofr/logging/logger.go:142.61,145.2 2 0
gofr.dev/pkg/gofr/logging/logger.go:147.57,152.15 2 0
gofr.dev/pkg/gofr/logging/logger.go:152.15,154.3 1 0
gofr.dev/pkg/gofr/logging/logger.go:158.2,158.43 1 0
gofr.dev/pkg/gofr/logging/logger.go:158.43,163.3 2 0
gofr.dev/pkg/gofr/logging/logger.go:163.8,168.3 2 0
gofr.dev/pkg/gofr/logging/logger.go:172.36,184.2 4 0
gofr.dev/pkg/gofr/logging/logger.go:187.40,193.16 2 0
gofr.dev/pkg/gofr/logging/logger.go:193.16,195.3 1 0
gofr.dev/pkg/gofr/logging/logger.go:197.2,198.16 2 0
gofr.dev/pkg/gofr/logging/logger.go:198.16,200.3 1 0
gofr.dev/pkg/gofr/logging/logger.go:202.2,205.10 3 0
gofr.dev/pkg/gofr/logging/logger.go:208.40,209.23 1 0
gofr.dev/pkg/gofr/logging/logger.go:210.16,211.38 1 0
gofr.dev/pkg/gofr/logging/logger.go:212.10,213.15 1 0
gofr.dev/pkg/gofr/logging/logger.go:217.43,219.2 1 0
gofr.dev/pkg/gofr/logging/mock_logger.go:15.40,21.2 1 1
gofr.dev/pkg/gofr/logging/mock_logger.go:23.76,24.21 1 1
gofr.dev/pkg/gofr/logging/mock_logger.go:24.21,26.3 1 0
gofr.dev/pkg/gofr/logging/mock_logger.go:28.2,29.20 2 1
gofr.dev/pkg/gofr/logging/mock_logger.go:29.20,31.3 1 1
gofr.dev/pkg/gofr/logging/mock_logger.go:33.2,35.9 2 1
gofr.dev/pkg/gofr/logging/mock_logger.go:36.38,37.20 1 0
gofr.dev/pkg/gofr/logging/mock_logger.go:38.38,39.17 1 0
gofr.dev/pkg/gofr/logging/mock_logger.go:40.20,41.41 1 1
gofr.dev/pkg/gofr/logging/mock_logger.go:44.2,44.35 1 1
gofr.dev/pkg/gofr/logging/mock_logger.go:47.49,49.2 1 0
gofr.dev/pkg/gofr/logging/mock_logger.go:51.65,53.2 1 0
gofr.dev/pkg/gofr/logging/mock_logger.go:55.48,57.2 1 0
gofr.dev/pkg/gofr/logging/mock_logger.go:59.64,61.2 1 0
gofr.dev/pkg/gofr/logging/mock_logger.go:63.50,65.2 1 0
gofr.dev/pkg/gofr/logging/mock_logger.go:67.66,69.2 1 0
gofr.dev/pkg/gofr/logging/mock_logger.go:71.48,73.2 1 0
gofr.dev/pkg/gofr/logging/mock_logger.go:75.64,77.2 1 0
gofr.dev/pkg/gofr/logging/mock_logger.go:79.49,81.2 1 0
gofr.dev/pkg/gofr/logging/mock_logger.go:83.65,85.2 1 1
gofr.dev/pkg/gofr/logging/mock_logger.go:87.49,89.2 1 0
gofr.dev/pkg/gofr/logging/mock_logger.go:91.65,93.2 1 0
gofr.dev/pkg/gofr/logging/mock_logger.go:95.47,97.2 1 0
gofr.dev/pkg/gofr/logging/mock_logger.go:99.63,101.2 1 0
gofr.dev/pkg/gofr/logging/mock_logger.go:103.47,105.2 1 0
gofr.dev/pkg/gofr/config/godotenv.go:25.60,30.2 3 0
gofr.dev/pkg/gofr/config/godotenv.go:32.41,40.16 3 0
gofr.dev/pkg/gofr/config/godotenv.go:40.16,42.3 1 0
gofr.dev/pkg/gofr/config/godotenv.go:42.8,44.3 1 0
gofr.dev/pkg/gofr/config/godotenv.go:46.2,46.13 1 0
gofr.dev/pkg/gofr/config/godotenv.go:47.10,51.17 2 0
gofr.dev/pkg/gofr/config/godotenv.go:51.17,53.4 1 0
gofr.dev/pkg/gofr/config/godotenv.go:53.9,55.4 1 0
gofr.dev/pkg/gofr/config/godotenv.go:57.10,63.17 3 0
gofr.dev/pkg/gofr/config/godotenv.go:63.17,65.4 1 0
gofr.dev/pkg/gofr/config/godotenv.go:65.9,67.4 1 0
gofr.dev/pkg/gofr/config/godotenv.go:71.44,73.2 1 0
gofr.dev/pkg/gofr/config/godotenv.go:75.67,76.38 1 0
gofr.dev/pkg/gofr/config/godotenv.go:76.38,78.3 1 0
gofr.dev/pkg/gofr/config/godotenv.go:80.2,80.21 1 0
gofr.dev/pkg/gofr/config/mock_config.go:7.56,11.2 1 0
gofr.dev/pkg/gofr/config/mock_config.go:13.43,15.2 1 0
gofr.dev/pkg/gofr/config/mock_config.go:17.55,19.9 2 0
gofr.dev/pkg/gofr/config/mock_config.go:19.9,21.3 1 0
gofr.dev/pkg/gofr/config/mock_config.go:23.2,23.12 1 0
gofr.dev/pkg/gofr/datasource/errors.go:15.33,16.9 1 0
gofr.dev/pkg/gofr/datasource/errors.go:17.23,18.23 1 0
gofr.dev/pkg/gofr/datasource/errors.go:19.20,20.19 1 0
gofr.dev/pkg/gofr/datasource/errors.go:21.10,22.47 1 0
gofr.dev/pkg/gofr/datasource/errors.go:27.38,30.2 2 0
gofr.dev/pkg/gofr/datasource/errors.go:32.35,34.2 1 0
gofr.dev/pkg/gofr/datasource/pubsub/log.go:18.45,21.2 1 0
gofr.dev/pkg/gofr/datasource/pubsub/message.go:23.47,24.16 1 1
gofr.dev/pkg/gofr/datasource/pubsub/message.go:24.16,26.3 1 0
gofr.dev/pkg/gofr/datasource/pubsub/message.go:28.2,28.27 1 1
gofr.dev/pkg/gofr/datasource/pubsub/message.go:31.45,33.2 1 1
gofr.dev/pkg/gofr/datasource/pubsub/message.go:35.42,36.18 1 1
gofr.dev/pkg/gofr/datasource/pubsub/message.go:36.18,38.3 1 1
gofr.dev/pkg/gofr/datasource/pubsub/message.go:40.2,40.11 1 1
gofr.dev/pkg/gofr/datasource/pubsub/message.go:43.46,45.2 1 1
gofr.dev/pkg/gofr/datasource/pubsub/message.go:48.37,49.46 1 1
gofr.dev/pkg/gofr/datasource/pubsub/message.go:49.46,51.3 1 1
gofr.dev/pkg/gofr/datasource/pubsub/message.go:53.2,53.23 1 1
gofr.dev/pkg/gofr/datasource/pubsub/message.go:54.15,55.25 1 1
gofr.dev/pkg/gofr/datasource/pubsub/message.go:56.16,57.26 1 1
gofr.dev/pkg/gofr/datasource/pubsub/message.go:58.12,59.22 1 1
gofr.dev/pkg/gofr/datasource/pubsub/message.go:60.13,61.23 1 1
gofr.dev/pkg/gofr/datasource/pubsub/message.go:62.10,63.25 1 1
gofr.dev/pkg/gofr/datasource/pubsub/message.go:67.47,70.2 2 1
gofr.dev/pkg/gofr/datasource/pubsub/message.go:72.49,74.16 2 1
gofr.dev/pkg/gofr/datasource/pubsub/message.go:74.16,76.3 1 1
gofr.dev/pkg/gofr/datasource/pubsub/message.go:78.2,80.12 2 1
gofr.dev/pkg/gofr/datasource/pubsub/message.go:83.41,85.16 2 1
gofr.dev/pkg/gofr/datasource/pubsub/message.go:85.16,87.3 1 1
gofr.dev/pkg/gofr/datasource/pubsub/message.go:89.2,91.12 2 1
gofr.dev/pkg/gofr/datasource/pubsub/message.go:94.43,96.16 2 1
gofr.dev/pkg/gofr/datasource/pubsub/message.go:96.16,98.3 1 1
gofr.dev/pkg/gofr/datasource/pubsub/message.go:100.2,102.12 2 1
gofr.dev/pkg/gofr/datasource/pubsub/message.go:105.43,107.2 1 1
gofr.dev/pkg/gofr/datasource/pubsub/message.go:109.37,111.2 1 1
gofr.dev/pkg/gofr/config/godotenv.go:25.60,30.2 3 0
gofr.dev/pkg/gofr/config/godotenv.go:32.41,40.16 3 0
gofr.dev/pkg/gofr/config/godotenv.go:40.16,42.3 1 0
gofr.dev/pkg/gofr/config/godotenv.go:42.8,44.3 1 0
gofr.dev/pkg/gofr/config/godotenv.go:46.2,46.13 1 0
gofr.dev/pkg/gofr/config/godotenv.go:47.10,51.17 2 0
gofr.dev/pkg/gofr/config/godotenv.go:51.17,53.4 1 0
gofr.dev/pkg/gofr/config/godotenv.go:53.9,55.4 1 0
gofr.dev/pkg/gofr/config/godotenv.go:57.10,63.17 3 0
gofr.dev/pkg/gofr/config/godotenv.go:63.17,65.4 1 0
gofr.dev/pkg/gofr/config/godotenv.go:65.9,67.4 1 0
gofr.dev/pkg/gofr/config/godotenv.go:71.44,73.2 1 0
gofr.dev/pkg/gofr/config/godotenv.go:75.67,76.38 1 0
gofr.dev/pkg/gofr/config/godotenv.go:76.38,78.3 1 0
gofr.dev/pkg/gofr/config/godotenv.go:80.2,80.21 1 0
gofr.dev/pkg/gofr/config/mock_config.go:7.56,11.2 1 0
gofr.dev/pkg/gofr/config/mock_config.go:13.43,15.2 1 0
gofr.dev/pkg/gofr/config/mock_config.go:17.55,19.9 2 0
gofr.dev/pkg/gofr/config/mock_config.go:19.9,21.3 1 0
gofr.dev/pkg/gofr/config/mock_config.go:23.2,23.12 1 0
gofr.dev/pkg/gofr/datasource/errors.go:15.33,16.9 1 0
gofr.dev/pkg/gofr/datasource/errors.go:17.23,18.23 1 0
gofr.dev/pkg/gofr/datasource/errors.go:19.20,20.19 1 0
gofr.dev/pkg/gofr/datasource/errors.go:21.10,22.47 1 0
gofr.dev/pkg/gofr/datasource/errors.go:27.38,30.2 2 0
gofr.dev/pkg/gofr/datasource/errors.go:32.35,34.2 1 0
gofr.dev/pkg/gofr/datasource/pubsub/log.go:18.45,21.2 1 0
gofr.dev/pkg/gofr/datasource/pubsub/message.go:23.47,24.16 1 1
gofr.dev/pkg/gofr/datasource/pubsub/message.go:24.16,26.3 1 0
gofr.dev/pkg/gofr/datasource/pubsub/message.go:28.2,28.27 1 1
gofr.dev/pkg/gofr/datasource/pubsub/message.go:31.45,33.2 1 1
gofr.dev/pkg/gofr/datasource/pubsub/message.go:35.42,36.18 1 0
gofr.dev/pkg/gofr/datasource/pubsub/message.go:36.18,38.3 1 0
gofr.dev/pkg/gofr/datasource/pubsub/message.go:40.2,40.11 1 0
gofr.dev/pkg/gofr/datasource/pubsub/message.go:43.46,45.2 1 0
gofr.dev/pkg/gofr/datasource/pubsub/message.go:48.37,49.46 1 0
gofr.dev/pkg/gofr/datasource/pubsub/message.go:49.46,51.3 1 0
gofr.dev/pkg/gofr/datasource/pubsub/message.go:53.2,53.23 1 0
gofr.dev/pkg/gofr/datasource/pubsub/message.go:54.15,55.25 1 0
gofr.dev/pkg/gofr/datasource/pubsub/message.go:56.16,57.26 1 0
gofr.dev/pkg/gofr/datasource/pubsub/message.go:58.12,59.22 1 0
gofr.dev/pkg/gofr/datasource/pubsub/message.go:60.13,61.23 1 0
gofr.dev/pkg/gofr/datasource/pubsub/message.go:62.10,63.25 1 0
gofr.dev/pkg/gofr/datasource/pubsub/message.go:67.47,70.2 2 0
gofr.dev/pkg/gofr/datasource/pubsub/message.go:72.49,74.16 2 0
gofr.dev/pkg/gofr/datasource/pubsub/message.go:74.16,76.3 1 0
gofr.dev/pkg/gofr/datasource/pubsub/message.go:78.2,80.12 2 0
gofr.dev/pkg/gofr/datasource/pubsub/message.go:83.41,85.16 2 0
gofr.dev/pkg/gofr/datasource/pubsub/message.go:85.16,87.3 1 0
gofr.dev/pkg/gofr/datasource/pubsub/message.go:89.2,91.12 2 0
gofr.dev/pkg/gofr/datasource/pubsub/message.go:94.43,96.16 2 0
gofr.dev/pkg/gofr/datasource/pubsub/message.go:96.16,98.3 1 0
gofr.dev/pkg/gofr/datasource/pubsub/message.go:100.2,102.12 2 0
gofr.dev/pkg/gofr/datasource/pubsub/message.go:105.43,107.2 1 0
gofr.dev/pkg/gofr/datasource/pubsub/message.go:109.37,111.2 1 0
gofr.dev/pkg/gofr/datasource/pubsub/kafka/health.go:9.59,15.16 4 1
gofr.dev/pkg/gofr/datasource/pubsub/kafka/health.go:15.16,17.3 1 1
gofr.dev/pkg/gofr/datasource/pubsub/kafka/health.go:19.2,24.8 5 1
gofr.dev/pkg/gofr/datasource/pubsub/kafka/health.go:27.59,30.34 2 1
gofr.dev/pkg/gofr/datasource/pubsub/kafka/health.go:30.34,32.73 2 1
gofr.dev/pkg/gofr/datasource/pubsub/kafka/health.go:32.73,34.12 2 0
gofr.dev/pkg/gofr/datasource/pubsub/kafka/health.go:37.3,37.48 1 1
gofr.dev/pkg/gofr/datasource/pubsub/kafka/health.go:40.2,40.20 1 1
gofr.dev/pkg/gofr/datasource/pubsub/kafka/health.go:43.68,46.75 2 1
gofr.dev/pkg/gofr/datasource/pubsub/kafka/health.go:46.75,50.3 2 0
gofr.dev/pkg/gofr/datasource/pubsub/kafka/health.go:52.2,52.20 1 1
gofr.dev/pkg/gofr/datasource/pubsub/kafka/health.go:56.58,58.16 2 1
gofr.dev/pkg/gofr/datasource/pubsub/kafka/health.go:58.16,60.3 1 1
gofr.dev/pkg/gofr/datasource/pubsub/kafka/health.go:62.2,63.16 2 1
gofr.dev/pkg/gofr/datasource/pubsub/kafka/health.go:63.16,65.3 1 0
gofr.dev/pkg/gofr/datasource/pubsub/kafka/health.go:67.2,67.12 1 1
gofr.dev/pkg/gofr/datasource/pubsub/kafka/kafka.go:57.75,59.16 2 1
gofr.dev/pkg/gofr/datasource/pubsub/kafka/kafka.go:59.16,63.3 2 1
gofr.dev/pkg/gofr/datasource/pubsub/kafka/kafka.go:65.2,68.16 3 1
gofr.dev/pkg/gofr/datasource/pubsub/kafka/kafka.go:68.16,76.3 2 1
gofr.dev/pkg/gofr/datasource/pubsub/kafka/kafka.go:78.2,104.3 5 0
gofr.dev/pkg/gofr/datasource/pubsub/kafka/kafka.go:107.41,108.23 1 1
gofr.dev/pkg/gofr/datasource/pubsub/kafka/kafka.go:108.23,110.3 1 1
gofr.dev/pkg/gofr/datasource/pubsub/kafka/kafka.go:112.2,112.25 1 1
gofr.dev/pkg/gofr/datasource/pubsub/kafka/kafka.go:112.25,114.3 1 1
gofr.dev/pkg/gofr/datasource/pubsub/kafka/kafka.go:116.2,116.26 1 1
gofr.dev/pkg/gofr/datasource/pubsub/kafka/kafka.go:116.26,118.3 1 1
gofr.dev/pkg/gofr/datasource/pubsub/kafka/kafka.go:120.2,120.28 1 1
gofr.dev/pkg/gofr/datasource/pubsub/kafka/kafka.go:120.28,122.3 1 1
gofr.dev/pkg/gofr/datasource/pubsub/kafka/kafka.go:124.2,124.12 1 1
gofr.dev/pkg/gofr/datasource/pubsub/kafka/kafka.go:127.88,133.36 4 1
gofr.dev/pkg/gofr/datasource/pubsub/kafka/kafka.go:133.36,135.3 1 1
gofr.dev/pkg/gofr/datasource/pubsub/kafka/kafka.go:137.2,147.16 4 1
gofr.dev/pkg/gofr/datasource/pubsub/kafka/kafka.go:147.16,150.3 2 1
gofr.dev/pkg/gofr/datasource/pubsub/kafka/kafka.go:152.2,164.12 3 1
gofr.dev/pkg/gofr/datasource/pubsub/kafka/kafka.go:167.93,168.36 1 1
gofr.dev/pkg/gofr/datasource/pubsub/kafka/kafka.go:168.36,170.3 1 1
gofr.dev/pkg/gofr/datasource/pubsub/kafka/kafka.go:172.2,181.28 6 1
gofr.dev/pkg/gofr/datasource/pubsub/kafka/kafka.go:181.28,183.3 1 0
gofr.dev/pkg/gofr/datasource/pubsub/kafka/kafka.go:186.2,194.16 5 1
gofr.dev/pkg/gofr/datasource/pubsub/kafka/kafka.go:194.16,198.3 2 1
gofr.dev/pkg/gofr/datasource/pubsub/kafka/kafka.go:200.2,219.15 8 1
gofr.dev/pkg/gofr/datasource/pubsub/kafka/kafka.go:222.37,224.16 2 1
gofr.dev/pkg/gofr/datasource/pubsub/kafka/kafka.go:224.16,228.3 2 1
gofr.dev/pkg/gofr/datasource/pubsub/kafka/kafka.go:230.2,230.12 1 1
gofr.dev/pkg/gofr/datasource/pubsub/kafka/kafka.go:233.57,245.2 2 1
gofr.dev/pkg/gofr/datasource/pubsub/kafka/kafka.go:247.73,249.2 1 1
gofr.dev/pkg/gofr/datasource/pubsub/kafka/kafka.go:251.69,253.2 1 1
gofr.dev/pkg/gofr/datasource/pubsub/kafka/kafka.go:255.73,259.16 3 1
gofr.dev/pkg/gofr/datasource/pubsub/kafka/kafka.go:259.16,261.3 1 1
gofr.dev/pkg/gofr/datasource/pubsub/kafka/kafka.go:263.2,263.12 1 1
gofr.dev/pkg/gofr/datasource/pubsub/kafka/message.go:17.93,23.2 1 1
gofr.dev/pkg/gofr/datasource/pubsub/kafka/message.go:25.36,27.16 2 1
gofr.dev/pkg/gofr/datasource/pubsub/kafka/message.go:27.16,29.3 1 1
gofr.dev/pkg/gofr/datasource/pubsub/kafka/mock_interfaces.go:32.57,36.2 3 1
gofr.dev/pkg/gofr/datasource/pubsub/kafka/mock_interfaces.go:39.55,41.2 1 1
gofr.dev/pkg/gofr/datasource/pubsub/kafka/mock_interfaces.go:44.87,47.25 3 1
gofr.dev/pkg/gofr/datasource/pubsub/kafka/mock_interfaces.go:47.25,49.3 1 1
gofr.dev/pkg/gofr/datasource/pubsub/kafka/mock_interfaces.go:50.2,52.13 3 1
gofr.dev/pkg/gofr/datasource/pubsub/kafka/mock_interfaces.go:56.85,60.2 3 1
gofr.dev/pkg/gofr/datasource/pubsub/kafka/mock_interfaces.go:63.78,69.2 5 1
gofr.dev/pkg/gofr/datasource/pubsub/kafka/mock_interfaces.go:72.69,75.2 2 1
gofr.dev/pkg/gofr/datasource/pubsub/kafka/mock_interfaces.go:78.48,83.2 4 1
gofr.dev/pkg/gofr/datasource/pubsub/kafka/mock_interfaces.go:86.56,89.2 2 1
gofr.dev/pkg/gofr/datasource/pubsub/kafka/mock_interfaces.go:103.57,107.2 3 1
gofr.dev/pkg/gofr/datasource/pubsub/kafka/mock_interfaces.go:110.55,112.2 1 1
gofr.dev/pkg/gofr/datasource/pubsub/kafka/mock_interfaces.go:115.36,120.2 4 1
gofr.dev/pkg/gofr/datasource/pubsub/kafka/mock_interfaces.go:123.56,126.2 2 1
gofr.dev/pkg/gofr/datasource/pubsub/kafka/mock_interfaces.go:129.48,134.2 4 1
gofr.dev/pkg/gofr/datasource/pubsub/kafka/mock_interfaces.go:137.56,140.2 2 1
gofr.dev/pkg/gofr/datasource/pubsub/kafka/mock_interfaces.go:143.85,146.24 3 1
gofr.dev/pkg/gofr/datasource/pubsub/kafka/mock_interfaces.go:146.24,148.3 1 1
gofr.dev/pkg/gofr/datasource/pubsub/kafka/mock_interfaces.go:149.2,151.13 3 1
gofr.dev/pkg/gofr/datasource/pubsub/kafka/mock_interfaces.go:155.83,159.2 3 1
gofr.dev/pkg/gofr/datasource/pubsub/kafka/mock_interfaces.go:173.65,177.2 3 1
gofr.dev/pkg/gofr/datasource/pubsub/kafka/mock_interfaces.go:180.63,182.2 1 1
gofr.dev/pkg/gofr/datasource/pubsub/kafka/mock_interfaces.go:185.61,191.2 5 1
gofr.dev/pkg/gofr/datasource/pubsub/kafka/mock_interfaces.go:194.65,197.2 2 1
gofr.dev/pkg/gofr/datasource/pubsub/kafka/mock_interfaces.go:200.74,203.27 3 1
gofr.dev/pkg/gofr/datasource/pubsub/kafka/mock_interfaces.go:203.27,205.3 1 1
gofr.dev/pkg/gofr/datasource/pubsub/kafka/mock_interfaces.go:206.2,208.13 3 1
gofr.dev/pkg/gofr/datasource/pubsub/kafka/mock_interfaces.go:212.80,215.2 2 1
gofr.dev/pkg/gofr/datasource/pubsub/kafka/mock_interfaces.go:218.63,221.27 3 1
gofr.dev/pkg/gofr/datasource/pubsub/kafka/mock_interfaces.go:221.27,223.3 1 1
gofr.dev/pkg/gofr/datasource/pubsub/kafka/mock_interfaces.go:224.2,226.13 3 1
gofr.dev/pkg/gofr/datasource/pubsub/kafka/mock_interfaces.go:230.80,233.2 2 1
gofr.dev/pkg/gofr/datasource/pubsub/kafka/mock_metrics.go:31.59,35.2 3 1
gofr.dev/pkg/gofr/datasource/pubsub/kafka/mock_metrics.go:38.57,40.2 1 1
gofr.dev/pkg/gofr/datasource/pubsub/kafka/mock_metrics.go:43.92,46.27 3 1
gofr.dev/pkg/gofr/datasource/pubsub/kafka/mock_metrics.go:46.27,48.3 1 1
gofr.dev/pkg/gofr/datasource/pubsub/kafka/mock_metrics.go:49.2,49.48 1 1
gofr.dev/pkg/gofr/datasource/pubsub/kafka/mock_metrics.go:53.96,57.2 3 1
gofr.dev/pkg/gofr/logging/level.go:32.32,33.11 1 0
gofr.dev/pkg/gofr/logging/level.go:34.13,35.20 1 0
gofr.dev/pkg/gofr/logging/level.go:36.12,37.19 1 0
gofr.dev/pkg/gofr/logging/level.go:38.14,39.21 1 0
gofr.dev/pkg/gofr/logging/level.go:40.12,41.19 1 0
gofr.dev/pkg/gofr/logging/level.go:42.13,43.20 1 0
gofr.dev/pkg/gofr/logging/level.go:44.13,45.20 1 0
gofr.dev/pkg/gofr/logging/level.go:46.10,47.12 1 0
gofr.dev/pkg/gofr/logging/level.go:52.29,53.11 1 0
gofr.dev/pkg/gofr/logging/level.go:54.20,55.13 1 0
gofr.dev/pkg/gofr/logging/level.go:56.20,57.13 1 0
gofr.dev/pkg/gofr/logging/level.go:58.12,59.11 1 0
gofr.dev/pkg/gofr/logging/level.go:60.13,61.11 1 0
gofr.dev/pkg/gofr/logging/level.go:62.10,63.12 1 0
gofr.dev/pkg/gofr/logging/level.go:67.46,73.2 4 0
gofr.dev/pkg/gofr/logging/level.go:76.45,77.32 1 0
gofr.dev/pkg/gofr/logging/level.go:78.18,79.15 1 0
gofr.dev/pkg/gofr/logging/level.go:80.17,81.14 1 0
gofr.dev/pkg/gofr/logging/level.go:82.19,83.16 1 0
gofr.dev/pkg/gofr/logging/level.go:84.17,85.14 1 0
gofr.dev/pkg/gofr/logging/level.go:86.18,87.15 1 0
gofr.dev/pkg/gofr/logging/level.go:88.18,89.15 1 0
gofr.dev/pkg/gofr/logging/level.go:90.10,91.14 1 0
gofr.dev/pkg/gofr/logging/logger.go:55.72,56.21 1 0
gofr.dev/pkg/gofr/logging/logger.go:56.21,58.3 1 0
gofr.dev/pkg/gofr/logging/logger.go:60.2,61.20 2 0
gofr.dev/pkg/gofr/logging/logger.go:61.20,63.3 1 0
gofr.dev/pkg/gofr/logging/logger.go:65.2,71.9 2 0
gofr.dev/pkg/gofr/logging/logger.go:72.38,73.26 1 0
gofr.dev/pkg/gofr/logging/logger.go:74.38,75.23 1 0
gofr.dev/pkg/gofr/logging/logger.go:76.20,77.50 1 0
gofr.dev/pkg/gofr/logging/logger.go:80.2,80.18 1 0
gofr.dev/pkg/gofr/logging/logger.go:80.18,82.3 1 0
gofr.dev/pkg/gofr/logging/logger.go:82.8,84.3 1 0
gofr.dev/pkg/gofr/logging/logger.go:87.45,89.2 1 0
gofr.dev/pkg/gofr/logging/logger.go:91.61,93.2 1 0
gofr.dev/pkg/gofr/logging/logger.go:95.44,97.2 1 0
gofr.dev/pkg/gofr/logging/logger.go:99.60,101.2 1 0
gofr.dev/pkg/gofr/logging/logger.go:103.46,105.2 1 0
gofr.dev/pkg/gofr/logging/logger.go:107.62,109.2 1 0
gofr.dev/pkg/gofr/logging/logger.go:111.44,113.2 1 0
gofr.dev/pkg/gofr/logging/logger.go:115.60,117.2 1 0
gofr.dev/pkg/gofr/logging/logger.go:119.43,121.2 1 0
gofr.dev/pkg/gofr/logging/logger.go:123.59,125.2 1 0
gofr.dev/pkg/gofr/logging/logger.go:127.45,129.2 1 0
gofr.dev/pkg/gofr/logging/logger.go:131.61,133.2 1 0
gofr.dev/pkg/gofr/logging/logger.go:135.45,140.2 2 0
gofr.dev/pkg/gofr/logging/logger.go:142.61,145.2 2 0
gofr.dev/pkg/gofr/logging/logger.go:147.57,152.15 2 0
gofr.dev/pkg/gofr/logging/logger.go:152.15,154.3 1 0
gofr.dev/pkg/gofr/logging/logger.go:158.2,158.43 1 0
gofr.dev/pkg/gofr/logging/logger.go:158.43,163.3 2 0
gofr.dev/pkg/gofr/logging/logger.go:163.8,168.3 2 0
gofr.dev/pkg/gofr/logging/logger.go:172.36,184.2 4 0
gofr.dev/pkg/gofr/logging/logger.go:187.40,193.16 2 0
gofr.dev/pkg/gofr/logging/logger.go:193.16,195.3 1 0
gofr.dev/pkg/gofr/logging/logger.go:197.2,198.16 2 0
gofr.dev/pkg/gofr/logging/logger.go:198.16,200.3 1 0
gofr.dev/pkg/gofr/logging/logger.go:202.2,205.10 3 0
gofr.dev/pkg/gofr/logging/logger.go:208.40,209.23 1 0
gofr.dev/pkg/gofr/logging/logger.go:210.16,211.38 1 0
gofr.dev/pkg/gofr/logging/logger.go:212.10,213.15 1 0
gofr.dev/pkg/gofr/logging/logger.go:217.43,219.2 1 0
gofr.dev/pkg/gofr/logging/mock_logger.go:15.40,21.2 1 1
gofr.dev/pkg/gofr/logging/mock_logger.go:23.76,24.21 1 1
gofr.dev/pkg/gofr/logging/mock_logger.go:24.21,26.3 1 1
gofr.dev/pkg/gofr/logging/mock_logger.go:28.2,29.20 2 1
gofr.dev/pkg/gofr/logging/mock_logger.go:29.20,31.3 1 1
gofr.dev/pkg/gofr/logging/mock_logger.go:33.2,35.9 2 1
gofr.dev/pkg/gofr/logging/mock_logger.go:36.38,37.20 1 0
gofr.dev/pkg/gofr/logging/mock_logger.go:38.38,39.17 1 0
gofr.dev/pkg/gofr/logging/mock_logger.go:40.20,41.41 1 1
gofr.dev/pkg/gofr/logging/mock_logger.go:44.2,44.35 1 1
gofr.dev/pkg/gofr/logging/mock_logger.go:47.49,49.2 1 1
gofr.dev/pkg/gofr/logging/mock_logger.go:51.65,53.2 1 1
gofr.dev/pkg/gofr/logging/mock_logger.go:55.48,57.2 1 0
gofr.dev/pkg/gofr/logging/mock_logger.go:59.64,61.2 1 0
gofr.dev/pkg/gofr/logging/mock_logger.go:63.50,65.2 1 0
gofr.dev/pkg/gofr/logging/mock_logger.go:67.66,69.2 1 0
gofr.dev/pkg/gofr/logging/mock_logger.go:71.48,73.2 1 0
gofr.dev/pkg/gofr/logging/mock_logger.go:75.64,77.2 1 0
gofr.dev/pkg/gofr/logging/mock_logger.go:79.49,81.2 1 0
gofr.dev/pkg/gofr/logging/mock_logger.go:83.65,85.2 1 1
gofr.dev/pkg/gofr/logging/mock_logger.go:87.49,89.2 1 0
gofr.dev/pkg/gofr/logging/mock_logger.go:91.65,93.2 1 0
gofr.dev/pkg/gofr/logging/mock_logger.go:95.47,97.2 1 0
gofr.dev/pkg/gofr/logging/mock_logger.go:99.63,101.2 1 0
gofr.dev/pkg/gofr/logging/mock_logger.go:103.47,105.2 1 0
gofr.dev/pkg/gofr/testutil/error.go:7.37,9.2 1 1
gofr.dev/pkg/gofr/testutil/os.go:8.43,21.2 8 1
gofr.dev/pkg/gofr/testutil/os.go:23.43,36.2 8 1
gofr.dev/pkg/gofr/config/godotenv.go:25.60,30.2 3 0
gofr.dev/pkg/gofr/config/godotenv.go:32.41,40.16 3 0
gofr.dev/pkg/gofr/config/godotenv.go:40.16,42.3 1 0
gofr.dev/pkg/gofr/config/godotenv.go:42.8,44.3 1 0
gofr.dev/pkg/gofr/config/godotenv.go:46.2,46.13 1 0
gofr.dev/pkg/gofr/config/godotenv.go:47.10,51.17 2 0
gofr.dev/pkg/gofr/config/godotenv.go:51.17,53.4 1 0
gofr.dev/pkg/gofr/config/godotenv.go:53.9,55.4 1 0
gofr.dev/pkg/gofr/config/godotenv.go:57.10,63.17 3 0
gofr.dev/pkg/gofr/config/godotenv.go:63.17,65.4 1 0
gofr.dev/pkg/gofr/config/godotenv.go:65.9,67.4 1 0
gofr.dev/pkg/gofr/config/godotenv.go:71.44,73.2 1 0
gofr.dev/pkg/gofr/config/godotenv.go:75.67,76.38 1 0
gofr.dev/pkg/gofr/config/godotenv.go:76.38,78.3 1 0
gofr.dev/pkg/gofr/config/godotenv.go:80.2,80.21 1 0
gofr.dev/pkg/gofr/config/mock_config.go:7.56,11.2 1 0
gofr.dev/pkg/gofr/config/mock_config.go:13.43,15.2 1 0
gofr.dev/pkg/gofr/config/mock_config.go:17.55,19.9 2 0
gofr.dev/pkg/gofr/config/mock_config.go:19.9,21.3 1 0
gofr.dev/pkg/gofr/config/mock_config.go:23.2,23.12 1 0
gofr.dev/pkg/gofr/datasource/errors.go:15.33,16.9 1 0
gofr.dev/pkg/gofr/datasource/errors.go:17.23,18.23 1 0
gofr.dev/pkg/gofr/datasource/errors.go:19.20,20.19 1 0
gofr.dev/pkg/gofr/datasource/errors.go:21.10,22.47 1 0
gofr.dev/pkg/gofr/datasource/errors.go:27.38,30.2 2 0
gofr.dev/pkg/gofr/datasource/errors.go:32.35,34.2 1 0
gofr.dev/pkg/gofr/datasource/pubsub/log.go:18.45,21.2 1 0
gofr.dev/pkg/gofr/datasource/pubsub/message.go:23.47,24.16 1 0
gofr.dev/pkg/gofr/datasource/pubsub/message.go:24.16,26.3 1 0
gofr.dev/pkg/gofr/datasource/pubsub/message.go:28.2,28.27 1 0
gofr.dev/pkg/gofr/datasource/pubsub/message.go:31.45,33.2 1 0
gofr.dev/pkg/gofr/datasource/pubsub/message.go:35.42,36.18 1 0
gofr.dev/pkg/gofr/datasource/pubsub/message.go:36.18,38.3 1 0
gofr.dev/pkg/gofr/datasource/pubsub/message.go:40.2,40.11 1 0
gofr.dev/pkg/gofr/datasource/pubsub/message.go:43.46,45.2 1 0
gofr.dev/pkg/gofr/datasource/pubsub/message.go:48.37,49.46 1 0
gofr.dev/pkg/gofr/datasource/pubsub/message.go:49.46,51.3 1 0
gofr.dev/pkg/gofr/datasource/pubsub/message.go:53.2,53.23 1 0
gofr.dev/pkg/gofr/datasource/pubsub/message.go:54.15,55.25 1 0
gofr.dev/pkg/gofr/datasource/pubsub/message.go:56.16,57.26 1 0
gofr.dev/pkg/gofr/datasource/pubsub/message.go:58.12,59.22 1 0
gofr.dev/pkg/gofr/datasource/pubsub/message.go:60.13,61.23 1 0
gofr.dev/pkg/gofr/datasource/pubsub/message.go:62.10,63.25 1 0
gofr.dev/pkg/gofr/datasource/pubsub/message.go:67.47,70.2 2 0
gofr.dev/pkg/gofr/datasource/pubsub/message.go:72.49,74.16 2 0
gofr.dev/pkg/gofr/datasource/pubsub/message.go:74.16,76.3 1 0
gofr.dev/pkg/gofr/datasource/pubsub/message.go:78.2,80.12 2 0
gofr.dev/pkg/gofr/datasource/pubsub/message.go:83.41,85.16 2 0
gofr.dev/pkg/gofr/datasource/pubsub/message.go:85.16,87.3 1 0
gofr.dev/pkg/gofr/datasource/pubsub/message.go:89.2,91.12 2 0
gofr.dev/pkg/gofr/datasource/pubsub/message.go:94.43,96.16 2 0
gofr.dev/pkg/gofr/datasource/pubsub/message.go:96.16,98.3 1 0
gofr.dev/pkg/gofr/datasource/pubsub/message.go:100.2,102.12 2 0
gofr.dev/pkg/gofr/datasource/pubsub/message.go:105.43,107.2 1 0
gofr.dev/pkg/gofr/datasource/pubsub/message.go:109.37,111.2 1 0
gofr.dev/pkg/gofr/datasource/pubsub/google/google.go:36.76,38.16 2 1
gofr.dev/pkg/gofr/datasource/pubsub/google/google.go:38.16,42.3 2 1
gofr.dev/pkg/gofr/datasource/pubsub/google/google.go:44.2,47.16 3 0
gofr.dev/pkg/gofr/datasource/pubsub/google/google.go:47.16,51.3 1 0
gofr.dev/pkg/gofr/datasource/pubsub/google/google.go:53.2,60.3 2 0
gofr.dev/pkg/gofr/datasource/pubsub/google/google.go:63.42,64.26 1 1
gofr.dev/pkg/gofr/datasource/pubsub/google/google.go:64.26,66.3 1 1
gofr.dev/pkg/gofr/datasource/pubsub/google/google.go:68.2,68.33 1 1
gofr.dev/pkg/gofr/datasource/pubsub/google/google.go:68.33,70.3 1 1
gofr.dev/pkg/gofr/datasource/pubsub/google/google.go:72.2,72.12 1 1
gofr.dev/pkg/gofr/datasource/pubsub/google/google.go:75.89,82.16 5 1
gofr.dev/pkg/gofr/datasource/pubsub/google/google.go:82.16,86.3 2 1
gofr.dev/pkg/gofr/datasource/pubsub/google/google.go:88.2,96.16 5 1
gofr.dev/pkg/gofr/datasource/pubsub/google/google.go:96.16,100.3 2 0
gofr.dev/pkg/gofr/datasource/pubsub/google/google.go:102.2,114.12 3 1
gofr.dev/pkg/gofr/datasource/pubsub/google/google.go:117.94,126.16 6 0
gofr.dev/pkg/gofr/datasource/pubsub/google/google.go:126.16,128.3 1 0
gofr.dev/pkg/gofr/datasource/pubsub/google/google.go:130.2,131.16 2 0
gofr.dev/pkg/gofr/datasource/pubsub/google/google.go:131.16,133.3 1 0
gofr.dev/pkg/gofr/datasource/pubsub/google/google.go:135.2,138.81 3 0
gofr.dev/pkg/gofr/datasource/pubsub/google/google.go:138.81,157.3 7 0
gofr.dev/pkg/gofr/datasource/pubsub/google/google.go:159.2,159.16 1 0
gofr.dev/pkg/gofr/datasource/pubsub/google/google.go:159.16,163.3 2 0
gofr.dev/pkg/gofr/datasource/pubsub/google/google.go:165.2,167.15 2 0
gofr.dev/pkg/gofr/datasource/pubsub/google/google.go:170.93,174.49 2 1
gofr.dev/pkg/gofr/datasource/pubsub/google/google.go:174.49,176.28 2 1
gofr.dev/pkg/gofr/datasource/pubsub/google/google.go:176.28,178.4 1 1
gofr.dev/pkg/gofr/datasource/pubsub/google/google.go:181.2,181.15 1 1
gofr.dev/pkg/gofr/datasource/pubsub/google/google.go:184.116,189.16 3 1
gofr.dev/pkg/gofr/datasource/pubsub/google/google.go:189.16,193.3 2 0
gofr.dev/pkg/gofr/datasource/pubsub/google/google.go:196.2,196.9 1 1
gofr.dev/pkg/gofr/datasource/pubsub/google/google.go:196.9,201.17 2 1
gofr.dev/pkg/gofr/datasource/pubsub/google/google.go:201.17,203.4 1 0
gofr.dev/pkg/gofr/datasource/pubsub/google/google.go:206.2,206.26 1 1
gofr.dev/pkg/gofr/datasource/pubsub/google/google.go:209.76,212.68 2 0
gofr.dev/pkg/gofr/datasource/pubsub/google/google.go:212.68,214.3 1 0
gofr.dev/pkg/gofr/datasource/pubsub/google/google.go:216.2,216.12 1 0
gofr.dev/pkg/gofr/datasource/pubsub/google/google.go:219.76,222.73 2 0
gofr.dev/pkg/gofr/datasource/pubsub/google/google.go:222.73,224.3 1 0
gofr.dev/pkg/gofr/datasource/pubsub/google/google.go:226.2,226.12 1 0
gofr.dev/pkg/gofr/datasource/pubsub/google/health.go:12.60,24.84 8 0
gofr.dev/pkg/gofr/datasource/pubsub/google/health.go:24.84,26.3 1 0
gofr.dev/pkg/gofr/datasource/pubsub/google/health.go:28.2,28.15 1 0
gofr.dev/pkg/gofr/datasource/pubsub/google/health.go:32.91,44.6 7 0
gofr.dev/pkg/gofr/datasource/pubsub/google/health.go:44.6,46.36 2 0
gofr.dev/pkg/gofr/datasource/pubsub/google/health.go:46.36,47.9 1 0
gofr.dev/pkg/gofr/datasource/pubsub/google/health.go:50.3,50.17 1 0
gofr.dev/pkg/gofr/datasource/pubsub/google/health.go:50.17,53.9 2 0
gofr.dev/pkg/gofr/datasource/pubsub/google/health.go:56.3,56.19 1 0
gofr.dev/pkg/gofr/datasource/pubsub/google/health.go:56.19,58.4 1 0
gofr.dev/pkg/gofr/datasource/pubsub/google/health.go:61.2,61.24 1 0
gofr.dev/pkg/gofr/datasource/pubsub/google/health.go:65.91,77.6 7 0
gofr.dev/pkg/gofr/datasource/pubsub/google/health.go:77.6,79.36 2 0
gofr.dev/pkg/gofr/datasource/pubsub/google/health.go:79.36,80.9 1 0
gofr.dev/pkg/gofr/datasource/pubsub/google/health.go:83.3,83.17 1 0
gofr.dev/pkg/gofr/datasource/pubsub/google/health.go:83.17,86.9 2 0
gofr.dev/pkg/gofr/datasource/pubsub/google/health.go:89.3,89.26 1 0
gofr.dev/pkg/gofr/datasource/pubsub/google/health.go:89.26,91.4 1 0
gofr.dev/pkg/gofr/datasource/pubsub/google/health.go:94.2,94.24 1 0
gofr.dev/pkg/gofr/datasource/pubsub/google/message.go:11.61,13.2 1 1
gofr.dev/pkg/gofr/datasource/pubsub/google/message.go:15.35,17.2 1 1
gofr.dev/pkg/gofr/datasource/pubsub/google/mock_metrics.go:31.59,35.2 3 1
gofr.dev/pkg/gofr/datasource/pubsub/google/mock_metrics.go:38.57,40.2 1 1
gofr.dev/pkg/gofr/datasource/pubsub/google/mock_metrics.go:43.92,46.27 3 1
gofr.dev/pkg/gofr/datasource/pubsub/google/mock_metrics.go:46.27,48.3 1 1
gofr.dev/pkg/gofr/datasource/pubsub/google/mock_metrics.go:49.2,49.48 1 1
gofr.dev/pkg/gofr/datasource/pubsub/google/mock_metrics.go:53.96,57.2 3 1
gofr.dev/pkg/gofr/logging/level.go:32.32,33.11 1 0
gofr.dev/pkg/gofr/logging/level.go:34.13,35.20 1 0
gofr.dev/pkg/gofr/logging/level.go:36.12,37.19 1 0
gofr.dev/pkg/gofr/logging/level.go:38.14,39.21 1 0
gofr.dev/pkg/gofr/logging/level.go:40.12,41.19 1 0
gofr.dev/pkg/gofr/logging/level.go:42.13,43.20 1 0
gofr.dev/pkg/gofr/logging/level.go:44.13,45.20 1 0
gofr.dev/pkg/gofr/logging/level.go:46.10,47.12 1 0
gofr.dev/pkg/gofr/logging/level.go:52.29,53.11 1 0
gofr.dev/pkg/gofr/logging/level.go:54.20,55.13 1 0
gofr.dev/pkg/gofr/logging/level.go:56.20,57.13 1 0
gofr.dev/pkg/gofr/logging/level.go:58.12,59.11 1 0
gofr.dev/pkg/gofr/logging/level.go:60.13,61.11 1 0
gofr.dev/pkg/gofr/logging/level.go:62.10,63.12 1 0
gofr.dev/pkg/gofr/logging/level.go:67.46,73.2 4 0
gofr.dev/pkg/gofr/logging/level.go:76.45,77.32 1 0
gofr.dev/pkg/gofr/logging/level.go:78.18,79.15 1 0
gofr.dev/pkg/gofr/logging/level.go:80.17,81.14 1 0
gofr.dev/pkg/gofr/logging/level.go:82.19,83.16 1 0
gofr.dev/pkg/gofr/logging/level.go:84.17,85.14 1 0
gofr.dev/pkg/gofr/logging/level.go:86.18,87.15 1 0
gofr.dev/pkg/gofr/logging/level.go:88.18,89.15 1 0
gofr.dev/pkg/gofr/logging/level.go:90.10,91.14 1 0
gofr.dev/pkg/gofr/logging/logger.go:55.72,56.21 1 0
gofr.dev/pkg/gofr/logging/logger.go:56.21,58.3 1 0
gofr.dev/pkg/gofr/logging/logger.go:60.2,61.20 2 0
gofr.dev/pkg/gofr/logging/logger.go:61.20,63.3 1 0
gofr.dev/pkg/gofr/logging/logger.go:65.2,71.9 2 0
gofr.dev/pkg/gofr/logging/logger.go:72.38,73.26 1 0
gofr.dev/pkg/gofr/logging/logger.go:74.38,75.23 1 0
gofr.dev/pkg/gofr/logging/logger.go:76.20,77.50 1 0
gofr.dev/pkg/gofr/logging/logger.go:80.2,80.18 1 0
gofr.dev/pkg/gofr/logging/logger.go:80.18,82.3 1 0
gofr.dev/pkg/gofr/logging/logger.go:82.8,84.3 1 0
gofr.dev/pkg/gofr/logging/logger.go:87.45,89.2 1 0
gofr.dev/pkg/gofr/logging/logger.go:91.61,93.2 1 0
gofr.dev/pkg/gofr/logging/logger.go:95.44,97.2 1 0
gofr.dev/pkg/gofr/logging/logger.go:99.60,101.2 1 0
gofr.dev/pkg/gofr/logging/logger.go:103.46,105.2 1 0
gofr.dev/pkg/gofr/logging/logger.go:107.62,109.2 1 0
gofr.dev/pkg/gofr/logging/logger.go:111.44,113.2 1 0
gofr.dev/pkg/gofr/logging/logger.go:115.60,117.2 1 0
gofr.dev/pkg/gofr/logging/logger.go:119.43,121.2 1 0
gofr.dev/pkg/gofr/logging/logger.go:123.59,125.2 1 0
gofr.dev/pkg/gofr/logging/logger.go:127.45,129.2 1 0
gofr.dev/pkg/gofr/logging/logger.go:131.61,133.2 1 0
gofr.dev/pkg/gofr/logging/logger.go:135.45,140.2 2 0
gofr.dev/pkg/gofr/logging/logger.go:142.61,145.2 2 0
gofr.dev/pkg/gofr/logging/logger.go:147.57,152.15 2 0
gofr.dev/pkg/gofr/logging/logger.go:152.15,154.3 1 0
gofr.dev/pkg/gofr/logging/logger.go:158.2,158.43 1 0
gofr.dev/pkg/gofr/logging/logger.go:158.43,163.3 2 0
gofr.dev/pkg/gofr/logging/logger.go:163.8,168.3 2 0
gofr.dev/pkg/gofr/logging/logger.go:172.36,184.2 4 0
gofr.dev/pkg/gofr/logging/logger.go:187.40,193.16 2 0
gofr.dev/pkg/gofr/logging/logger.go:193.16,195.3 1 0
gofr.dev/pkg/gofr/logging/logger.go:197.2,198.16 2 0
gofr.dev/pkg/gofr/logging/logger.go:198.16,200.3 1 0
gofr.dev/pkg/gofr/logging/logger.go:202.2,205.10 3 0
gofr.dev/pkg/gofr/logging/logger.go:208.40,209.23 1 0
gofr.dev/pkg/gofr/logging/logger.go:210.16,211.38 1 0
gofr.dev/pkg/gofr/logging/logger.go:212.10,213.15 1 0
gofr.dev/pkg/gofr/logging/logger.go:217.43,219.2 1 0
gofr.dev/pkg/gofr/logging/mock_logger.go:15.40,21.2 1 1
gofr.dev/pkg/gofr/logging/mock_logger.go:23.76,24.21 1 1
gofr.dev/pkg/gofr/logging/mock_logger.go:24.21,26.3 1 0
gofr.dev/pkg/gofr/logging/mock_logger.go:28.2,29.20 2 1
gofr.dev/pkg/gofr/logging/mock_logger.go:29.20,31.3 1 1
gofr.dev/pkg/gofr/logging/mock_logger.go:33.2,35.9 2 1
gofr.dev/pkg/gofr/logging/mock_logger.go:36.38,37.20 1 0
gofr.dev/pkg/gofr/logging/mock_logger.go:38.38,39.17 1 0
gofr.dev/pkg/gofr/logging/mock_logger.go:40.20,41.41 1 1
gofr.dev/pkg/gofr/logging/mock_logger.go:44.2,44.35 1 1
gofr.dev/pkg/gofr/logging/mock_logger.go:47.49,49.2 1 1
gofr.dev/pkg/gofr/logging/mock_logger.go:51.65,53.2 1 0
gofr.dev/pkg/gofr/logging/mock_logger.go:55.48,57.2 1 0
gofr.dev/pkg/gofr/logging/mock_logger.go:59.64,61.2 1 0
gofr.dev/pkg/gofr/logging/mock_logger.go:63.50,65.2 1 0
gofr.dev/pkg/gofr/logging/mock_logger.go:67.66,69.2 1 0
gofr.dev/pkg/gofr/logging/mock_logger.go:71.48,73.2 1 0
gofr.dev/pkg/gofr/logging/mock_logger.go:75.64,77.2 1 0
gofr.dev/pkg/gofr/logging/mock_logger.go:79.49,81.2 1 0
gofr.dev/pkg/gofr/logging/mock_logger.go:83.65,85.2 1 1
gofr.dev/pkg/gofr/logging/mock_logger.go:87.49,89.2 1 0
gofr.dev/pkg/gofr/logging/mock_logger.go:91.65,93.2 1 0
gofr.dev/pkg/gofr/logging/mock_logger.go:95.47,97.2 1 0
gofr.dev/pkg/gofr/logging/mock_logger.go:99.63,101.2 1 0
gofr.dev/pkg/gofr/logging/mock_logger.go:103.47,105.2 1 0
gofr.dev/pkg/gofr/testutil/error.go:7.37,9.2 1 0
gofr.dev/pkg/gofr/testutil/os.go:8.43,21.2 8 1
gofr.dev/pkg/gofr/testutil/os.go:23.43,36.2 8 1
gofr.dev/pkg/gofr/config/godotenv.go:25.60,30.2 3 1
gofr.dev/pkg/gofr/config/godotenv.go:32.41,40.16 3 1
gofr.dev/pkg/gofr/config/godotenv.go:40.16,42.3 1 1
gofr.dev/pkg/gofr/config/godotenv.go:42.8,44.3 1 0
gofr.dev/pkg/gofr/config/godotenv.go:46.2,46.13 1 1
gofr.dev/pkg/gofr/config/godotenv.go:47.10,51.17 2 0
gofr.dev/pkg/gofr/config/godotenv.go:51.17,53.4 1 0
gofr.dev/pkg/gofr/config/godotenv.go:53.9,55.4 1 0
gofr.dev/pkg/gofr/config/godotenv.go:57.10,63.17 3 1
gofr.dev/pkg/gofr/config/godotenv.go:63.17,65.4 1 1
gofr.dev/pkg/gofr/config/godotenv.go:65.9,67.4 1 0
gofr.dev/pkg/gofr/config/godotenv.go:71.44,73.2 1 1
gofr.dev/pkg/gofr/config/godotenv.go:75.67,76.38 1 1
gofr.dev/pkg/gofr/config/godotenv.go:76.38,78.3 1 0
gofr.dev/pkg/gofr/config/godotenv.go:80.2,80.21 1 1
gofr.dev/pkg/gofr/config/mock_config.go:7.56,11.2 1 1
gofr.dev/pkg/gofr/config/mock_config.go:13.43,15.2 1 1
gofr.dev/pkg/gofr/config/mock_config.go:17.55,19.9 2 1
gofr.dev/pkg/gofr/config/mock_config.go:19.9,21.3 1 1
gofr.dev/pkg/gofr/config/mock_config.go:23.2,23.12 1 1
gofr.dev/pkg/gofr/container/container.go:47.50,48.17 1 1
gofr.dev/pkg/gofr/container/container.go:48.17,50.3 1 1
gofr.dev/pkg/gofr/container/container.go:52.2,59.10 3 1
gofr.dev/pkg/gofr/container/container.go:62.48,63.21 1 1
gofr.dev/pkg/gofr/container/container.go:63.21,65.3 1 1
gofr.dev/pkg/gofr/container/container.go:67.2,67.24 1 1
gofr.dev/pkg/gofr/container/container.go:67.24,69.3 1 1
gofr.dev/pkg/gofr/container/container.go:71.2,71.21 1 1
gofr.dev/pkg/gofr/container/container.go:71.21,74.3 1 1
gofr.dev/pkg/gofr/container/container.go:76.2,91.53 7 1
gofr.dev/pkg/gofr/container/container.go:92.15,93.38 1 0
gofr.dev/pkg/gofr/container/container.go:93.38,109.4 6 0
gofr.dev/pkg/gofr/container/container.go:110.16,114.33 1 1
gofr.dev/pkg/gofr/container/container.go:115.14,121.31 4 1
gofr.dev/pkg/gofr/container/container.go:122.12,123.11 1 0
gofr.dev/pkg/gofr/container/container.go:124.12,125.11 1 0
gofr.dev/pkg/gofr/container/container.go:126.11,127.11 1 1
gofr.dev/pkg/gofr/container/container.go:130.3,141.59 2 1
gofr.dev/pkg/gofr/container/container.go:144.2,144.29 1 1
gofr.dev/pkg/gofr/container/container.go:149.69,151.2 1 1
gofr.dev/pkg/gofr/container/container.go:153.47,155.2 1 1
gofr.dev/pkg/gofr/container/container.go:157.48,166.2 7 1
gofr.dev/pkg/gofr/container/container.go:166.2,170.3 3 1
gofr.dev/pkg/gofr/container/container.go:172.2,175.3 2 1
gofr.dev/pkg/gofr/container/container.go:177.2,182.3 4 1
gofr.dev/pkg/gofr/container/container.go:185.2,188.108 4 1
gofr.dev/pkg/gofr/container/container.go:191.41,193.2 1 1
gofr.dev/pkg/gofr/container/container.go:195.44,197.2 1 1
gofr.dev/pkg/gofr/container/container.go:199.53,201.2 1 1
gofr.dev/pkg/gofr/container/container.go:203.55,205.2 1 1
gofr.dev/pkg/gofr/container/health.go:8.61,16.19 3 1
gofr.dev/pkg/gofr/container/health.go:16.19,18.34 2 1
gofr.dev/pkg/gofr/container/health.go:18.34,20.4 1 1
gofr.dev/pkg/gofr/container/health.go:22.3,22.28 1 1
gofr.dev/pkg/gofr/container/health.go:25.2,25.21 1 1
gofr.dev/pkg/gofr/container/health.go:25.21,27.34 2 1
gofr.dev/pkg/gofr/container/health.go:27.34,29.4 1 1
gofr.dev/pkg/gofr/container/health.go:31.3,31.30 1 1
gofr.dev/pkg/gofr/container/health.go:34.2,34.21 1 1
gofr.dev/pkg/gofr/container/health.go:34.21,36.34 2 0
gofr.dev/pkg/gofr/container/health.go:36.34,38.4 1 0
gofr.dev/pkg/gofr/container/health.go:40.3,40.31 1 0
gofr.dev/pkg/gofr/container/health.go:43.2,43.36 1 1
gofr.dev/pkg/gofr/container/health.go:43.36,45.34 2 1
gofr.dev/pkg/gofr/container/health.go:45.34,47.4 1 0
gofr.dev/pkg/gofr/container/health.go:49.3,49.27 1 1
gofr.dev/pkg/gofr/container/health.go:52.2,54.18 2 1
gofr.dev/pkg/gofr/container/health.go:57.80,61.20 3 1
gofr.dev/pkg/gofr/container/health.go:61.20,63.3 1 1
gofr.dev/pkg/gofr/container/health.go:63.8,65.3 1 1
gofr.dev/pkg/gofr/container/health.go:68.32,74.2 2 1
gofr.dev/pkg/gofr/container/mock_container.go:24.57,60.2 18 1
gofr.dev/pkg/gofr/container/mock_container.go:65.69,67.2 1 0
gofr.dev/pkg/gofr/container/mock_container.go:69.69,71.2 1 0
gofr.dev/pkg/gofr/container/mock_container.go:73.49,75.2 1 0
gofr.dev/pkg/gofr/container/mock_container.go:77.75,79.2 1 0
gofr.dev/pkg/gofr/container/mock_container.go:81.86,83.2 1 0
gofr.dev/pkg/gofr/container/mock_metrics.go:31.59,35.2 3 1
gofr.dev/pkg/gofr/container/mock_metrics.go:38.57,40.2 1 1
gofr.dev/pkg/gofr/container/mock_metrics.go:43.109,46.27 3 0
gofr.dev/pkg/gofr/container/mock_metrics.go:46.27,48.3 1 0
gofr.dev/pkg/gofr/container/mock_metrics.go:49.2,49.50 1 0
gofr.dev/pkg/gofr/container/mock_metrics.go:53.105,57.2 3 0
gofr.dev/pkg/gofr/container/mock_metrics.go:60.92,63.27 3 0
gofr.dev/pkg/gofr/container/mock_metrics.go:63.27,65.3 1 0
gofr.dev/pkg/gofr/container/mock_metrics.go:66.2,66.48 1 0
gofr.dev/pkg/gofr/container/mock_metrics.go:70.96,74.2 3 0
gofr.dev/pkg/gofr/container/mock_metrics.go:77.53,80.2 2 0
gofr.dev/pkg/gofr/container/mock_metrics.go:83.76,86.2 2 0
gofr.dev/pkg/gofr/container/mock_metrics.go:89.51,92.2 2 0
gofr.dev/pkg/gofr/container/mock_metrics.go:95.74,98.2 2 0
gofr.dev/pkg/gofr/container/mock_metrics.go:101.75,104.28 3 0
gofr.dev/pkg/gofr/container/mock_metrics.go:104.28,106.3 1 0
gofr.dev/pkg/gofr/container/mock_metrics.go:107.2,107.44 1 0
gofr.dev/pkg/gofr/container/mock_metrics.go:111.94,115.2 3 0
gofr.dev/pkg/gofr/container/mock_metrics.go:118.59,121.2 2 0
gofr.dev/pkg/gofr/container/mock_metrics.go:124.82,127.2 2 0
gofr.dev/pkg/gofr/container/mock_metrics.go:130.106,133.27 3 0
gofr.dev/pkg/gofr/container/mock_metrics.go:133.27,135.3 1 0
gofr.dev/pkg/gofr/container/mock_metrics.go:136.2,136.47 1 0
gofr.dev/pkg/gofr/container/mock_metrics.go:140.102,144.2 3 1
gofr.dev/pkg/gofr/container/mock_metrics.go:147.78,150.27 3 0
gofr.dev/pkg/gofr/container/mock_metrics.go:150.27,152.3 1 0
gofr.dev/pkg/gofr/container/mock_metrics.go:153.2,153.40 1 0
gofr.dev/pkg/gofr/container/mock_metrics.go:157.90,161.2 3 0
gofr.dev/pkg/gofr/datasource/errors.go:15.33,16.9 1 0
gofr.dev/pkg/gofr/datasource/errors.go:17.23,18.23 1 0
gofr.dev/pkg/gofr/datasource/errors.go:19.20,20.19 1 0
gofr.dev/pkg/gofr/datasource/errors.go:21.10,22.47 1 0
gofr.dev/pkg/gofr/datasource/errors.go:27.38,30.2 2 0
gofr.dev/pkg/gofr/datasource/errors.go:32.35,34.2 1 0
gofr.dev/pkg/gofr/datasource/file/file.go:51.55,52.47 1 0
gofr.dev/pkg/gofr/datasource/file/file.go:52.47,54.3 1 0
gofr.dev/pkg/gofr/datasource/file/file.go:56.2,56.37 1 0
gofr.dev/pkg/gofr/datasource/file/file.go:60.64,64.16 3 0
gofr.dev/pkg/gofr/datasource/file/file.go:64.16,67.3 2 0
gofr.dev/pkg/gofr/datasource/file/file.go:69.2,69.49 1 0
gofr.dev/pkg/gofr/datasource/file/file.go:69.49,72.3 1 0
gofr.dev/pkg/gofr/datasource/file/file.go:75.2,75.35 1 0
gofr.dev/pkg/gofr/datasource/file/file.go:79.72,83.16 3 0
gofr.dev/pkg/gofr/datasource/file/file.go:83.16,85.3 1 0
gofr.dev/pkg/gofr/datasource/file/file.go:87.2,87.19 1 0
gofr.dev/pkg/gofr/datasource/file/file.go:91.70,94.39 2 0
gofr.dev/pkg/gofr/datasource/file/file.go:94.39,97.3 2 0
gofr.dev/pkg/gofr/datasource/file/file.go:99.2,100.16 2 0
gofr.dev/pkg/gofr/datasource/file/file.go:100.16,103.3 2 0
gofr.dev/pkg/gofr/datasource/file/file.go:105.2,107.43 2 0
gofr.dev/pkg/gofr/datasource/file/file.go:110.58,115.2 1 0
gofr.dev/pkg/gofr/datasource/file/file.go:118.33,120.2 1 0
gofr.dev/pkg/gofr/datasource/file/file.go:123.47,125.2 1 0
gofr.dev/pkg/gofr/datasource/file/file.go:128.33,130.2 1 0
gofr.dev/pkg/gofr/datasource/file/file.go:133.47,134.28 1 0
gofr.dev/pkg/gofr/datasource/file/file.go:135.15,137.13 2 0
gofr.dev/pkg/gofr/datasource/file/file.go:138.10,139.23 1 0
gofr.dev/pkg/gofr/datasource/file/fs.go:14.58,16.2 1 1
gofr.dev/pkg/gofr/datasource/file/fs.go:18.66,20.16 2 0
gofr.dev/pkg/gofr/datasource/file/fs.go:20.16,22.3 1 0
gofr.dev/pkg/gofr/datasource/file/fs.go:24.2,24.52 1 0
gofr.dev/pkg/gofr/datasource/file/fs.go:27.64,29.2 1 0
gofr.dev/pkg/gofr/datasource/file/fs.go:31.67,33.2 1 0
gofr.dev/pkg/gofr/datasource/file/fs.go:35.64,37.16 2 0
gofr.dev/pkg/gofr/datasource/file/fs.go:37.16,39.3 1 0
gofr.dev/pkg/gofr/datasource/file/fs.go:41.2,41.53 1 0
gofr.dev/pkg/gofr/datasource/file/fs.go:44.96,46.16 2 0
gofr.dev/pkg/gofr/datasource/file/fs.go:46.16,48.3 1 0
gofr.dev/pkg/gofr/datasource/file/fs.go:50.2,50.53 1 0
gofr.dev/pkg/gofr/datasource/file/fs.go:53.47,55.2 1 0
gofr.dev/pkg/gofr/datasource/file/fs.go:57.50,59.2 1 0
gofr.dev/pkg/gofr/datasource/file/fs.go:61.59,63.2 1 0
gofr.dev/pkg/gofr/datasource/pubsub/log.go:18.45,21.2 1 0
gofr.dev/pkg/gofr/datasource/pubsub/message.go:23.47,24.16 1 0
gofr.dev/pkg/gofr/datasource/pubsub/message.go:24.16,26.3 1 0
gofr.dev/pkg/gofr/datasource/pubsub/message.go:28.2,28.27 1 0
gofr.dev/pkg/gofr/datasource/pubsub/message.go:31.45,33.2 1 0
gofr.dev/pkg/gofr/datasource/pubsub/message.go:35.42,36.18 1 0
gofr.dev/pkg/gofr/datasource/pubsub/message.go:36.18,38.3 1 0
gofr.dev/pkg/gofr/datasource/pubsub/message.go:40.2,40.11 1 0
gofr.dev/pkg/gofr/datasource/pubsub/message.go:43.46,45.2 1 0
gofr.dev/pkg/gofr/datasource/pubsub/message.go:48.37,49.46 1 0
gofr.dev/pkg/gofr/datasource/pubsub/message.go:49.46,51.3 1 0
gofr.dev/pkg/gofr/datasource/pubsub/message.go:53.2,53.23 1 0
gofr.dev/pkg/gofr/datasource/pubsub/message.go:54.15,55.25 1 0
gofr.dev/pkg/gofr/datasource/pubsub/message.go:56.16,57.26 1 0
gofr.dev/pkg/gofr/datasource/pubsub/message.go:58.12,59.22 1 0
gofr.dev/pkg/gofr/datasource/pubsub/message.go:60.13,61.23 1 0
gofr.dev/pkg/gofr/datasource/pubsub/message.go:62.10,63.25 1 0
gofr.dev/pkg/gofr/datasource/pubsub/message.go:67.47,70.2 2 0
gofr.dev/pkg/gofr/datasource/pubsub/message.go:72.49,74.16 2 0
gofr.dev/pkg/gofr/datasource/pubsub/message.go:74.16,76.3 1 0
gofr.dev/pkg/gofr/datasource/pubsub/message.go:78.2,80.12 2 0
gofr.dev/pkg/gofr/datasource/pubsub/message.go:83.41,85.16 2 0
gofr.dev/pkg/gofr/datasource/pubsub/message.go:85.16,87.3 1 0
gofr.dev/pkg/gofr/datasource/pubsub/message.go:89.2,91.12 2 0
gofr.dev/pkg/gofr/datasource/pubsub/message.go:94.43,96.16 2 0
gofr.dev/pkg/gofr/datasource/pubsub/message.go:96.16,98.3 1 0
gofr.dev/pkg/gofr/datasource/pubsub/message.go:100.2,102.12 2 0
gofr.dev/pkg/gofr/datasource/pubsub/message.go:105.43,107.2 1 0
gofr.dev/pkg/gofr/datasource/pubsub/message.go:109.37,111.2 1 0
gofr.dev/pkg/gofr/datasource/pubsub/google/google.go:36.76,38.16 2 1
gofr.dev/pkg/gofr/datasource/pubsub/google/google.go:38.16,42.3 2 1
gofr.dev/pkg/gofr/datasource/pubsub/google/google.go:44.2,47.16 3 0
gofr.dev/pkg/gofr/datasource/pubsub/google/google.go:47.16,51.3 1 0
gofr.dev/pkg/gofr/datasource/pubsub/google/google.go:53.2,60.3 2 0
gofr.dev/pkg/gofr/datasource/pubsub/google/google.go:63.42,64.26 1 1
gofr.dev/pkg/gofr/datasource/pubsub/google/google.go:64.26,66.3 1 1
gofr.dev/pkg/gofr/datasource/pubsub/google/google.go:68.2,68.33 1 0
gofr.dev/pkg/gofr/datasource/pubsub/google/google.go:68.33,70.3 1 0
gofr.dev/pkg/gofr/datasource/pubsub/google/google.go:72.2,72.12 1 0
gofr.dev/pkg/gofr/datasource/pubsub/google/google.go:75.89,82.16 5 0
gofr.dev/pkg/gofr/datasource/pubsub/google/google.go:82.16,86.3 2 0
gofr.dev/pkg/gofr/datasource/pubsub/google/google.go:88.2,96.16 5 0
gofr.dev/pkg/gofr/datasource/pubsub/google/google.go:96.16,100.3 2 0
gofr.dev/pkg/gofr/datasource/pubsub/google/google.go:102.2,114.12 3 0
gofr.dev/pkg/gofr/datasource/pubsub/google/google.go:117.94,126.16 6 0
gofr.dev/pkg/gofr/datasource/pubsub/google/google.go:126.16,128.3 1 0
gofr.dev/pkg/gofr/datasource/pubsub/google/google.go:130.2,131.16 2 0
gofr.dev/pkg/gofr/datasource/pubsub/google/google.go:131.16,133.3 1 0
gofr.dev/pkg/gofr/datasource/pubsub/google/google.go:135.2,138.81 3 0
gofr.dev/pkg/gofr/datasource/pubsub/google/google.go:138.81,157.3 7 0
gofr.dev/pkg/gofr/datasource/pubsub/google/google.go:159.2,159.16 1 0
gofr.dev/pkg/gofr/datasource/pubsub/google/google.go:159.16,163.3 2 0
gofr.dev/pkg/gofr/datasource/pubsub/google/google.go:165.2,167.15 2 0
gofr.dev/pkg/gofr/datasource/pubsub/google/google.go:170.93,174.49 2 0
gofr.dev/pkg/gofr/datasource/pubsub/google/google.go:174.49,176.28 2 0
gofr.dev/pkg/gofr/datasource/pubsub/google/google.go:176.28,178.4 1 0
gofr.dev/pkg/gofr/datasource/pubsub/google/google.go:181.2,181.15 1 0
gofr.dev/pkg/gofr/datasource/pubsub/google/google.go:184.116,189.16 3 0
gofr.dev/pkg/gofr/datasource/pubsub/google/google.go:189.16,193.3 2 0
gofr.dev/pkg/gofr/datasource/pubsub/google/google.go:196.2,196.9 1 0
gofr.dev/pkg/gofr/datasource/pubsub/google/google.go:196.9,201.17 2 0
gofr.dev/pkg/gofr/datasource/pubsub/google/google.go:201.17,203.4 1 0
gofr.dev/pkg/gofr/datasource/pubsub/google/google.go:206.2,206.26 1 0
gofr.dev/pkg/gofr/datasource/pubsub/google/google.go:209.76,212.68 2 0
gofr.dev/pkg/gofr/datasource/pubsub/google/google.go:212.68,214.3 1 0
gofr.dev/pkg/gofr/datasource/pubsub/google/google.go:216.2,216.12 1 0
gofr.dev/pkg/gofr/datasource/pubsub/google/google.go:219.76,222.73 2 0
gofr.dev/pkg/gofr/datasource/pubsub/google/google.go:222.73,224.3 1 0
gofr.dev/pkg/gofr/datasource/pubsub/google/google.go:226.2,226.12 1 0
gofr.dev/pkg/gofr/datasource/pubsub/google/health.go:12.60,24.84 8 0
gofr.dev/pkg/gofr/datasource/pubsub/google/health.go:24.84,26.3 1 0
gofr.dev/pkg/gofr/datasource/pubsub/google/health.go:28.2,28.15 1 0
gofr.dev/pkg/gofr/datasource/pubsub/google/health.go:32.91,44.6 7 0
gofr.dev/pkg/gofr/datasource/pubsub/google/health.go:44.6,46.36 2 0
gofr.dev/pkg/gofr/datasource/pubsub/google/health.go:46.36,47.9 1 0
gofr.dev/pkg/gofr/datasource/pubsub/google/health.go:50.3,50.17 1 0
gofr.dev/pkg/gofr/datasource/pubsub/google/health.go:50.17,53.9 2 0
gofr.dev/pkg/gofr/datasource/pubsub/google/health.go:56.3,56.19 1 0
gofr.dev/pkg/gofr/datasource/pubsub/google/health.go:56.19,58.4 1 0
gofr.dev/pkg/gofr/datasource/pubsub/google/health.go:61.2,61.24 1 0
gofr.dev/pkg/gofr/datasource/pubsub/google/health.go:65.91,77.6 7 0
gofr.dev/pkg/gofr/datasource/pubsub/google/health.go:77.6,79.36 2 0
gofr.dev/pkg/gofr/datasource/pubsub/google/health.go:79.36,80.9 1 0
gofr.dev/pkg/gofr/datasource/pubsub/google/health.go:83.3,83.17 1 0
gofr.dev/pkg/gofr/datasource/pubsub/google/health.go:83.17,86.9 2 0
gofr.dev/pkg/gofr/datasource/pubsub/google/health.go:89.3,89.26 1 0
gofr.dev/pkg/gofr/datasource/pubsub/google/health.go:89.26,91.4 1 0
gofr.dev/pkg/gofr/datasource/pubsub/google/health.go:94.2,94.24 1 0
gofr.dev/pkg/gofr/datasource/pubsub/google/message.go:11.61,13.2 1 0
gofr.dev/pkg/gofr/datasource/pubsub/google/message.go:15.35,17.2 1 0
gofr.dev/pkg/gofr/datasource/pubsub/google/mock_metrics.go:31.59,35.2 3 0
gofr.dev/pkg/gofr/datasource/pubsub/google/mock_metrics.go:38.57,40.2 1 0
gofr.dev/pkg/gofr/datasource/pubsub/google/mock_metrics.go:43.92,46.27 3 0
gofr.dev/pkg/gofr/datasource/pubsub/google/mock_metrics.go:46.27,48.3 1 0
gofr.dev/pkg/gofr/datasource/pubsub/google/mock_metrics.go:49.2,49.48 1 0
gofr.dev/pkg/gofr/datasource/pubsub/google/mock_metrics.go:53.96,57.2 3 0
gofr.dev/pkg/gofr/datasource/pubsub/kafka/health.go:9.59,15.16 4 0
gofr.dev/pkg/gofr/datasource/pubsub/kafka/health.go:15.16,17.3 1 0
gofr.dev/pkg/gofr/datasource/pubsub/kafka/health.go:19.2,24.8 5 0
gofr.dev/pkg/gofr/datasource/pubsub/kafka/health.go:27.59,30.34 2 0
gofr.dev/pkg/gofr/datasource/pubsub/kafka/health.go:30.34,32.73 2 0
gofr.dev/pkg/gofr/datasource/pubsub/kafka/health.go:32.73,34.12 2 0
gofr.dev/pkg/gofr/datasource/pubsub/kafka/health.go:37.3,37.48 1 0
gofr.dev/pkg/gofr/datasource/pubsub/kafka/health.go:40.2,40.20 1 0
gofr.dev/pkg/gofr/datasource/pubsub/kafka/health.go:43.68,46.75 2 0
gofr.dev/pkg/gofr/datasource/pubsub/kafka/health.go:46.75,50.3 2 0
gofr.dev/pkg/gofr/datasource/pubsub/kafka/health.go:52.2,52.20 1 0
gofr.dev/pkg/gofr/datasource/pubsub/kafka/health.go:56.58,58.16 2 0
gofr.dev/pkg/gofr/datasource/pubsub/kafka/health.go:58.16,60.3 1 0
gofr.dev/pkg/gofr/datasource/pubsub/kafka/health.go:62.2,63.16 2 0
gofr.dev/pkg/gofr/datasource/pubsub/kafka/health.go:63.16,65.3 1 0
gofr.dev/pkg/gofr/datasource/pubsub/kafka/health.go:67.2,67.12 1 0
gofr.dev/pkg/gofr/datasource/pubsub/kafka/kafka.go:57.75,59.16 2 0
gofr.dev/pkg/gofr/datasource/pubsub/kafka/kafka.go:59.16,63.3 2 0
gofr.dev/pkg/gofr/datasource/pubsub/kafka/kafka.go:65.2,68.16 3 0
gofr.dev/pkg/gofr/datasource/pubsub/kafka/kafka.go:68.16,76.3 2 0
gofr.dev/pkg/gofr/datasource/pubsub/kafka/kafka.go:78.2,104.3 5 0
gofr.dev/pkg/gofr/datasource/pubsub/kafka/kafka.go:107.41,108.23 1 0
gofr.dev/pkg/gofr/datasource/pubsub/kafka/kafka.go:108.23,110.3 1 0
gofr.dev/pkg/gofr/datasource/pubsub/kafka/kafka.go:112.2,112.25 1 0
gofr.dev/pkg/gofr/datasource/pubsub/kafka/kafka.go:112.25,114.3 1 0
gofr.dev/pkg/gofr/datasource/pubsub/kafka/kafka.go:116.2,116.26 1 0
gofr.dev/pkg/gofr/datasource/pubsub/kafka/kafka.go:116.26,118.3 1 0
gofr.dev/pkg/gofr/datasource/pubsub/kafka/kafka.go:120.2,120.28 1 0
gofr.dev/pkg/gofr/datasource/pubsub/kafka/kafka.go:120.28,122.3 1 0
gofr.dev/pkg/gofr/datasource/pubsub/kafka/kafka.go:124.2,124.12 1 0
gofr.dev/pkg/gofr/datasource/pubsub/kafka/kafka.go:127.88,133.36 4 0
gofr.dev/pkg/gofr/datasource/pubsub/kafka/kafka.go:133.36,135.3 1 0
gofr.dev/pkg/gofr/datasource/pubsub/kafka/kafka.go:137.2,147.16 4 0
gofr.dev/pkg/gofr/datasource/pubsub/kafka/kafka.go:147.16,150.3 2 0
gofr.dev/pkg/gofr/datasource/pubsub/kafka/kafka.go:152.2,164.12 3 0
gofr.dev/pkg/gofr/datasource/pubsub/kafka/kafka.go:167.93,168.36 1 0
gofr.dev/pkg/gofr/datasource/pubsub/kafka/kafka.go:168.36,170.3 1 0
gofr.dev/pkg/gofr/datasource/pubsub/kafka/kafka.go:172.2,181.28 6 0
gofr.dev/pkg/gofr/datasource/pubsub/kafka/kafka.go:181.28,183.3 1 0
gofr.dev/pkg/gofr/datasource/pubsub/kafka/kafka.go:186.2,194.16 5 0
gofr.dev/pkg/gofr/datasource/pubsub/kafka/kafka.go:194.16,198.3 2 0
gofr.dev/pkg/gofr/datasource/pubsub/kafka/kafka.go:200.2,219.15 8 0
gofr.dev/pkg/gofr/datasource/pubsub/kafka/kafka.go:222.37,224.16 2 0
gofr.dev/pkg/gofr/datasource/pubsub/kafka/kafka.go:224.16,228.3 2 0
gofr.dev/pkg/gofr/datasource/pubsub/kafka/kafka.go:230.2,230.12 1 0
gofr.dev/pkg/gofr/datasource/pubsub/kafka/kafka.go:233.57,245.2 2 0
gofr.dev/pkg/gofr/datasource/pubsub/kafka/kafka.go:247.73,249.2 1 0
gofr.dev/pkg/gofr/datasource/pubsub/kafka/kafka.go:251.69,253.2 1 0
gofr.dev/pkg/gofr/datasource/pubsub/kafka/kafka.go:255.73,259.16 3 0
gofr.dev/pkg/gofr/datasource/pubsub/kafka/kafka.go:259.16,261.3 1 0
gofr.dev/pkg/gofr/datasource/pubsub/kafka/kafka.go:263.2,263.12 1 0
gofr.dev/pkg/gofr/datasource/pubsub/kafka/message.go:17.93,23.2 1 0
gofr.dev/pkg/gofr/datasource/pubsub/kafka/message.go:25.36,27.16 2 0
gofr.dev/pkg/gofr/datasource/pubsub/kafka/message.go:27.16,29.3 1 0
gofr.dev/pkg/gofr/datasource/pubsub/kafka/mock_interfaces.go:32.57,36.2 3 0
gofr.dev/pkg/gofr/datasource/pubsub/kafka/mock_interfaces.go:39.55,41.2 1 0
gofr.dev/pkg/gofr/datasource/pubsub/kafka/mock_interfaces.go:44.87,47.25 3 0
gofr.dev/pkg/gofr/datasource/pubsub/kafka/mock_interfaces.go:47.25,49.3 1 0
gofr.dev/pkg/gofr/datasource/pubsub/kafka/mock_interfaces.go:50.2,52.13 3 0
gofr.dev/pkg/gofr/datasource/pubsub/kafka/mock_interfaces.go:56.85,60.2 3 0
gofr.dev/pkg/gofr/datasource/pubsub/kafka/mock_interfaces.go:63.78,69.2 5 0
gofr.dev/pkg/gofr/datasource/pubsub/kafka/mock_interfaces.go:72.69,75.2 2 0
gofr.dev/pkg/gofr/datasource/pubsub/kafka/mock_interfaces.go:78.48,83.2 4 0
gofr.dev/pkg/gofr/datasource/pubsub/kafka/mock_interfaces.go:86.56,89.2 2 0
gofr.dev/pkg/gofr/datasource/pubsub/kafka/mock_interfaces.go:103.57,107.2 3 0
gofr.dev/pkg/gofr/datasource/pubsub/kafka/mock_interfaces.go:110.55,112.2 1 0
gofr.dev/pkg/gofr/datasource/pubsub/kafka/mock_interfaces.go:115.36,120.2 4 0
gofr.dev/pkg/gofr/datasource/pubsub/kafka/mock_interfaces.go:123.56,126.2 2 0
gofr.dev/pkg/gofr/datasource/pubsub/kafka/mock_interfaces.go:129.48,134.2 4 0
gofr.dev/pkg/gofr/datasource/pubsub/kafka/mock_interfaces.go:137.56,140.2 2 0
gofr.dev/pkg/gofr/datasource/pubsub/kafka/mock_interfaces.go:143.85,146.24 3 0
gofr.dev/pkg/gofr/datasource/pubsub/kafka/mock_interfaces.go:146.24,148.3 1 0
gofr.dev/pkg/gofr/datasource/pubsub/kafka/mock_interfaces.go:149.2,151.13 3 0
gofr.dev/pkg/gofr/datasource/pubsub/kafka/mock_interfaces.go:155.83,159.2 3 0
gofr.dev/pkg/gofr/datasource/pubsub/kafka/mock_interfaces.go:173.65,177.2 3 0
gofr.dev/pkg/gofr/datasource/pubsub/kafka/mock_interfaces.go:180.63,182.2 1 0
gofr.dev/pkg/gofr/datasource/pubsub/kafka/mock_interfaces.go:185.61,191.2 5 0
gofr.dev/pkg/gofr/datasource/pubsub/kafka/mock_interfaces.go:194.65,197.2 2 0
gofr.dev/pkg/gofr/datasource/pubsub/kafka/mock_interfaces.go:200.74,203.27 3 0
gofr.dev/pkg/gofr/datasource/pubsub/kafka/mock_interfaces.go:203.27,205.3 1 0
gofr.dev/pkg/gofr/datasource/pubsub/kafka/mock_interfaces.go:206.2,208.13 3 0
gofr.dev/pkg/gofr/datasource/pubsub/kafka/mock_interfaces.go:212.80,215.2 2 0
gofr.dev/pkg/gofr/datasource/pubsub/kafka/mock_interfaces.go:218.63,221.27 3 0
gofr.dev/pkg/gofr/datasource/pubsub/kafka/mock_interfaces.go:221.27,223.3 1 0
gofr.dev/pkg/gofr/datasource/pubsub/kafka/mock_interfaces.go:224.2,226.13 3 0
gofr.dev/pkg/gofr/datasource/pubsub/kafka/mock_interfaces.go:230.80,233.2 2 0
gofr.dev/pkg/gofr/datasource/pubsub/kafka/mock_metrics.go:31.59,35.2 3 0
gofr.dev/pkg/gofr/datasource/pubsub/kafka/mock_metrics.go:38.57,40.2 1 0
gofr.dev/pkg/gofr/datasource/pubsub/kafka/mock_metrics.go:43.92,46.27 3 0
gofr.dev/pkg/gofr/datasource/pubsub/kafka/mock_metrics.go:46.27,48.3 1 0
gofr.dev/pkg/gofr/datasource/pubsub/kafka/mock_metrics.go:49.2,49.48 1 0
gofr.dev/pkg/gofr/datasource/pubsub/kafka/mock_metrics.go:53.96,57.2 3 0
gofr.dev/pkg/gofr/datasource/pubsub/mqtt/message.go:9.28,11.2 1 0
gofr.dev/pkg/gofr/datasource/pubsub/mqtt/mock_interfaces.go:26.59,30.2 3 0
gofr.dev/pkg/gofr/datasource/pubsub/mqtt/mock_interfaces.go:33.57,35.2 1 0
gofr.dev/pkg/gofr/datasource/pubsub/mqtt/mock_interfaces.go:38.92,41.27 3 0
gofr.dev/pkg/gofr/datasource/pubsub/mqtt/mock_interfaces.go:41.27,43.3 1 0
gofr.dev/pkg/gofr/datasource/pubsub/mqtt/mock_interfaces.go:44.2,44.48 1 0
gofr.dev/pkg/gofr/datasource/pubsub/mqtt/mock_interfaces.go:48.112,52.2 3 0
gofr.dev/pkg/gofr/datasource/pubsub/mqtt/mqtt.go:57.64,58.27 1 1
gofr.dev/pkg/gofr/datasource/pubsub/mqtt/mqtt.go:58.27,60.3 1 1
gofr.dev/pkg/gofr/datasource/pubsub/mqtt/mqtt.go:62.2,69.69 4 0
gofr.dev/pkg/gofr/datasource/pubsub/mqtt/mqtt.go:69.69,73.3 2 0
gofr.dev/pkg/gofr/datasource/pubsub/mqtt/mqtt.go:75.2,79.120 3 0
gofr.dev/pkg/gofr/datasource/pubsub/mqtt/mqtt.go:82.77,94.69 6 1
gofr.dev/pkg/gofr/datasource/pubsub/mqtt/mqtt.go:94.69,98.3 2 0
gofr.dev/pkg/gofr/datasource/pubsub/mqtt/mqtt.go:100.2,108.120 6 1
gofr.dev/pkg/gofr/datasource/pubsub/mqtt/mqtt.go:111.63,118.27 5 0
[...]
gofr.dev/pkg/gofr/service/health.go:29.31,34.3 3 0
gofr.dev/pkg/gofr/service/health.go:36.2,40.38 3 0
gofr.dev/pkg/gofr/service/health.go:40.38,44.3 2 0
gofr.dev/pkg/gofr/service/health.go:46.2,49.24 3 0
gofr.dev/pkg/gofr/service/health_config.go:9.49,14.2 1 0
gofr.dev/pkg/gofr/service/health_config.go:21.72,23.2 1 0
gofr.dev/pkg/gofr/service/logger.go:22.45,26.2 1 0
gofr.dev/pkg/gofr/service/logger.go:33.51,37.2 1 0
gofr.dev/pkg/gofr/service/logger.go:39.41,46.9 2 0
gofr.dev/pkg/gofr/service/logger.go:47.37,48.14 1 0
gofr.dev/pkg/gofr/service/logger.go:49.37,50.16 1 0
gofr.dev/pkg/gofr/service/logger.go:51.37,52.13 1 0
gofr.dev/pkg/gofr/service/logger.go:55.2,55.10 1 0
gofr.dev/pkg/gofr/service/mock_metrics.go:31.59,35.2 3 1
gofr.dev/pkg/gofr/service/mock_metrics.go:38.57,40.2 1 1
gofr.dev/pkg/gofr/service/mock_metrics.go:43.106,46.27 3 1
gofr.dev/pkg/gofr/service/mock_metrics.go:46.27,48.3 1 1
gofr.dev/pkg/gofr/service/mock_metrics.go:49.2,49.47 1 1
gofr.dev/pkg/gofr/service/mock_metrics.go:53.102,57.2 3 1
gofr.dev/pkg/gofr/service/new.go:68.101,82.28 4 1
gofr.dev/pkg/gofr/service/new.go:82.28,84.3 1 0
gofr.dev/pkg/gofr/service/new.go:86.2,86.12 1 1
gofr.dev/pkg/gofr/service/new.go:89.121,91.2 1 1
gofr.dev/pkg/gofr/service/new.go:94.53,96.2 1 1
gofr.dev/pkg/gofr/service/new.go:99.39,101.2 1 0
gofr.dev/pkg/gofr/service/new.go:104.66,106.2 1 0
gofr.dev/pkg/gofr/service/new.go:108.136,110.2 1 0
gofr.dev/pkg/gofr/service/new.go:113.66,115.2 1 0
gofr.dev/pkg/gofr/service/new.go:118.39,120.2 1 0
gofr.dev/pkg/gofr/service/new.go:123.66,125.2 1 0
gofr.dev/pkg/gofr/service/new.go:127.101,129.2 1 0
gofr.dev/pkg/gofr/service/new.go:131.139,133.2 1 0
gofr.dev/pkg/gofr/service/new.go:136.102,146.16 7 1
gofr.dev/pkg/gofr/service/new.go:146.16,148.3 1 0
gofr.dev/pkg/gofr/service/new.go:150.2,150.28 1 1
gofr.dev/pkg/gofr/service/new.go:150.28,152.3 1 0
gofr.dev/pkg/gofr/service/new.go:155.2,175.16 8 1
gofr.dev/pkg/gofr/service/new.go:175.16,182.3 4 1
gofr.dev/pkg/gofr/service/new.go:184.2,189.18 4 1
gofr.dev/pkg/gofr/service/new.go:192.108,193.22 1 1
gofr.dev/pkg/gofr/service/new.go:193.22,196.3 1 1
gofr.dev/pkg/gofr/service/new.go:199.83,202.32 2 1
gofr.dev/pkg/gofr/service/new.go:202.32,203.25 1 0
gofr.dev/pkg/gofr/service/new.go:204.17,205.27 1 0
gofr.dev/pkg/gofr/service/new.go:205.27,207.5 1 0
gofr.dev/pkg/gofr/service/new.go:208.11,209.34 1 0
gofr.dev/pkg/gofr/service/new.go:213.2,213.31 1 1
gofr.dev/pkg/gofr/service/oauth.go:33.48,45.2 1 0
gofr.dev/pkg/gofr/service/oauth.go:53.115,56.20 2 0
gofr.dev/pkg/gofr/service/oauth.go:56.20,58.3 1 0
gofr.dev/pkg/gofr/service/oauth.go:60.2,61.16 2 0
gofr.dev/pkg/gofr/service/oauth.go:61.16,63.3 1 0
gofr.dev/pkg/gofr/service/oauth.go:65.2,67.21 2 0
gofr.dev/pkg/gofr/service/oauth.go:71.53,73.16 2 0
gofr.dev/pkg/gofr/service/oauth.go:73.16,75.3 1 0
gofr.dev/pkg/gofr/service/oauth.go:77.2,77.63 1 0
gofr.dev/pkg/gofr/service/oauth.go:82.66,84.16 2 0
gofr.dev/pkg/gofr/service/oauth.go:84.16,86.3 1 0
gofr.dev/pkg/gofr/service/oauth.go:88.2,88.70 1 0
gofr.dev/pkg/gofr/service/oauth.go:93.66,95.16 2 0
gofr.dev/pkg/gofr/service/oauth.go:95.16,97.3 1 0
gofr.dev/pkg/gofr/service/oauth.go:99.2,99.71 1 0
gofr.dev/pkg/gofr/service/oauth.go:104.66,106.16 2 0
gofr.dev/pkg/gofr/service/oauth.go:106.16,108.3 1 0
gofr.dev/pkg/gofr/service/oauth.go:110.2,110.69 1 0
gofr.dev/pkg/gofr/service/oauth.go:115.25,117.16 2 0
gofr.dev/pkg/gofr/service/oauth.go:117.16,119.3 1 0
gofr.dev/pkg/gofr/service/oauth.go:121.2,121.59 1 0
gofr.dev/pkg/gofr/service/oauth.go:124.115,126.2 1 0
gofr.dev/pkg/gofr/service/oauth.go:130.39,132.2 1 0
gofr.dev/pkg/gofr/service/oauth.go:136.39,138.2 1 0
gofr.dev/pkg/gofr/service/oauth.go:142.39,144.2 1 0
gofr.dev/pkg/gofr/service/oauth.go:148.25,150.2 1 0
gofr.dev/pkg/gofr/service/response.go:11.49,12.22 1 0
gofr.dev/pkg/gofr/service/response.go:12.22,14.3 1 0
gofr.dev/pkg/gofr/service/response.go:16.2,16.11 1 0
gofr.dev/pkg/gofr/testutil/error.go:7.37,9.2 1 0
gofr.dev/pkg/gofr/testutil/os.go:8.43,21.2 8 1
gofr.dev/pkg/gofr/testutil/os.go:23.43,36.2 8 0
gofr.dev/pkg/gofr/logging/level.go:32.32,33.11 1 0
gofr.dev/pkg/gofr/logging/level.go:34.13,35.20 1 0
gofr.dev/pkg/gofr/logging/level.go:36.12,37.19 1 0
gofr.dev/pkg/gofr/logging/level.go:38.14,39.21 1 0
gofr.dev/pkg/gofr/logging/level.go:40.12,41.19 1 0
gofr.dev/pkg/gofr/logging/level.go:42.13,43.20 1 0
gofr.dev/pkg/gofr/logging/level.go:44.13,45.20 1 0
gofr.dev/pkg/gofr/logging/level.go:46.10,47.12 1 0
gofr.dev/pkg/gofr/logging/level.go:52.29,53.11 1 0
gofr.dev/pkg/gofr/logging/level.go:54.20,55.13 1 0
gofr.dev/pkg/gofr/logging/level.go:56.20,57.13 1 0
gofr.dev/pkg/gofr/logging/level.go:58.12,59.11 1 0
gofr.dev/pkg/gofr/logging/level.go:60.13,61.11 1 0
gofr.dev/pkg/gofr/logging/level.go:62.10,63.12 1 0
gofr.dev/pkg/gofr/logging/level.go:67.46,73.2 4 0
gofr.dev/pkg/gofr/logging/level.go:76.45,77.32 1 0
gofr.dev/pkg/gofr/logging/level.go:78.18,79.15 1 0
gofr.dev/pkg/gofr/logging/level.go:80.17,81.14 1 0
gofr.dev/pkg/gofr/logging/level.go:82.19,83.16 1 0
gofr.dev/pkg/gofr/logging/level.go:84.17,85.14 1 0
gofr.dev/pkg/gofr/logging/level.go:86.18,87.15 1 0
gofr.dev/pkg/gofr/logging/level.go:88.18,89.15 1 0
gofr.dev/pkg/gofr/logging/level.go:90.10,91.14 1 0
gofr.dev/pkg/gofr/logging/logger.go:55.72,56.21 1 0
gofr.dev/pkg/gofr/logging/logger.go:56.21,58.3 1 0
gofr.dev/pkg/gofr/logging/logger.go:60.2,61.20 2 0
gofr.dev/pkg/gofr/logging/logger.go:61.20,63.3 1 0
gofr.dev/pkg/gofr/logging/logger.go:65.2,71.9 2 0
gofr.dev/pkg/gofr/logging/logger.go:72.38,73.26 1 0
gofr.dev/pkg/gofr/logging/logger.go:74.38,75.23 1 0
gofr.dev/pkg/gofr/logging/logger.go:76.20,77.50 1 0
gofr.dev/pkg/gofr/logging/logger.go:80.2,80.18 1 0
gofr.dev/pkg/gofr/logging/logger.go:80.18,82.3 1 0
gofr.dev/pkg/gofr/logging/logger.go:82.8,84.3 1 0
gofr.dev/pkg/gofr/logging/logger.go:87.45,89.2 1 0
gofr.dev/pkg/gofr/logging/logger.go:91.61,93.2 1 0
gofr.dev/pkg/gofr/logging/logger.go:95.44,97.2 1 0
gofr.dev/pkg/gofr/logging/logger.go:99.60,101.2 1 0
gofr.dev/pkg/gofr/logging/logger.go:103.46,105.2 1 0
gofr.dev/pkg/gofr/logging/logger.go:107.62,109.2 1 0
gofr.dev/pkg/gofr/logging/logger.go:111.44,113.2 1 0
gofr.dev/pkg/gofr/logging/logger.go:115.60,117.2 1 0
gofr.dev/pkg/gofr/logging/logger.go:119.43,121.2 1 0
gofr.dev/pkg/gofr/logging/logger.go:123.59,125.2 1 0
gofr.dev/pkg/gofr/logging/logger.go:127.45,129.2 1 0
gofr.dev/pkg/gofr/logging/logger.go:131.61,133.2 1 0
gofr.dev/pkg/gofr/logging/logger.go:135.45,140.2 2 0
gofr.dev/pkg/gofr/logging/logger.go:142.61,145.2 2 0
gofr.dev/pkg/gofr/logging/logger.go:147.57,152.15 2 0
gofr.dev/pkg/gofr/logging/logger.go:152.15,154.3 1 0
gofr.dev/pkg/gofr/logging/logger.go:158.2,158.43 1 0
gofr.dev/pkg/gofr/logging/logger.go:158.43,163.3 2 0
gofr.dev/pkg/gofr/logging/logger.go:163.8,168.3 2 0
gofr.dev/pkg/gofr/logging/logger.go:172.36,184.2 4 0
gofr.dev/pkg/gofr/logging/logger.go:187.40,193.16 2 0
gofr.dev/pkg/gofr/logging/logger.go:193.16,195.3 1 0
gofr.dev/pkg/gofr/logging/logger.go:197.2,198.16 2 0
gofr.dev/pkg/gofr/logging/logger.go:198.16,200.3 1 0
gofr.dev/pkg/gofr/logging/logger.go:202.2,205.10 3 0
gofr.dev/pkg/gofr/logging/logger.go:208.40,209.23 1 0
gofr.dev/pkg/gofr/logging/logger.go:210.16,211.38 1 0
gofr.dev/pkg/gofr/logging/logger.go:212.10,213.15 1 0
gofr.dev/pkg/gofr/logging/logger.go:217.43,219.2 1 0
gofr.dev/pkg/gofr/logging/mock_logger.go:15.40,21.2 1 1
gofr.dev/pkg/gofr/logging/mock_logger.go:23.76,24.21 1 1
gofr.dev/pkg/gofr/logging/mock_logger.go:24.21,26.3 1 0
gofr.dev/pkg/gofr/logging/mock_logger.go:28.2,29.20 2 1
gofr.dev/pkg/gofr/logging/mock_logger.go:29.20,31.3 1 0
gofr.dev/pkg/gofr/logging/mock_logger.go:33.2,35.9 2 1
gofr.dev/pkg/gofr/logging/mock_logger.go:36.38,37.20 1 0
gofr.dev/pkg/gofr/logging/mock_logger.go:38.38,39.17 1 0
gofr.dev/pkg/gofr/logging/mock_logger.go:40.20,41.41 1 1
gofr.dev/pkg/gofr/logging/mock_logger.go:44.2,44.35 1 1
gofr.dev/pkg/gofr/logging/mock_logger.go:47.49,49.2 1 0
gofr.dev/pkg/gofr/logging/mock_logger.go:51.65,53.2 1 0
gofr.dev/pkg/gofr/logging/mock_logger.go:55.48,57.2 1 0
gofr.dev/pkg/gofr/logging/mock_logger.go:59.64,61.2 1 0
gofr.dev/pkg/gofr/logging/mock_logger.go:63.50,65.2 1 0
gofr.dev/pkg/gofr/logging/mock_logger.go:67.66,69.2 1 0
gofr.dev/pkg/gofr/logging/mock_logger.go:71.48,73.2 1 0
gofr.dev/pkg/gofr/logging/mock_logger.go:75.64,77.2 1 0
gofr.dev/pkg/gofr/logging/mock_logger.go:79.49,81.2 1 0
gofr.dev/pkg/gofr/logging/mock_logger.go:83.65,85.2 1 0
gofr.dev/pkg/gofr/logging/mock_logger.go:87.49,89.2 1 0
gofr.dev/pkg/gofr/logging/mock_logger.go:91.65,93.2 1 0
gofr.dev/pkg/gofr/logging/mock_logger.go:95.47,97.2 1 1
gofr.dev/pkg/gofr/logging/mock_logger.go:99.63,101.2 1 0
gofr.dev/pkg/gofr/logging/mock_logger.go:103.47,105.2 1 0
gofr.dev/pkg/gofr/service/apikey_auth.go:14.47,19.2 1 1
gofr.dev/pkg/gofr/service/apikey_auth.go:27.128,29.2 1 1
gofr.dev/pkg/gofr/service/apikey_auth.go:32.53,36.2 2 1
gofr.dev/pkg/gofr/service/apikey_auth.go:39.39,41.2 1 1
gofr.dev/pkg/gofr/service/apikey_auth.go:44.53,48.2 2 1
gofr.dev/pkg/gofr/service/apikey_auth.go:51.25,53.2 1 1
gofr.dev/pkg/gofr/service/apikey_auth.go:56.53,60.2 2 1
gofr.dev/pkg/gofr/service/apikey_auth.go:63.25,65.2 1 1
gofr.dev/pkg/gofr/service/apikey_auth.go:68.53,72.2 2 1
gofr.dev/pkg/gofr/service/apikey_auth.go:74.108,76.2 1 1
gofr.dev/pkg/gofr/service/apikey_auth.go:79.25,83.2 2 1
gofr.dev/pkg/gofr/service/apikey_auth.go:85.77,86.20 1 1
gofr.dev/pkg/gofr/service/apikey_auth.go:86.20,88.3 1 1
gofr.dev/pkg/gofr/service/apikey_auth.go:90.2,92.16 2 1
gofr.dev/pkg/gofr/service/basic_auth.go:14.50,20.2 1 1
gofr.dev/pkg/gofr/service/basic_auth.go:29.86,31.16 2 1
gofr.dev/pkg/gofr/service/basic_auth.go:31.16,33.3 1 1
gofr.dev/pkg/gofr/service/basic_auth.go:35.2,39.12 3 1
gofr.dev/pkg/gofr/service/basic_auth.go:42.128,44.2 1 1
gofr.dev/pkg/gofr/service/basic_auth.go:47.53,49.16 2 1
gofr.dev/pkg/gofr/service/basic_auth.go:49.16,51.3 1 0
gofr.dev/pkg/gofr/service/basic_auth.go:53.2,53.64 1 1
gofr.dev/pkg/gofr/service/basic_auth.go:57.39,59.2 1 1
gofr.dev/pkg/gofr/service/basic_auth.go:62.66,64.16 2 1
gofr.dev/pkg/gofr/service/basic_auth.go:64.16,66.3 1 0
gofr.dev/pkg/gofr/service/basic_auth.go:68.2,68.71 1 1
gofr.dev/pkg/gofr/service/basic_auth.go:71.140,73.2 1 1
gofr.dev/pkg/gofr/service/basic_auth.go:76.66,78.16 2 1
gofr.dev/pkg/gofr/service/basic_auth.go:78.16,80.3 1 0
gofr.dev/pkg/gofr/service/basic_auth.go:82.2,82.70 1 1
gofr.dev/pkg/gofr/service/basic_auth.go:86.39,88.2 1 1
gofr.dev/pkg/gofr/service/basic_auth.go:91.66,93.16 2 1
gofr.dev/pkg/gofr/service/basic_auth.go:93.16,95.3 1 0
gofr.dev/pkg/gofr/service/basic_auth.go:97.2,97.72 1 1
gofr.dev/pkg/gofr/service/basic_auth.go:100.108,102.2 1 1
gofr.dev/pkg/gofr/service/basic_auth.go:105.53,107.16 2 1
gofr.dev/pkg/gofr/service/basic_auth.go:107.16,109.3 1 0
gofr.dev/pkg/gofr/service/basic_auth.go:111.2,111.60 1 1
gofr.dev/pkg/gofr/service/basic_auth.go:114.79,115.20 1 1
gofr.dev/pkg/gofr/service/basic_auth.go:115.20,117.3 1 1
gofr.dev/pkg/gofr/service/basic_auth.go:119.2,120.16 2 1
gofr.dev/pkg/gofr/service/basic_auth.go:120.16,122.3 1 0
gofr.dev/pkg/gofr/service/basic_auth.go:124.2,124.12 1 1
gofr.dev/pkg/gofr/service/circuit_breaker.go:44.77,56.2 3 1
gofr.dev/pkg/gofr/service/circuit_breaker.go:60.34,64.27 3 1
gofr.dev/pkg/gofr/service/circuit_breaker.go:64.27,65.47 1 0
gofr.dev/pkg/gofr/service/circuit_breaker.go:65.47,67.27 1 0
gofr.dev/pkg/gofr/service/circuit_breaker.go:67.27,70.5 2 0
gofr.dev/pkg/gofr/service/circuit_breaker.go:73.3,73.29 1 0
gofr.dev/pkg/gofr/service/circuit_breaker.go:76.2,78.16 2 1
gofr.dev/pkg/gofr/service/circuit_breaker.go:78.16,80.3 1 1
gofr.dev/pkg/gofr/service/circuit_breaker.go:80.8,82.3 1 1
gofr.dev/pkg/gofr/service/circuit_breaker.go:84.2,84.36 1 1
gofr.dev/pkg/gofr/service/circuit_breaker.go:84.36,87.3 2 1
gofr.dev/pkg/gofr/service/circuit_breaker.go:89.2,89.20 1 1
gofr.dev/pkg/gofr/service/circuit_breaker.go:93.41,98.2 3 1
gofr.dev/pkg/gofr/service/circuit_breaker.go:101.65,105.2 2 1
gofr.dev/pkg/gofr/service/circuit_breaker.go:108.47,111.21 2 1
gofr.dev/pkg/gofr/service/circuit_breaker.go:111.21,112.18 1 1
gofr.dev/pkg/gofr/service/circuit_breaker.go:112.18,113.14 1 0
gofr.dev/pkg/gofr/service/circuit_breaker.go:113.14,114.39 1 0
gofr.dev/pkg/gofr/service/circuit_breaker.go:114.39,116.6 1 0
gofr.dev/pkg/gofr/service/circuit_breaker.go:123.41,126.2 2 1
gofr.dev/pkg/gofr/service/circuit_breaker.go:129.42,132.2 2 1
gofr.dev/pkg/gofr/service/circuit_breaker.go:135.43,137.36 2 1
gofr.dev/pkg/gofr/service/circuit_breaker.go:137.36,139.3 1 1
gofr.dev/pkg/gofr/service/circuit_breaker.go:143.47,145.2 1 1
gofr.dev/pkg/gofr/service/circuit_breaker.go:147.56,149.2 1 1
gofr.dev/pkg/gofr/service/circuit_breaker.go:151.53,152.80 1 1
gofr.dev/pkg/gofr/service/circuit_breaker.go:152.80,155.3 2 1
gofr.dev/pkg/gofr/service/circuit_breaker.go:157.2,157.14 1 0
gofr.dev/pkg/gofr/service/circuit_breaker.go:160.109,161.16 1 1
gofr.dev/pkg/gofr/service/circuit_breaker.go:161.16,163.3 1 1
gofr.dev/pkg/gofr/service/circuit_breaker.go:165.2,166.9 2 1
gofr.dev/pkg/gofr/service/circuit_breaker.go:166.9,168.3 1 0
gofr.dev/pkg/gofr/service/circuit_breaker.go:170.2,170.22 1 1
gofr.dev/pkg/gofr/service/circuit_breaker.go:174.66,175.17 1 1
gofr.dev/pkg/gofr/service/circuit_breaker.go:175.17,176.31 1 1
gofr.dev/pkg/gofr/service/circuit_breaker.go:176.31,178.4 1 0
gofr.dev/pkg/gofr/service/circuit_breaker.go:181.2,185.16 3 1
gofr.dev/pkg/gofr/service/circuit_breaker.go:186.22,187.101 1 1
gofr.dev/pkg/gofr/service/circuit_breaker.go:187.101,189.4 1 1
gofr.dev/pkg/gofr/service/circuit_breaker.go:190.23,191.101 1 1
gofr.dev/pkg/gofr/service/circuit_breaker.go:191.101,193.4 1 1
gofr.dev/pkg/gofr/service/circuit_breaker.go:194.24,195.101 1 1
gofr.dev/pkg/gofr/service/circuit_breaker.go:195.101,197.4 1 1
gofr.dev/pkg/gofr/service/circuit_breaker.go:198.22,199.101 1 1
gofr.dev/pkg/gofr/service/circuit_breaker.go:199.101,201.4 1 1
gofr.dev/pkg/gofr/service/circuit_breaker.go:202.25,203.101 1 1
gofr.dev/pkg/gofr/service/circuit_breaker.go:203.101,205.4 1 1
gofr.dev/pkg/gofr/service/circuit_breaker.go:208.2,209.16 2 1
gofr.dev/pkg/gofr/service/circuit_breaker.go:209.16,211.3 1 1
gofr.dev/pkg/gofr/service/circuit_breaker.go:213.2,213.18 1 1
gofr.dev/pkg/gofr/service/circuit_breaker.go:217.53,219.2 1 1
gofr.dev/pkg/gofr/service/circuit_breaker.go:223.66,225.2 1 1
gofr.dev/pkg/gofr/service/circuit_breaker.go:229.66,231.2 1 1
gofr.dev/pkg/gofr/service/circuit_breaker.go:235.66,237.2 1 1
gofr.dev/pkg/gofr/service/circuit_breaker.go:241.25,243.2 1 1
gofr.dev/pkg/gofr/service/circuit_breaker.go:245.125,247.2 1 1
gofr.dev/pkg/gofr/service/circuit_breaker.go:251.39,253.2 1 1
gofr.dev/pkg/gofr/service/circuit_breaker.go:257.39,259.2 1 1
gofr.dev/pkg/gofr/service/circuit_breaker.go:263.39,265.2 1 1
gofr.dev/pkg/gofr/service/circuit_breaker.go:269.25,271.2 1 1
gofr.dev/pkg/gofr/service/custom_header.go:12.49,17.2 1 1
gofr.dev/pkg/gofr/service/custom_header.go:25.122,27.2 1 1
gofr.dev/pkg/gofr/service/custom_header.go:30.53,34.2 2 1
gofr.dev/pkg/gofr/service/custom_header.go:37.39,39.2 1 1
gofr.dev/pkg/gofr/service/custom_header.go:42.53,46.2 2 1
gofr.dev/pkg/gofr/service/custom_header.go:49.25,51.2 1 1
gofr.dev/pkg/gofr/service/custom_header.go:54.53,58.2 2 1
gofr.dev/pkg/gofr/service/custom_header.go:61.25,63.2 1 1
gofr.dev/pkg/gofr/service/custom_header.go:66.53,70.2 2 1
gofr.dev/pkg/gofr/service/custom_header.go:72.102,74.2 1 1
gofr.dev/pkg/gofr/service/custom_header.go:77.25,81.2 2 1
gofr.dev/pkg/gofr/service/custom_header.go:83.81,84.20 1 1
gofr.dev/pkg/gofr/service/custom_header.go:84.20,86.3 1 1
gofr.dev/pkg/gofr/service/custom_header.go:88.2,88.39 1 1
gofr.dev/pkg/gofr/service/custom_header.go:88.39,90.3 1 1
gofr.dev/pkg/gofr/service/custom_header.go:92.2,92.16 1 1
gofr.dev/pkg/gofr/service/health.go:18.64,20.2 1 1
gofr.dev/pkg/gofr/service/health.go:22.98,29.31 3 1
gofr.dev/pkg/gofr/service/health.go:29.31,34.3 3 1
gofr.dev/pkg/gofr/service/health.go:36.2,40.38 3 1
gofr.dev/pkg/gofr/service/health.go:40.38,44.3 2 1
gofr.dev/pkg/gofr/service/health.go:46.2,49.24 3 1
gofr.dev/pkg/gofr/service/health_config.go:9.49,14.2 1 1
gofr.dev/pkg/gofr/service/health_config.go:21.72,23.2 1 1
gofr.dev/pkg/gofr/service/logger.go:22.45,26.2 1 1
gofr.dev/pkg/gofr/service/logger.go:33.51,37.2 1 1
gofr.dev/pkg/gofr/service/logger.go:39.41,46.9 2 1
gofr.dev/pkg/gofr/service/logger.go:47.37,48.14 1 1
gofr.dev/pkg/gofr/service/logger.go:49.37,50.16 1 1
gofr.dev/pkg/gofr/service/logger.go:51.37,52.13 1 1
gofr.dev/pkg/gofr/service/logger.go:55.2,55.10 1 0
gofr.dev/pkg/gofr/service/mock_metrics.go:31.59,35.2 3 1
gofr.dev/pkg/gofr/service/mock_metrics.go:38.57,40.2 1 1
gofr.dev/pkg/gofr/service/mock_metrics.go:43.106,46.27 3 1
gofr.dev/pkg/gofr/service/mock_metrics.go:46.27,48.3 1 1
gofr.dev/pkg/gofr/service/mock_metrics.go:49.2,49.47 1 1
gofr.dev/pkg/gofr/service/mock_metrics.go:53.102,57.2 3 1
gofr.dev/pkg/gofr/service/new.go:68.101,82.28 4 1
gofr.dev/pkg/gofr/service/new.go:82.28,84.3 1 1
gofr.dev/pkg/gofr/service/new.go:86.2,86.12 1 1
gofr.dev/pkg/gofr/service/new.go:89.121,91.2 1 1
gofr.dev/pkg/gofr/service/new.go:94.53,96.2 1 1
gofr.dev/pkg/gofr/service/new.go:99.39,101.2 1 1
gofr.dev/pkg/gofr/service/new.go:104.66,106.2 1 1
gofr.dev/pkg/gofr/service/new.go:108.136,110.2 1 1
gofr.dev/pkg/gofr/service/new.go:113.66,115.2 1 1
gofr.dev/pkg/gofr/service/new.go:118.39,120.2 1 1
gofr.dev/pkg/gofr/service/new.go:123.66,125.2 1 1
gofr.dev/pkg/gofr/service/new.go:127.101,129.2 1 1
gofr.dev/pkg/gofr/service/new.go:131.139,133.2 1 1
gofr.dev/pkg/gofr/service/new.go:136.102,146.16 7 1
gofr.dev/pkg/gofr/service/new.go:146.16,148.3 1 1
gofr.dev/pkg/gofr/service/new.go:150.2,150.28 1 1
gofr.dev/pkg/gofr/service/new.go:150.28,152.3 1 1
gofr.dev/pkg/gofr/service/new.go:155.2,175.16 8 1
gofr.dev/pkg/gofr/service/new.go:175.16,182.3 4 1
gofr.dev/pkg/gofr/service/new.go:184.2,189.18 4 1
gofr.dev/pkg/gofr/service/new.go:192.108,193.22 1 1
gofr.dev/pkg/gofr/service/new.go:193.22,196.3 1 1
gofr.dev/pkg/gofr/service/new.go:199.83,202.32 2 1
gofr.dev/pkg/gofr/service/new.go:202.32,203.25 1 1
gofr.dev/pkg/gofr/service/new.go:204.17,205.27 1 1
gofr.dev/pkg/gofr/service/new.go:205.27,207.5 1 1
gofr.dev/pkg/gofr/service/new.go:208.11,209.34 1 1
gofr.dev/pkg/gofr/service/new.go:213.2,213.31 1 1
gofr.dev/pkg/gofr/service/oauth.go:33.48,45.2 1 1
gofr.dev/pkg/gofr/service/oauth.go:53.115,56.20 2 1
gofr.dev/pkg/gofr/service/oauth.go:56.20,58.3 1 1
gofr.dev/pkg/gofr/service/oauth.go:60.2,61.16 2 1
gofr.dev/pkg/gofr/service/oauth.go:61.16,63.3 1 1
gofr.dev/pkg/gofr/service/oauth.go:65.2,67.21 2 1
gofr.dev/pkg/gofr/service/oauth.go:71.53,73.16 2 1
gofr.dev/pkg/gofr/service/oauth.go:73.16,75.3 1 1
gofr.dev/pkg/gofr/service/oauth.go:77.2,77.63 1 1
gofr.dev/pkg/gofr/service/oauth.go:82.66,84.16 2 1
gofr.dev/pkg/gofr/service/oauth.go:84.16,86.3 1 1
gofr.dev/pkg/gofr/service/oauth.go:88.2,88.70 1 1
gofr.dev/pkg/gofr/service/oauth.go:93.66,95.16 2 1
gofr.dev/pkg/gofr/service/oauth.go:95.16,97.3 1 1
gofr.dev/pkg/gofr/service/oauth.go:99.2,99.71 1 1
gofr.dev/pkg/gofr/service/oauth.go:104.66,106.16 2 1
gofr.dev/pkg/gofr/service/oauth.go:106.16,108.3 1 1
gofr.dev/pkg/gofr/service/oauth.go:110.2,110.69 1 1
gofr.dev/pkg/gofr/service/oauth.go:115.25,117.16 2 1
gofr.dev/pkg/gofr/service/oauth.go:117.16,119.3 1 1
gofr.dev/pkg/gofr/service/oauth.go:121.2,121.59 1 1
gofr.dev/pkg/gofr/service/oauth.go:124.115,126.2 1 1
gofr.dev/pkg/gofr/service/oauth.go:130.39,132.2 1 1
gofr.dev/pkg/gofr/service/oauth.go:136.39,138.2 1 1
gofr.dev/pkg/gofr/service/oauth.go:142.39,144.2 1 1
gofr.dev/pkg/gofr/service/oauth.go:148.25,150.2 1 1
gofr.dev/pkg/gofr/service/response.go:11.49,12.22 1 1
gofr.dev/pkg/gofr/service/response.go:12.22,14.3 1 1
gofr.dev/pkg/gofr/service/response.go:16.2,16.11 1 1
gofr.dev/pkg/gofr/testutil/error.go:7.37,9.2 1 1
gofr.dev/pkg/gofr/testutil/os.go:8.43,21.2 8 0
gofr.dev/pkg/gofr/testutil/os.go:23.43,36.2 8 0
