mode: set
gofr.dev/pkg/gofr/config/godotenv.go:11.47,16.2 3 1
gofr.dev/pkg/gofr/config/godotenv.go:18.39,22.2 2 1
gofr.dev/pkg/gofr/config/godotenv.go:23.42,25.2 1 1
gofr.dev/pkg/gofr/config/godotenv.go:27.65,28.38 1 1
gofr.dev/pkg/gofr/config/godotenv.go:28.38,30.3 1 1
gofr.dev/pkg/gofr/config/godotenv.go:32.2,32.21 1 1
gofr.dev/pkg/gofr/cmd/request.go:25.41,36.27 3 1
gofr.dev/pkg/gofr/cmd/request.go:36.27,37.16 1 1
gofr.dev/pkg/gofr/cmd/request.go:37.16,38.12 1 1
gofr.dev/pkg/gofr/cmd/request.go:41.3,41.20 1 1
gofr.dev/pkg/gofr/cmd/request.go:41.20,42.12 1 1
gofr.dev/pkg/gofr/cmd/request.go:45.3,45.20 1 1
gofr.dev/pkg/gofr/cmd/request.go:45.20,46.12 1 1
gofr.dev/pkg/gofr/cmd/request.go:49.3,50.20 2 1
gofr.dev/pkg/gofr/cmd/request.go:50.20,52.4 1 1
gofr.dev/pkg/gofr/cmd/request.go:52.9,54.4 1 1
gofr.dev/pkg/gofr/cmd/request.go:56.3,56.55 1 1
gofr.dev/pkg/gofr/cmd/request.go:57.17,59.36 1 1
gofr.dev/pkg/gofr/cmd/request.go:60.17,62.35 1 1
gofr.dev/pkg/gofr/cmd/request.go:66.2,66.11 1 1
gofr.dev/pkg/gofr/cmd/request.go:70.44,72.2 1 1
gofr.dev/pkg/gofr/cmd/request.go:75.48,77.2 1 1
gofr.dev/pkg/gofr/cmd/request.go:79.45,81.2 1 1
gofr.dev/pkg/gofr/cmd/request.go:83.37,85.16 2 1
gofr.dev/pkg/gofr/cmd/request.go:85.16,87.3 1 0
gofr.dev/pkg/gofr/cmd/request.go:89.2,89.10 1 1
gofr.dev/pkg/gofr/cmd/request.go:92.45,97.32 3 1
gofr.dev/pkg/gofr/cmd/request.go:97.32,98.30 1 1
gofr.dev/pkg/gofr/cmd/request.go:98.30,101.33 2 1
gofr.dev/pkg/gofr/cmd/request.go:101.33,103.21 1 1
gofr.dev/pkg/gofr/cmd/request.go:104.25,105.20 1 1
gofr.dev/pkg/gofr/cmd/request.go:106.23,107.25 1 1
gofr.dev/pkg/gofr/cmd/request.go:107.25,109.7 1 1
gofr.dev/pkg/gofr/cmd/request.go:110.22,112.24 2 1
gofr.dev/pkg/gofr/cmd/request.go:118.2,118.12 1 1
gofr.dev/pkg/gofr/cmd/responder.go:10.58,12.17 1 1
gofr.dev/pkg/gofr/cmd/responder.go:12.17,14.3 1 1
gofr.dev/pkg/gofr/cmd/responder.go:16.2,16.16 1 1
gofr.dev/pkg/gofr/cmd/responder.go:16.16,18.3 1 1
gofr.dev/pkg/gofr/config/godotenv.go:11.47,16.2 3 0
gofr.dev/pkg/gofr/config/godotenv.go:18.39,22.2 2 0
gofr.dev/pkg/gofr/config/godotenv.go:23.42,25.2 1 0
gofr.dev/pkg/gofr/config/godotenv.go:27.65,28.38 1 0
gofr.dev/pkg/gofr/config/godotenv.go:28.38,30.3 1 0
gofr.dev/pkg/gofr/config/godotenv.go:32.2,32.21 1 0
gofr.dev/pkg/gofr/testutil/error.go:7.37,9.2 1 0
gofr.dev/pkg/gofr/testutil/mock_config.go:11.63,15.2 1 0
gofr.dev/pkg/gofr/testutil/mock_config.go:17.43,19.2 1 0
gofr.dev/pkg/gofr/testutil/mock_config.go:21.55,23.9 2 0
gofr.dev/pkg/gofr/testutil/mock_config.go:23.9,25.3 1 0
gofr.dev/pkg/gofr/testutil/mock_config.go:27.2,27.12 1 0
gofr.dev/pkg/gofr/testutil/mock_logger.go:24.43,30.2 1 0
gofr.dev/pkg/gofr/testutil/mock_logger.go:32.48,34.2 1 0
gofr.dev/pkg/gofr/testutil/mock_logger.go:36.64,38.2 1 0
gofr.dev/pkg/gofr/testutil/mock_logger.go:40.49,42.2 1 0
gofr.dev/pkg/gofr/testutil/mock_logger.go:43.65,45.2 1 0
gofr.dev/pkg/gofr/testutil/mock_logger.go:47.50,49.2 1 0
gofr.dev/pkg/gofr/testutil/mock_logger.go:50.66,52.2 1 0
gofr.dev/pkg/gofr/testutil/mock_logger.go:54.49,56.2 1 0
gofr.dev/pkg/gofr/testutil/mock_logger.go:58.65,60.2 1 0
gofr.dev/pkg/gofr/testutil/mock_logger.go:62.47,64.2 1 0
gofr.dev/pkg/gofr/testutil/mock_logger.go:66.63,68.2 1 0
gofr.dev/pkg/gofr/testutil/mock_logger.go:70.48,72.2 1 0
gofr.dev/pkg/gofr/testutil/mock_logger.go:73.64,75.2 1 0
gofr.dev/pkg/gofr/testutil/mock_logger.go:77.49,79.2 1 0
gofr.dev/pkg/gofr/testutil/mock_logger.go:81.65,83.2 1 0
gofr.dev/pkg/gofr/testutil/mock_logger.go:85.74,86.21 1 0
gofr.dev/pkg/gofr/testutil/mock_logger.go:86.21,88.3 1 0
gofr.dev/pkg/gofr/testutil/mock_logger.go:90.2,91.23 2 0
gofr.dev/pkg/gofr/testutil/mock_logger.go:91.23,93.3 1 0
gofr.dev/pkg/gofr/testutil/mock_logger.go:95.2,97.9 2 0
gofr.dev/pkg/gofr/testutil/mock_logger.go:98.38,99.20 1 0
gofr.dev/pkg/gofr/testutil/mock_logger.go:100.38,101.17 1 0
gofr.dev/pkg/gofr/testutil/mock_logger.go:102.20,103.41 1 0
gofr.dev/pkg/gofr/testutil/mock_logger.go:106.2,106.35 1 0
gofr.dev/pkg/gofr/testutil/os.go:8.43,21.2 8 1
gofr.dev/pkg/gofr/testutil/os.go:23.43,36.2 8 1
gofr.dev/pkg/gofr/datasource/pubsub/message.go:18.47,19.16 1 1
gofr.dev/pkg/gofr/datasource/pubsub/message.go:19.16,21.3 1 0
gofr.dev/pkg/gofr/datasource/pubsub/message.go:23.2,23.27 1 1
gofr.dev/pkg/gofr/datasource/pubsub/message.go:26.45,28.2 1 1
gofr.dev/pkg/gofr/datasource/pubsub/message.go:30.42,31.18 1 1
gofr.dev/pkg/gofr/datasource/pubsub/message.go:31.18,33.3 1 1
gofr.dev/pkg/gofr/datasource/pubsub/message.go:35.2,35.11 1 1
gofr.dev/pkg/gofr/datasource/pubsub/message.go:38.46,40.2 1 1
gofr.dev/pkg/gofr/datasource/pubsub/message.go:42.45,46.2 2 1
gofr.dev/pkg/gofr/datasource/pubsub/message.go:48.37,50.2 1 1
gofr.dev/pkg/gofr/config/godotenv.go:11.47,16.2 3 1
gofr.dev/pkg/gofr/config/godotenv.go:18.39,22.2 2 1
gofr.dev/pkg/gofr/config/godotenv.go:23.42,25.2 1 1
gofr.dev/pkg/gofr/config/godotenv.go:27.65,28.38 1 1
gofr.dev/pkg/gofr/config/godotenv.go:28.38,30.3 1 0
gofr.dev/pkg/gofr/config/godotenv.go:32.2,32.21 1 1
gofr.dev/pkg/gofr/container/container.go:39.37,41.2 1 0
gofr.dev/pkg/gofr/container/container.go:43.50,52.2 3 1
gofr.dev/pkg/gofr/container/container.go:54.48,55.21 1 1
gofr.dev/pkg/gofr/container/container.go:55.21,57.3 1 1
gofr.dev/pkg/gofr/container/container.go:59.2,59.24 1 1
gofr.dev/pkg/gofr/container/container.go:59.24,61.3 1 1
gofr.dev/pkg/gofr/container/container.go:63.2,63.21 1 1
gofr.dev/pkg/gofr/container/container.go:63.21,66.3 1 1
gofr.dev/pkg/gofr/container/container.go:68.2,79.53 6 1
gofr.dev/pkg/gofr/container/container.go:80.15,81.38 1 1
gofr.dev/pkg/gofr/container/container.go:81.38,91.4 3 1
gofr.dev/pkg/gofr/container/container.go:92.16,96.15 1 1
gofr.dev/pkg/gofr/container/container.go:102.69,104.2 1 1
gofr.dev/pkg/gofr/container/container.go:106.47,108.2 1 1
gofr.dev/pkg/gofr/container/container.go:110.48,132.2 14 1
gofr.dev/pkg/gofr/container/container.go:134.41,136.2 1 1
gofr.dev/pkg/gofr/container/container.go:138.44,140.2 1 1
gofr.dev/pkg/gofr/container/container.go:142.53,144.2 1 1
gofr.dev/pkg/gofr/container/container.go:146.55,148.2 1 1
gofr.dev/pkg/gofr/container/health.go:5.61,8.18 2 1
gofr.dev/pkg/gofr/container/health.go:8.18,10.3 1 1
gofr.dev/pkg/gofr/container/health.go:12.2,12.20 1 1
gofr.dev/pkg/gofr/container/health.go:12.20,14.3 1 1
gofr.dev/pkg/gofr/container/health.go:16.2,16.36 1 1
gofr.dev/pkg/gofr/container/health.go:16.36,18.3 1 1
gofr.dev/pkg/gofr/container/health.go:20.2,20.20 1 1
gofr.dev/pkg/gofr/datasource/pubsub/message.go:18.47,19.16 1 0
gofr.dev/pkg/gofr/datasource/pubsub/message.go:19.16,21.3 1 0
gofr.dev/pkg/gofr/datasource/pubsub/message.go:23.2,23.27 1 0
gofr.dev/pkg/gofr/datasource/pubsub/message.go:26.45,28.2 1 0
gofr.dev/pkg/gofr/datasource/pubsub/message.go:30.42,31.18 1 0
gofr.dev/pkg/gofr/datasource/pubsub/message.go:31.18,33.3 1 0
gofr.dev/pkg/gofr/datasource/pubsub/message.go:35.2,35.11 1 0
gofr.dev/pkg/gofr/datasource/pubsub/message.go:38.46,40.2 1 0
gofr.dev/pkg/gofr/datasource/pubsub/message.go:42.45,46.2 2 0
gofr.dev/pkg/gofr/datasource/pubsub/message.go:48.37,50.2 1 0
gofr.dev/pkg/gofr/datasource/pubsub/google/google.go:31.59,33.16 2 1
gofr.dev/pkg/gofr/datasource/pubsub/google/google.go:33.16,37.3 2 1
gofr.dev/pkg/gofr/datasource/pubsub/google/google.go:39.2,40.16 2 0
gofr.dev/pkg/gofr/datasource/pubsub/google/google.go:40.16,44.3 1 0
gofr.dev/pkg/gofr/datasource/pubsub/google/google.go:46.2,50.3 1 0
gofr.dev/pkg/gofr/datasource/pubsub/google/google.go:53.42,54.26 1 1
gofr.dev/pkg/gofr/datasource/pubsub/google/google.go:54.26,56.3 1 1
gofr.dev/pkg/gofr/datasource/pubsub/google/google.go:58.2,58.33 1 0
gofr.dev/pkg/gofr/datasource/pubsub/google/google.go:58.33,60.3 1 0
gofr.dev/pkg/gofr/datasource/pubsub/google/google.go:62.2,62.12 1 0
gofr.dev/pkg/gofr/datasource/pubsub/google/google.go:65.89,67.16 2 0
gofr.dev/pkg/gofr/datasource/pubsub/google/google.go:67.16,69.3 1 0
gofr.dev/pkg/gofr/datasource/pubsub/google/google.go:71.2,77.16 3 0
gofr.dev/pkg/gofr/datasource/pubsub/google/google.go:77.16,79.3 1 0
gofr.dev/pkg/gofr/datasource/pubsub/google/google.go:81.2,83.12 2 0
gofr.dev/pkg/gofr/datasource/pubsub/google/google.go:86.94,90.16 3 0
gofr.dev/pkg/gofr/datasource/pubsub/google/google.go:90.16,92.3 1 0
gofr.dev/pkg/gofr/datasource/pubsub/google/google.go:94.2,95.16 2 0
gofr.dev/pkg/gofr/datasource/pubsub/google/google.go:95.16,97.3 1 0
gofr.dev/pkg/gofr/datasource/pubsub/google/google.go:99.2,101.81 2 0
gofr.dev/pkg/gofr/datasource/pubsub/google/google.go:101.81,111.3 2 0
gofr.dev/pkg/gofr/datasource/pubsub/google/google.go:113.2,113.16 1 0
gofr.dev/pkg/gofr/datasource/pubsub/google/google.go:113.16,117.3 2 0
gofr.dev/pkg/gofr/datasource/pubsub/google/google.go:119.2,121.15 2 0
gofr.dev/pkg/gofr/datasource/pubsub/google/google.go:124.93,128.49 2 0
gofr.dev/pkg/gofr/datasource/pubsub/google/google.go:128.49,130.28 2 0
gofr.dev/pkg/gofr/datasource/pubsub/google/google.go:130.28,132.4 1 0
gofr.dev/pkg/gofr/datasource/pubsub/google/google.go:135.2,135.15 1 0
gofr.dev/pkg/gofr/datasource/pubsub/google/google.go:138.116,143.16 3 0
gofr.dev/pkg/gofr/datasource/pubsub/google/google.go:143.16,147.3 2 0
gofr.dev/pkg/gofr/datasource/pubsub/google/google.go:150.2,150.9 1 0
gofr.dev/pkg/gofr/datasource/pubsub/google/google.go:150.9,155.17 2 0
gofr.dev/pkg/gofr/datasource/pubsub/google/google.go:155.17,157.4 1 0
gofr.dev/pkg/gofr/datasource/pubsub/google/google.go:160.2,160.26 1 0
gofr.dev/pkg/gofr/datasource/pubsub/google/message.go:11.61,13.2 1 0
gofr.dev/pkg/gofr/datasource/pubsub/google/message.go:15.35,17.2 1 0
gofr.dev/pkg/gofr/datasource/pubsub/kafka/kafka.go:37.58,39.16 2 1
gofr.dev/pkg/gofr/datasource/pubsub/kafka/kafka.go:39.16,43.3 2 1
gofr.dev/pkg/gofr/datasource/pubsub/kafka/kafka.go:45.2,64.3 4 0
gofr.dev/pkg/gofr/datasource/pubsub/kafka/kafka.go:67.41,68.23 1 1
gofr.dev/pkg/gofr/datasource/pubsub/kafka/kafka.go:68.23,70.3 1 0
gofr.dev/pkg/gofr/datasource/pubsub/kafka/kafka.go:72.2,72.32 1 1
gofr.dev/pkg/gofr/datasource/pubsub/kafka/kafka.go:72.32,74.3 1 1
gofr.dev/pkg/gofr/datasource/pubsub/kafka/kafka.go:76.2,76.12 1 0
gofr.dev/pkg/gofr/datasource/pubsub/kafka/kafka.go:79.88,80.36 1 0
gofr.dev/pkg/gofr/datasource/pubsub/kafka/kafka.go:80.36,82.3 1 0
gofr.dev/pkg/gofr/datasource/pubsub/kafka/kafka.go:84.2,92.16 2 0
gofr.dev/pkg/gofr/datasource/pubsub/kafka/kafka.go:92.16,95.3 2 0
gofr.dev/pkg/gofr/datasource/pubsub/kafka/kafka.go:97.2,99.12 2 0
gofr.dev/pkg/gofr/datasource/pubsub/kafka/kafka.go:102.93,107.28 3 0
gofr.dev/pkg/gofr/datasource/pubsub/kafka/kafka.go:107.28,109.3 1 0
gofr.dev/pkg/gofr/datasource/pubsub/kafka/kafka.go:112.2,118.16 4 0
gofr.dev/pkg/gofr/datasource/pubsub/kafka/kafka.go:118.16,122.3 2 0
gofr.dev/pkg/gofr/datasource/pubsub/kafka/kafka.go:124.2,133.15 3 0
gofr.dev/pkg/gofr/datasource/pubsub/kafka/kafka.go:136.37,138.16 2 0
gofr.dev/pkg/gofr/datasource/pubsub/kafka/kafka.go:138.16,142.3 2 0
gofr.dev/pkg/gofr/datasource/pubsub/kafka/kafka.go:144.2,144.12 1 0
gofr.dev/pkg/gofr/datasource/pubsub/kafka/kafka.go:147.57,159.2 2 0
gofr.dev/pkg/gofr/datasource/pubsub/kafka/message.go:17.93,23.2 1 0
gofr.dev/pkg/gofr/datasource/pubsub/kafka/message.go:25.36,27.16 2 0
gofr.dev/pkg/gofr/datasource/pubsub/kafka/message.go:27.16,29.3 1 0
gofr.dev/pkg/gofr/datasource/pubsub/kafka/mock_interfaces.go:27.57,31.2 3 0
gofr.dev/pkg/gofr/datasource/pubsub/kafka/mock_interfaces.go:34.55,36.2 1 0
gofr.dev/pkg/gofr/datasource/pubsub/kafka/mock_interfaces.go:39.90,42.25 3 0
gofr.dev/pkg/gofr/datasource/pubsub/kafka/mock_interfaces.go:42.25,44.3 1 0
gofr.dev/pkg/gofr/datasource/pubsub/kafka/mock_interfaces.go:45.2,47.13 3 0
gofr.dev/pkg/gofr/datasource/pubsub/kafka/mock_interfaces.go:51.101,55.2 3 0
gofr.dev/pkg/gofr/datasource/pubsub/kafka/mock_interfaces.go:58.81,64.2 5 0
gofr.dev/pkg/gofr/datasource/pubsub/kafka/mock_interfaces.go:67.77,70.2 2 0
gofr.dev/pkg/gofr/datasource/pubsub/kafka/mock_interfaces.go:84.57,88.2 3 0
gofr.dev/pkg/gofr/datasource/pubsub/kafka/mock_interfaces.go:91.55,93.2 1 0
gofr.dev/pkg/gofr/datasource/pubsub/kafka/mock_interfaces.go:96.36,101.2 4 0
gofr.dev/pkg/gofr/datasource/pubsub/kafka/mock_interfaces.go:104.56,107.2 2 0
gofr.dev/pkg/gofr/datasource/pubsub/kafka/mock_interfaces.go:110.88,113.24 3 0
gofr.dev/pkg/gofr/datasource/pubsub/kafka/mock_interfaces.go:113.24,115.3 1 0
gofr.dev/pkg/gofr/datasource/pubsub/kafka/mock_interfaces.go:116.2,118.13 3 0
gofr.dev/pkg/gofr/datasource/pubsub/kafka/mock_interfaces.go:122.99,126.2 3 0
gofr.dev/pkg/gofr/datasource/redis/health.go:11.49,21.21 5 1
gofr.dev/pkg/gofr/datasource/redis/health.go:21.21,26.3 3 1
gofr.dev/pkg/gofr/datasource/redis/health.go:28.2,29.16 2 0
gofr.dev/pkg/gofr/datasource/redis/health.go:29.16,34.3 3 0
gofr.dev/pkg/gofr/datasource/redis/health.go:36.2,39.10 3 0
gofr.dev/pkg/gofr/datasource/redis/hook.go:27.36,28.20 1 0
gofr.dev/pkg/gofr/datasource/redis/hook.go:28.20,30.3 1 0
gofr.dev/pkg/gofr/datasource/redis/hook.go:32.2,32.32 1 0
gofr.dev/pkg/gofr/datasource/redis/hook.go:33.21,35.28 2 0
gofr.dev/pkg/gofr/datasource/redis/hook.go:35.28,37.4 1 0
gofr.dev/pkg/gofr/datasource/redis/hook.go:39.3,39.36 1 0
gofr.dev/pkg/gofr/datasource/redis/hook.go:40.10,41.29 1 0
gofr.dev/pkg/gofr/datasource/redis/hook.go:46.82,57.2 3 1
gofr.dev/pkg/gofr/datasource/redis/hook.go:60.66,62.2 1 1
gofr.dev/pkg/gofr/datasource/redis/hook.go:65.75,66.58 1 1
gofr.dev/pkg/gofr/datasource/redis/hook.go:66.58,72.3 4 1
gofr.dev/pkg/gofr/datasource/redis/hook.go:76.99,77.61 1 1
gofr.dev/pkg/gofr/datasource/redis/hook.go:77.61,83.3 4 0
gofr.dev/pkg/gofr/datasource/redis/metrics_interface.go:26.59,30.2 3 0
gofr.dev/pkg/gofr/datasource/redis/metrics_interface.go:33.57,35.2 1 0
gofr.dev/pkg/gofr/datasource/redis/metrics_interface.go:38.106,41.27 3 0
gofr.dev/pkg/gofr/datasource/redis/metrics_interface.go:41.27,43.3 1 0
gofr.dev/pkg/gofr/datasource/redis/metrics_interface.go:44.2,44.47 1 0
gofr.dev/pkg/gofr/datasource/redis/metrics_interface.go:48.118,52.2 3 0
gofr.dev/pkg/gofr/datasource/redis/redis.go:35.83,38.76 2 1
gofr.dev/pkg/gofr/datasource/redis/redis.go:38.76,40.3 1 1
gofr.dev/pkg/gofr/datasource/redis/redis.go:42.2,43.16 2 1
gofr.dev/pkg/gofr/datasource/redis/redis.go:43.16,45.3 1 1
gofr.dev/pkg/gofr/datasource/redis/redis.go:47.2,51.24 3 1
gofr.dev/pkg/gofr/datasource/redis/redis.go:51.24,53.3 1 1
gofr.dev/pkg/gofr/datasource/redis/redis.go:55.2,63.43 6 1
gofr.dev/pkg/gofr/datasource/redis/redis.go:63.43,67.3 2 1
gofr.dev/pkg/gofr/datasource/redis/redis.go:69.2,69.51 1 0
gofr.dev/pkg/gofr/datasource/redis/redis.go:69.51,71.3 1 0
gofr.dev/pkg/gofr/datasource/redis/redis.go:73.2,75.64 2 0
gofr.dev/pkg/gofr/datasource/sql/db.go:30.86,42.2 3 0
gofr.dev/pkg/gofr/datasource/sql/db.go:44.44,49.2 3 0
gofr.dev/pkg/gofr/datasource/sql/db.go:51.74,54.2 2 0
gofr.dev/pkg/gofr/datasource/sql/db.go:56.67,59.2 2 0
gofr.dev/pkg/gofr/datasource/sql/db.go:61.95,64.2 2 0
gofr.dev/pkg/gofr/datasource/sql/db.go:66.74,69.2 2 0
gofr.dev/pkg/gofr/datasource/sql/db.go:71.102,74.2 2 0
gofr.dev/pkg/gofr/datasource/sql/db.go:76.55,79.2 2 0
gofr.dev/pkg/gofr/datasource/sql/db.go:81.35,83.16 2 0
gofr.dev/pkg/gofr/datasource/sql/db.go:83.16,85.3 1 0
gofr.dev/pkg/gofr/datasource/sql/db.go:87.2,87.63 1 0
gofr.dev/pkg/gofr/datasource/sql/db.go:96.86,108.2 3 0
gofr.dev/pkg/gofr/datasource/sql/db.go:110.74,113.2 2 0
gofr.dev/pkg/gofr/datasource/sql/db.go:115.67,118.2 2 0
gofr.dev/pkg/gofr/datasource/sql/db.go:120.95,123.2 2 0
gofr.dev/pkg/gofr/datasource/sql/db.go:125.74,128.2 2 0
gofr.dev/pkg/gofr/datasource/sql/db.go:130.102,133.2 2 0
gofr.dev/pkg/gofr/datasource/sql/db.go:135.55,138.2 2 0
gofr.dev/pkg/gofr/datasource/sql/db.go:140.29,143.2 2 0
gofr.dev/pkg/gofr/datasource/sql/db.go:145.31,148.2 2 0
gofr.dev/pkg/gofr/datasource/sql/db.go:179.95,181.22 1 0
gofr.dev/pkg/gofr/datasource/sql/db.go:181.22,183.3 1 0
gofr.dev/pkg/gofr/datasource/sql/db.go:186.2,187.31 2 0
gofr.dev/pkg/gofr/datasource/sql/db.go:187.31,191.3 2 0
gofr.dev/pkg/gofr/datasource/sql/db.go:195.2,197.19 2 0
gofr.dev/pkg/gofr/datasource/sql/db.go:198.21,200.17 2 0
gofr.dev/pkg/gofr/datasource/sql/db.go:200.17,204.4 2 0
gofr.dev/pkg/gofr/datasource/sql/db.go:206.3,206.19 1 0
gofr.dev/pkg/gofr/datasource/sql/db.go:206.19,209.49 2 0
gofr.dev/pkg/gofr/datasource/sql/db.go:209.49,211.5 1 0
gofr.dev/pkg/gofr/datasource/sql/db.go:211.10,213.5 1 0
gofr.dev/pkg/gofr/datasource/sql/db.go:215.4,215.39 1 0
gofr.dev/pkg/gofr/datasource/sql/db.go:218.3,218.26 1 0
gofr.dev/pkg/gofr/datasource/sql/db.go:218.26,220.4 1 0
gofr.dev/pkg/gofr/datasource/sql/db.go:222.22,224.19 2 0
gofr.dev/pkg/gofr/datasource/sql/db.go:224.19,226.4 1 0
gofr.dev/pkg/gofr/datasource/sql/db.go:228.10,229.75 1 0
gofr.dev/pkg/gofr/datasource/sql/db.go:233.61,235.30 2 0
gofr.dev/pkg/gofr/datasource/sql/db.go:235.30,237.3 1 0
gofr.dev/pkg/gofr/datasource/sql/db.go:240.2,242.43 2 0
gofr.dev/pkg/gofr/datasource/sql/db.go:242.43,248.16 4 0
gofr.dev/pkg/gofr/datasource/sql/db.go:248.16,250.4 1 0
gofr.dev/pkg/gofr/datasource/sql/db.go:250.9,252.4 1 0
gofr.dev/pkg/gofr/datasource/sql/db.go:254.3,254.27 1 0
gofr.dev/pkg/gofr/datasource/sql/db.go:257.2,260.28 3 0
gofr.dev/pkg/gofr/datasource/sql/db.go:260.28,261.37 1 0
gofr.dev/pkg/gofr/datasource/sql/db.go:261.37,263.4 1 0
gofr.dev/pkg/gofr/datasource/sql/db.go:263.9,266.4 2 0
gofr.dev/pkg/gofr/datasource/sql/db.go:269.2,271.17 2 0
gofr.dev/pkg/gofr/datasource/sql/db.go:271.17,273.3 1 0
gofr.dev/pkg/gofr/datasource/sql/db.go:279.37,284.2 3 0
gofr.dev/pkg/gofr/datasource/sql/health.go:26.47,33.17 3 1
gofr.dev/pkg/gofr/datasource/sql/health.go:33.17,37.3 2 0
gofr.dev/pkg/gofr/datasource/sql/health.go:39.2,43.16 4 1
gofr.dev/pkg/gofr/datasource/sql/health.go:43.16,47.3 2 0
gofr.dev/pkg/gofr/datasource/sql/health.go:49.2,64.11 4 1
gofr.dev/pkg/gofr/datasource/sql/mock_metrics.go:31.59,35.2 3 0
gofr.dev/pkg/gofr/datasource/sql/mock_metrics.go:38.57,40.2 1 0
gofr.dev/pkg/gofr/datasource/sql/mock_metrics.go:43.106,46.27 3 0
gofr.dev/pkg/gofr/datasource/sql/mock_metrics.go:46.27,48.3 1 0
gofr.dev/pkg/gofr/datasource/sql/mock_metrics.go:49.2,49.47 1 0
gofr.dev/pkg/gofr/datasource/sql/mock_metrics.go:53.102,57.2 3 0
gofr.dev/pkg/gofr/datasource/sql/mock_metrics.go:60.60,63.2 2 0
gofr.dev/pkg/gofr/datasource/sql/mock_metrics.go:66.75,69.2 2 0
gofr.dev/pkg/gofr/datasource/sql/sql.go:29.83,33.55 2 1
gofr.dev/pkg/gofr/datasource/sql/sql.go:33.55,35.3 1 1
gofr.dev/pkg/gofr/datasource/sql/sql.go:37.2,38.16 2 1
gofr.dev/pkg/gofr/datasource/sql/sql.go:38.16,41.3 2 0
gofr.dev/pkg/gofr/datasource/sql/sql.go:43.2,44.16 2 1
gofr.dev/pkg/gofr/datasource/sql/sql.go:44.16,49.3 2 0
gofr.dev/pkg/gofr/datasource/sql/sql.go:51.2,51.34 1 1
gofr.dev/pkg/gofr/datasource/sql/sql.go:51.34,56.3 2 1
gofr.dev/pkg/gofr/datasource/sql/sql.go:58.2,62.72 3 0
gofr.dev/pkg/gofr/datasource/sql/sql.go:65.51,74.2 1 1
gofr.dev/pkg/gofr/datasource/sql/sql.go:76.64,77.26 1 1
gofr.dev/pkg/gofr/datasource/sql/sql.go:78.15,85.9 1 1
gofr.dev/pkg/gofr/datasource/sql/sql.go:86.18,88.95 1 0
gofr.dev/pkg/gofr/datasource/sql/sql.go:89.10,90.35 1 0
gofr.dev/pkg/gofr/datasource/sql/sql.go:94.49,97.6 2 0
gofr.dev/pkg/gofr/datasource/sql/sql.go:97.6,104.3 4 0
gofr.dev/pkg/gofr/http/middleware/cors.go:5.51,6.47 1 0
gofr.dev/pkg/gofr/http/middleware/cors.go:6.47,7.72 1 0
gofr.dev/pkg/gofr/http/middleware/cors.go:7.72,11.38 3 0
gofr.dev/pkg/gofr/http/middleware/cors.go:11.38,14.5 2 0
gofr.dev/pkg/gofr/http/middleware/cors.go:16.4,16.25 1 0
gofr.dev/pkg/gofr/http/middleware/logger.go:19.56,22.2 2 0
gofr.dev/pkg/gofr/http/middleware/logger.go:42.67,43.47 1 0
gofr.dev/pkg/gofr/http/middleware/logger.go:43.47,44.72 1 0
gofr.dev/pkg/gofr/http/middleware/logger.go:44.72,51.61 6 0
gofr.dev/pkg/gofr/http/middleware/logger.go:51.61,63.22 2 0
gofr.dev/pkg/gofr/http/middleware/logger.go:63.22,65.6 1 0
gofr.dev/pkg/gofr/http/middleware/logger.go:68.4,70.27 2 0
gofr.dev/pkg/gofr/http/middleware/logger.go:75.43,82.21 3 0
gofr.dev/pkg/gofr/http/middleware/logger.go:82.21,84.3 1 0
gofr.dev/pkg/gofr/http/middleware/logger.go:86.2,86.37 1 0
gofr.dev/pkg/gofr/http/middleware/logger.go:94.58,97.15 2 0
gofr.dev/pkg/gofr/http/middleware/logger.go:97.15,99.25 2 0
gofr.dev/pkg/gofr/http/middleware/logger.go:100.15,101.9 1 0
gofr.dev/pkg/gofr/http/middleware/logger.go:102.14,103.17 1 0
gofr.dev/pkg/gofr/http/middleware/logger.go:104.11,105.28 1 0
gofr.dev/pkg/gofr/http/middleware/logger.go:107.3,115.37 4 0
gofr.dev/pkg/gofr/http/middleware/metrics.go:20.69,21.47 1 0
gofr.dev/pkg/gofr/http/middleware/metrics.go:21.47,22.72 1 0
gofr.dev/pkg/gofr/http/middleware/metrics.go:22.72,31.61 5 0
gofr.dev/pkg/gofr/http/middleware/metrics.go:31.61,36.5 2 0
gofr.dev/pkg/gofr/http/middleware/metrics.go:38.4,38.27 1 0
gofr.dev/pkg/gofr/http/middleware/tracer.go:12.46,13.71 1 0
gofr.dev/pkg/gofr/http/middleware/tracer.go:13.71,28.3 6 0
gofr.dev/pkg/gofr/logging/dynamicLevelLogger.go:17.87,19.16 2 1
gofr.dev/pkg/gofr/logging/dynamicLevelLogger.go:19.16,21.3 1 0
gofr.dev/pkg/gofr/logging/dynamicLevelLogger.go:23.2,30.27 2 1
gofr.dev/pkg/gofr/logging/dynamicLevelLogger.go:30.27,32.3 1 0
gofr.dev/pkg/gofr/logging/dynamicLevelLogger.go:34.2,34.10 1 1
gofr.dev/pkg/gofr/logging/dynamicLevelLogger.go:44.41,52.21 5 0
gofr.dev/pkg/gofr/logging/dynamicLevelLogger.go:52.21,54.17 2 0
gofr.dev/pkg/gofr/logging/dynamicLevelLogger.go:54.17,57.34 2 0
gofr.dev/pkg/gofr/logging/dynamicLevelLogger.go:57.34,60.5 2 0
gofr.dev/pkg/gofr/logging/dynamicLevelLogger.go:65.92,70.16 4 0
gofr.dev/pkg/gofr/logging/dynamicLevelLogger.go:70.16,72.3 1 0
gofr.dev/pkg/gofr/logging/dynamicLevelLogger.go:73.2,83.16 4 0
gofr.dev/pkg/gofr/logging/dynamicLevelLogger.go:83.16,85.3 1 0
gofr.dev/pkg/gofr/logging/dynamicLevelLogger.go:87.2,88.16 2 0
gofr.dev/pkg/gofr/logging/dynamicLevelLogger.go:88.16,90.3 1 0
gofr.dev/pkg/gofr/logging/dynamicLevelLogger.go:92.2,92.28 1 0
gofr.dev/pkg/gofr/logging/dynamicLevelLogger.go:92.28,95.3 2 0
gofr.dev/pkg/gofr/logging/dynamicLevelLogger.go:97.2,97.26 1 0
gofr.dev/pkg/gofr/logging/level.go:29.32,30.11 1 1
gofr.dev/pkg/gofr/logging/level.go:31.13,32.20 1 0
gofr.dev/pkg/gofr/logging/level.go:33.12,34.19 1 0
gofr.dev/pkg/gofr/logging/level.go:35.14,36.21 1 0
gofr.dev/pkg/gofr/logging/level.go:37.12,38.19 1 0
gofr.dev/pkg/gofr/logging/level.go:39.13,40.20 1 1
gofr.dev/pkg/gofr/logging/level.go:41.13,42.20 1 0
gofr.dev/pkg/gofr/logging/level.go:43.10,44.12 1 0
gofr.dev/pkg/gofr/logging/level.go:49.29,50.11 1 0
gofr.dev/pkg/gofr/logging/level.go:51.20,52.13 1 0
gofr.dev/pkg/gofr/logging/level.go:53.20,54.13 1 0
gofr.dev/pkg/gofr/logging/level.go:55.12,56.11 1 0
gofr.dev/pkg/gofr/logging/level.go:57.13,58.11 1 0
gofr.dev/pkg/gofr/logging/level.go:59.10,60.12 1 0
gofr.dev/pkg/gofr/logging/level.go:64.46,70.2 4 1
gofr.dev/pkg/gofr/logging/level.go:72.45,73.32 1 1
gofr.dev/pkg/gofr/logging/level.go:74.18,75.15 1 0
gofr.dev/pkg/gofr/logging/level.go:76.17,77.14 1 0
gofr.dev/pkg/gofr/logging/level.go:78.19,79.16 1 0
gofr.dev/pkg/gofr/logging/level.go:80.17,81.14 1 0
gofr.dev/pkg/gofr/logging/level.go:82.18,83.15 1 0
gofr.dev/pkg/gofr/logging/level.go:84.18,85.15 1 0
gofr.dev/pkg/gofr/logging/level.go:86.10,87.14 1 1
gofr.dev/pkg/gofr/logging/logger.go:51.72,52.21 1 1
gofr.dev/pkg/gofr/logging/logger.go:52.21,54.3 1 1
gofr.dev/pkg/gofr/logging/logger.go:56.2,57.20 2 1
gofr.dev/pkg/gofr/logging/logger.go:57.20,59.3 1 1
gofr.dev/pkg/gofr/logging/logger.go:61.2,66.9 2 1
gofr.dev/pkg/gofr/logging/logger.go:67.38,68.26 1 0
gofr.dev/pkg/gofr/logging/logger.go:69.38,70.23 1 0
gofr.dev/pkg/gofr/logging/logger.go:71.20,72.50 1 1
gofr.dev/pkg/gofr/logging/logger.go:75.2,75.18 1 1
gofr.dev/pkg/gofr/logging/logger.go:75.18,77.3 1 0
gofr.dev/pkg/gofr/logging/logger.go:77.8,79.3 1 1
gofr.dev/pkg/gofr/logging/logger.go:82.45,84.2 1 1
gofr.dev/pkg/gofr/logging/logger.go:86.61,88.2 1 0
gofr.dev/pkg/gofr/logging/logger.go:90.44,92.2 1 0
gofr.dev/pkg/gofr/logging/logger.go:94.60,96.2 1 0
gofr.dev/pkg/gofr/logging/logger.go:98.46,100.2 1 0
gofr.dev/pkg/gofr/logging/logger.go:102.62,104.2 1 0
gofr.dev/pkg/gofr/logging/logger.go:106.44,108.2 1 0
gofr.dev/pkg/gofr/logging/logger.go:110.60,112.2 1 0
gofr.dev/pkg/gofr/logging/logger.go:114.43,116.2 1 0
gofr.dev/pkg/gofr/logging/logger.go:118.59,120.2 1 0
gofr.dev/pkg/gofr/logging/logger.go:122.45,124.2 1 0
gofr.dev/pkg/gofr/logging/logger.go:126.61,128.2 1 1
gofr.dev/pkg/gofr/logging/logger.go:130.45,135.2 2 0
gofr.dev/pkg/gofr/logging/logger.go:137.61,140.2 2 0
gofr.dev/pkg/gofr/logging/logger.go:142.57,145.33 1 0
gofr.dev/pkg/gofr/logging/logger.go:146.29,149.130 1 0
gofr.dev/pkg/gofr/logging/logger.go:150.15,152.112 1 0
gofr.dev/pkg/gofr/logging/logger.go:153.22,154.30 1 0
gofr.dev/pkg/gofr/logging/logger.go:154.30,158.4 1 0
gofr.dev/pkg/gofr/logging/logger.go:158.9,161.4 1 0
gofr.dev/pkg/gofr/logging/logger.go:162.19,165.64 1 0
gofr.dev/pkg/gofr/logging/logger.go:166.24,170.82 1 0
gofr.dev/pkg/gofr/logging/logger.go:171.10,172.137 1 0
gofr.dev/pkg/gofr/logging/logger.go:177.41,184.9 2 0
gofr.dev/pkg/gofr/logging/logger.go:185.37,186.14 1 0
gofr.dev/pkg/gofr/logging/logger.go:187.37,188.16 1 0
gofr.dev/pkg/gofr/logging/logger.go:189.37,190.13 1 0
gofr.dev/pkg/gofr/logging/logger.go:193.2,193.10 1 0
gofr.dev/pkg/gofr/logging/logger.go:196.36,207.2 4 1
gofr.dev/pkg/gofr/logging/logger.go:210.40,216.16 2 0
gofr.dev/pkg/gofr/logging/logger.go:216.16,218.3 1 0
gofr.dev/pkg/gofr/logging/logger.go:220.2,221.16 2 0
gofr.dev/pkg/gofr/logging/logger.go:221.16,223.3 1 0
gofr.dev/pkg/gofr/logging/logger.go:225.2,228.10 3 0
gofr.dev/pkg/gofr/logging/logger.go:231.40,232.23 1 1
gofr.dev/pkg/gofr/logging/logger.go:233.16,234.38 1 1
gofr.dev/pkg/gofr/logging/logger.go:235.10,236.15 1 0
gofr.dev/pkg/gofr/logging/logger.go:240.43,242.2 1 0
gofr.dev/pkg/gofr/metrics/errors.go:13.50,15.2 1 0
gofr.dev/pkg/gofr/metrics/errors.go:17.46,19.2 1 0
gofr.dev/pkg/gofr/metrics/handler.go:11.41,18.2 3 0
gofr.dev/pkg/gofr/metrics/handler.go:20.70,21.71 1 0
gofr.dev/pkg/gofr/metrics/handler.go:21.71,33.3 8 0
gofr.dev/pkg/gofr/metrics/register.go:38.67,44.2 1 1
gofr.dev/pkg/gofr/metrics/register.go:53.56,55.16 2 0
gofr.dev/pkg/gofr/metrics/register.go:55.16,59.3 2 0
gofr.dev/pkg/gofr/metrics/register.go:61.2,62.16 2 0
gofr.dev/pkg/gofr/metrics/register.go:62.16,64.3 1 0
gofr.dev/pkg/gofr/metrics/register.go:71.62,73.16 2 0
gofr.dev/pkg/gofr/metrics/register.go:73.16,77.3 2 0
gofr.dev/pkg/gofr/metrics/register.go:79.2,80.16 2 0
gofr.dev/pkg/gofr/metrics/register.go:80.16,82.3 1 0
gofr.dev/pkg/gofr/metrics/register.go:98.78,101.16 2 1
gofr.dev/pkg/gofr/metrics/register.go:101.16,105.3 2 0
gofr.dev/pkg/gofr/metrics/register.go:107.2,108.16 2 1
gofr.dev/pkg/gofr/metrics/register.go:108.16,110.3 1 0
gofr.dev/pkg/gofr/metrics/register.go:118.54,120.16 2 1
gofr.dev/pkg/gofr/metrics/register.go:120.16,124.3 2 0
gofr.dev/pkg/gofr/metrics/register.go:126.2,127.16 2 1
gofr.dev/pkg/gofr/metrics/register.go:127.16,129.3 1 0
gofr.dev/pkg/gofr/metrics/register.go:147.95,149.16 2 0
gofr.dev/pkg/gofr/metrics/register.go:149.16,153.3 2 0
gofr.dev/pkg/gofr/metrics/register.go:155.2,155.81 1 0
gofr.dev/pkg/gofr/metrics/register.go:172.112,174.16 2 0
gofr.dev/pkg/gofr/metrics/register.go:174.16,178.3 2 0
gofr.dev/pkg/gofr/metrics/register.go:180.2,180.91 1 0
gofr.dev/pkg/gofr/metrics/register.go:192.109,194.16 2 1
gofr.dev/pkg/gofr/metrics/register.go:194.16,198.3 2 0
gofr.dev/pkg/gofr/metrics/register.go:200.2,200.90 1 1
gofr.dev/pkg/gofr/metrics/register.go:210.63,212.16 2 0
gofr.dev/pkg/gofr/metrics/register.go:212.16,216.3 2 0
gofr.dev/pkg/gofr/metrics/register.go:218.2,219.16 2 0
gofr.dev/pkg/gofr/metrics/register.go:219.16,221.3 1 0
gofr.dev/pkg/gofr/metrics/register.go:224.119,225.58 1 0
gofr.dev/pkg/gofr/metrics/register.go:225.58,229.3 2 0
gofr.dev/pkg/gofr/metrics/register.go:233.92,235.24 2 1
gofr.dev/pkg/gofr/metrics/register.go:235.24,237.3 1 0
gofr.dev/pkg/gofr/metrics/register.go:239.2,240.36 2 1
gofr.dev/pkg/gofr/metrics/register.go:240.36,242.3 1 0
gofr.dev/pkg/gofr/metrics/register.go:244.2,246.19 2 1
gofr.dev/pkg/gofr/metrics/register.go:246.19,247.41 1 1
gofr.dev/pkg/gofr/metrics/register.go:247.41,249.4 1 1
gofr.dev/pkg/gofr/metrics/register.go:252.2,252.19 1 1
gofr.dev/pkg/gofr/metrics/store.go:25.27,32.2 1 1
gofr.dev/pkg/gofr/metrics/store.go:34.69,36.9 2 0
gofr.dev/pkg/gofr/metrics/store.go:36.9,38.3 1 0
gofr.dev/pkg/gofr/metrics/store.go:40.2,40.15 1 0
gofr.dev/pkg/gofr/metrics/store.go:43.83,45.9 2 0
gofr.dev/pkg/gofr/metrics/store.go:45.9,47.3 1 0
gofr.dev/pkg/gofr/metrics/store.go:49.2,49.15 1 0
gofr.dev/pkg/gofr/metrics/store.go:52.75,54.9 2 1
gofr.dev/pkg/gofr/metrics/store.go:54.9,56.3 1 0
gofr.dev/pkg/gofr/metrics/store.go:58.2,58.15 1 1
gofr.dev/pkg/gofr/metrics/store.go:61.77,63.9 2 0
gofr.dev/pkg/gofr/metrics/store.go:63.9,65.3 1 0
gofr.dev/pkg/gofr/metrics/store.go:67.2,67.15 1 0
gofr.dev/pkg/gofr/metrics/store.go:70.69,72.9 2 0
gofr.dev/pkg/gofr/metrics/store.go:72.9,76.3 2 0
gofr.dev/pkg/gofr/metrics/store.go:78.2,78.52 1 0
gofr.dev/pkg/gofr/metrics/store.go:81.83,83.9 2 0
gofr.dev/pkg/gofr/metrics/store.go:83.9,87.3 2 0
gofr.dev/pkg/gofr/metrics/store.go:89.2,89.52 1 0
gofr.dev/pkg/gofr/metrics/store.go:92.75,94.9 2 1
gofr.dev/pkg/gofr/metrics/store.go:94.9,98.3 2 1
gofr.dev/pkg/gofr/metrics/store.go:100.2,100.52 1 0
gofr.dev/pkg/gofr/metrics/store.go:103.77,105.9 2 1
gofr.dev/pkg/gofr/metrics/store.go:105.9,109.3 2 1
gofr.dev/pkg/gofr/metrics/store.go:111.2,111.52 1 0
gofr.dev/pkg/gofr/metrics/exporters/exporter.go:11.58,13.16 2 1
gofr.dev/pkg/gofr/metrics/exporters/exporter.go:13.16,15.3 1 0
gofr.dev/pkg/gofr/metrics/exporters/exporter.go:17.2,24.14 2 1
gofr.dev/pkg/gofr/service/circuit_breaker.go:42.77,54.2 3 0
gofr.dev/pkg/gofr/service/circuit_breaker.go:58.34,62.27 3 0
gofr.dev/pkg/gofr/service/circuit_breaker.go:62.27,63.47 1 0
gofr.dev/pkg/gofr/service/circuit_breaker.go:63.47,65.27 1 0
gofr.dev/pkg/gofr/service/circuit_breaker.go:65.27,68.5 2 0
gofr.dev/pkg/gofr/service/circuit_breaker.go:71.3,71.29 1 0
gofr.dev/pkg/gofr/service/circuit_breaker.go:74.2,76.16 2 0
gofr.dev/pkg/gofr/service/circuit_breaker.go:76.16,78.3 1 0
gofr.dev/pkg/gofr/service/circuit_breaker.go:78.8,80.3 1 0
gofr.dev/pkg/gofr/service/circuit_breaker.go:82.2,82.36 1 0
gofr.dev/pkg/gofr/service/circuit_breaker.go:82.36,85.3 2 0
gofr.dev/pkg/gofr/service/circuit_breaker.go:87.2,87.20 1 0
gofr.dev/pkg/gofr/service/circuit_breaker.go:91.41,96.2 3 0
gofr.dev/pkg/gofr/service/circuit_breaker.go:99.65,103.2 2 0
gofr.dev/pkg/gofr/service/circuit_breaker.go:106.47,109.21 2 0
gofr.dev/pkg/gofr/service/circuit_breaker.go:109.21,110.18 1 0
gofr.dev/pkg/gofr/service/circuit_breaker.go:110.18,111.14 1 0
gofr.dev/pkg/gofr/service/circuit_breaker.go:111.14,112.39 1 0
gofr.dev/pkg/gofr/service/circuit_breaker.go:112.39,114.6 1 0
gofr.dev/pkg/gofr/service/circuit_breaker.go:121.41,124.2 2 0
gofr.dev/pkg/gofr/service/circuit_breaker.go:127.42,130.2 2 0
gofr.dev/pkg/gofr/service/circuit_breaker.go:133.43,135.36 2 0
gofr.dev/pkg/gofr/service/circuit_breaker.go:135.36,137.3 1 0
gofr.dev/pkg/gofr/service/circuit_breaker.go:141.47,143.2 1 0
gofr.dev/pkg/gofr/service/circuit_breaker.go:145.56,147.2 1 0
gofr.dev/pkg/gofr/service/circuit_breaker.go:149.53,150.80 1 0
gofr.dev/pkg/gofr/service/circuit_breaker.go:150.80,153.3 2 0
gofr.dev/pkg/gofr/service/circuit_breaker.go:155.2,155.14 1 0
gofr.dev/pkg/gofr/service/circuit_breaker.go:158.109,159.16 1 0
gofr.dev/pkg/gofr/service/circuit_breaker.go:159.16,161.3 1 0
gofr.dev/pkg/gofr/service/circuit_breaker.go:163.2,164.9 2 0
gofr.dev/pkg/gofr/service/circuit_breaker.go:164.9,166.3 1 0
gofr.dev/pkg/gofr/service/circuit_breaker.go:168.2,168.22 1 0
gofr.dev/pkg/gofr/service/circuit_breaker.go:172.66,173.17 1 0
gofr.dev/pkg/gofr/service/circuit_breaker.go:173.17,174.31 1 0
gofr.dev/pkg/gofr/service/circuit_breaker.go:174.31,176.4 1 0
gofr.dev/pkg/gofr/service/circuit_breaker.go:179.2,183.16 3 0
gofr.dev/pkg/gofr/service/circuit_breaker.go:184.22,185.101 1 0
gofr.dev/pkg/gofr/service/circuit_breaker.go:185.101,187.4 1 0
gofr.dev/pkg/gofr/service/circuit_breaker.go:188.23,189.101 1 0
gofr.dev/pkg/gofr/service/circuit_breaker.go:189.101,191.4 1 0
gofr.dev/pkg/gofr/service/circuit_breaker.go:192.24,193.101 1 0
gofr.dev/pkg/gofr/service/circuit_breaker.go:193.101,195.4 1 0
gofr.dev/pkg/gofr/service/circuit_breaker.go:196.22,197.101 1 0
gofr.dev/pkg/gofr/service/circuit_breaker.go:197.101,199.4 1 0
gofr.dev/pkg/gofr/service/circuit_breaker.go:200.25,201.101 1 0
gofr.dev/pkg/gofr/service/circuit_breaker.go:201.101,203.4 1 0
gofr.dev/pkg/gofr/service/circuit_breaker.go:206.2,207.16 2 0
gofr.dev/pkg/gofr/service/circuit_breaker.go:207.16,209.3 1 0
gofr.dev/pkg/gofr/service/circuit_breaker.go:211.2,211.18 1 0
gofr.dev/pkg/gofr/service/circuit_breaker.go:215.53,217.2 1 0
gofr.dev/pkg/gofr/service/circuit_breaker.go:221.66,223.2 1 0
gofr.dev/pkg/gofr/service/circuit_breaker.go:227.66,229.2 1 0
gofr.dev/pkg/gofr/service/circuit_breaker.go:233.66,235.2 1 0
gofr.dev/pkg/gofr/service/circuit_breaker.go:239.25,241.2 1 0
gofr.dev/pkg/gofr/service/circuit_breaker.go:243.125,245.2 1 0
gofr.dev/pkg/gofr/service/circuit_breaker.go:249.39,251.2 1 0
gofr.dev/pkg/gofr/service/circuit_breaker.go:255.39,257.2 1 0
gofr.dev/pkg/gofr/service/circuit_breaker.go:261.39,263.2 1 0
gofr.dev/pkg/gofr/service/circuit_breaker.go:267.25,269.2 1 0
gofr.dev/pkg/gofr/service/health.go:18.64,20.2 1 1
gofr.dev/pkg/gofr/service/health.go:22.98,29.31 3 1
gofr.dev/pkg/gofr/service/health.go:29.31,34.3 3 0
gofr.dev/pkg/gofr/service/health.go:36.2,40.38 3 1
gofr.dev/pkg/gofr/service/health.go:40.38,44.3 2 1
gofr.dev/pkg/gofr/service/health.go:46.2,49.24 3 0
gofr.dev/pkg/gofr/service/health_config.go:9.49,14.2 1 0
gofr.dev/pkg/gofr/service/health_config.go:21.72,23.2 1 0
gofr.dev/pkg/gofr/service/mock_metrics.go:31.59,35.2 3 0
gofr.dev/pkg/gofr/service/mock_metrics.go:38.57,40.2 1 0
gofr.dev/pkg/gofr/service/mock_metrics.go:43.106,46.27 3 0
gofr.dev/pkg/gofr/service/mock_metrics.go:46.27,48.3 1 0
gofr.dev/pkg/gofr/service/mock_metrics.go:49.2,49.47 1 0
gofr.dev/pkg/gofr/service/mock_metrics.go:53.102,57.2 3 0
gofr.dev/pkg/gofr/service/new.go:68.101,82.28 4 1
gofr.dev/pkg/gofr/service/new.go:82.28,84.3 1 0
gofr.dev/pkg/gofr/service/new.go:86.2,86.12 1 1
gofr.dev/pkg/gofr/service/new.go:89.121,91.2 1 1
gofr.dev/pkg/gofr/service/new.go:94.53,96.2 1 1
gofr.dev/pkg/gofr/service/new.go:99.39,101.2 1 0
gofr.dev/pkg/gofr/service/new.go:104.66,106.2 1 0
gofr.dev/pkg/gofr/service/new.go:108.136,110.2 1 0
gofr.dev/pkg/gofr/service/new.go:113.66,115.2 1 0
gofr.dev/pkg/gofr/service/new.go:118.39,120.2 1 0
gofr.dev/pkg/gofr/service/new.go:123.66,125.2 1 0
gofr.dev/pkg/gofr/service/new.go:127.101,129.2 1 0
gofr.dev/pkg/gofr/service/new.go:131.139,133.2 1 0
gofr.dev/pkg/gofr/service/new.go:136.102,146.16 7 1
gofr.dev/pkg/gofr/service/new.go:146.16,148.3 1 0
gofr.dev/pkg/gofr/service/new.go:150.2,150.28 1 1
gofr.dev/pkg/gofr/service/new.go:150.28,152.3 1 0
gofr.dev/pkg/gofr/service/new.go:155.2,173.37 7 1
gofr.dev/pkg/gofr/service/new.go:173.37,176.3 1 0
gofr.dev/pkg/gofr/service/new.go:178.2,180.16 2 1
gofr.dev/pkg/gofr/service/new.go:180.16,185.3 3 0
gofr.dev/pkg/gofr/service/new.go:187.2,191.18 3 1
gofr.dev/pkg/gofr/service/new.go:196.83,199.32 2 1
gofr.dev/pkg/gofr/service/new.go:199.32,200.25 1 0
gofr.dev/pkg/gofr/service/new.go:201.17,202.27 1 0
gofr.dev/pkg/gofr/service/new.go:202.27,204.5 1 0
gofr.dev/pkg/gofr/service/new.go:205.11,206.34 1 0
gofr.dev/pkg/gofr/service/new.go:210.2,210.31 1 1
gofr.dev/pkg/gofr/service/response.go:11.49,12.22 1 0
gofr.dev/pkg/gofr/service/response.go:12.22,14.3 1 0
gofr.dev/pkg/gofr/service/response.go:16.2,16.11 1 0
gofr.dev/pkg/gofr/testutil/error.go:7.37,9.2 1 0
gofr.dev/pkg/gofr/testutil/mock_config.go:11.63,15.2 1 1
gofr.dev/pkg/gofr/testutil/mock_config.go:17.43,19.2 1 1
gofr.dev/pkg/gofr/testutil/mock_config.go:21.55,23.9 2 1
gofr.dev/pkg/gofr/testutil/mock_config.go:23.9,25.3 1 1
gofr.dev/pkg/gofr/testutil/mock_config.go:27.2,27.12 1 1
gofr.dev/pkg/gofr/testutil/mock_logger.go:24.43,30.2 1 1
gofr.dev/pkg/gofr/testutil/mock_logger.go:32.48,34.2 1 0
gofr.dev/pkg/gofr/testutil/mock_logger.go:36.64,38.2 1 0
gofr.dev/pkg/gofr/testutil/mock_logger.go:40.49,42.2 1 0
gofr.dev/pkg/gofr/testutil/mock_logger.go:43.65,45.2 1 0
gofr.dev/pkg/gofr/testutil/mock_logger.go:47.50,49.2 1 0
gofr.dev/pkg/gofr/testutil/mock_logger.go:50.66,52.2 1 0
gofr.dev/pkg/gofr/testutil/mock_logger.go:54.49,56.2 1 0
gofr.dev/pkg/gofr/testutil/mock_logger.go:58.65,60.2 1 0
gofr.dev/pkg/gofr/testutil/mock_logger.go:62.47,64.2 1 1
gofr.dev/pkg/gofr/testutil/mock_logger.go:66.63,68.2 1 0
gofr.dev/pkg/gofr/testutil/mock_logger.go:70.48,72.2 1 0
gofr.dev/pkg/gofr/testutil/mock_logger.go:73.64,75.2 1 0
gofr.dev/pkg/gofr/testutil/mock_logger.go:77.49,79.2 1 0
gofr.dev/pkg/gofr/testutil/mock_logger.go:81.65,83.2 1 0
gofr.dev/pkg/gofr/testutil/mock_logger.go:85.74,86.21 1 1
gofr.dev/pkg/gofr/testutil/mock_logger.go:86.21,88.3 1 1
gofr.dev/pkg/gofr/testutil/mock_logger.go:90.2,91.23 2 0
gofr.dev/pkg/gofr/testutil/mock_logger.go:91.23,93.3 1 0
gofr.dev/pkg/gofr/testutil/mock_logger.go:95.2,97.9 2 0
gofr.dev/pkg/gofr/testutil/mock_logger.go:98.38,99.20 1 0
gofr.dev/pkg/gofr/testutil/mock_logger.go:100.38,101.17 1 0
gofr.dev/pkg/gofr/testutil/mock_logger.go:102.20,103.41 1 0
gofr.dev/pkg/gofr/testutil/mock_logger.go:106.2,106.35 1 0
gofr.dev/pkg/gofr/testutil/os.go:8.43,21.2 8 0
gofr.dev/pkg/gofr/testutil/os.go:23.43,36.2 8 0
gofr.dev/pkg/gofr/config/godotenv.go:11.47,16.2 3 0
gofr.dev/pkg/gofr/config/godotenv.go:18.39,22.2 2 0
gofr.dev/pkg/gofr/config/godotenv.go:23.42,25.2 1 0
gofr.dev/pkg/gofr/config/godotenv.go:27.65,28.38 1 0
gofr.dev/pkg/gofr/config/godotenv.go:28.38,30.3 1 0
gofr.dev/pkg/gofr/config/godotenv.go:32.2,32.21 1 0
gofr.dev/pkg/gofr/datasource/pubsub/message.go:18.47,19.16 1 0
gofr.dev/pkg/gofr/datasource/pubsub/message.go:19.16,21.3 1 0
gofr.dev/pkg/gofr/datasource/pubsub/message.go:23.2,23.27 1 0
gofr.dev/pkg/gofr/datasource/pubsub/message.go:26.45,28.2 1 0
gofr.dev/pkg/gofr/datasource/pubsub/message.go:30.42,31.18 1 0
gofr.dev/pkg/gofr/datasource/pubsub/message.go:31.18,33.3 1 0
gofr.dev/pkg/gofr/datasource/pubsub/message.go:35.2,35.11 1 0
gofr.dev/pkg/gofr/datasource/pubsub/message.go:38.46,40.2 1 0
gofr.dev/pkg/gofr/datasource/pubsub/message.go:42.45,46.2 2 0
gofr.dev/pkg/gofr/datasource/pubsub/message.go:48.37,50.2 1 0
gofr.dev/pkg/gofr/datasource/pubsub/kafka/kafka.go:37.58,39.16 2 1
gofr.dev/pkg/gofr/datasource/pubsub/kafka/kafka.go:39.16,43.3 2 1
gofr.dev/pkg/gofr/datasource/pubsub/kafka/kafka.go:45.2,64.3 4 1
gofr.dev/pkg/gofr/datasource/pubsub/kafka/kafka.go:67.41,68.23 1 1
gofr.dev/pkg/gofr/datasource/pubsub/kafka/kafka.go:68.23,70.3 1 1
gofr.dev/pkg/gofr/datasource/pubsub/kafka/kafka.go:72.2,72.32 1 1
gofr.dev/pkg/gofr/datasource/pubsub/kafka/kafka.go:72.32,74.3 1 1
gofr.dev/pkg/gofr/datasource/pubsub/kafka/kafka.go:76.2,76.12 1 1
gofr.dev/pkg/gofr/datasource/pubsub/kafka/kafka.go:79.88,80.36 1 1
gofr.dev/pkg/gofr/datasource/pubsub/kafka/kafka.go:80.36,82.3 1 1
gofr.dev/pkg/gofr/datasource/pubsub/kafka/kafka.go:84.2,92.16 2 1
gofr.dev/pkg/gofr/datasource/pubsub/kafka/kafka.go:92.16,95.3 2 1
gofr.dev/pkg/gofr/datasource/pubsub/kafka/kafka.go:97.2,99.12 2 1
gofr.dev/pkg/gofr/datasource/pubsub/kafka/kafka.go:102.93,107.28 3 1
gofr.dev/pkg/gofr/datasource/pubsub/kafka/kafka.go:107.28,109.3 1 0
gofr.dev/pkg/gofr/datasource/pubsub/kafka/kafka.go:112.2,118.16 4 1
gofr.dev/pkg/gofr/datasource/pubsub/kafka/kafka.go:118.16,122.3 2 1
gofr.dev/pkg/gofr/datasource/pubsub/kafka/kafka.go:124.2,133.15 3 1
gofr.dev/pkg/gofr/datasource/pubsub/kafka/kafka.go:136.37,138.16 2 1
gofr.dev/pkg/gofr/datasource/pubsub/kafka/kafka.go:138.16,142.3 2 1
gofr.dev/pkg/gofr/datasource/pubsub/kafka/kafka.go:144.2,144.12 1 1
gofr.dev/pkg/gofr/datasource/pubsub/kafka/kafka.go:147.57,159.2 2 1
gofr.dev/pkg/gofr/datasource/pubsub/kafka/message.go:17.93,23.2 1 1
gofr.dev/pkg/gofr/datasource/pubsub/kafka/message.go:25.36,27.16 2 1
gofr.dev/pkg/gofr/datasource/pubsub/kafka/message.go:27.16,29.3 1 1
gofr.dev/pkg/gofr/datasource/pubsub/kafka/mock_interfaces.go:27.57,31.2 3 1
gofr.dev/pkg/gofr/datasource/pubsub/kafka/mock_interfaces.go:34.55,36.2 1 1
gofr.dev/pkg/gofr/datasource/pubsub/kafka/mock_interfaces.go:39.90,42.25 3 1
gofr.dev/pkg/gofr/datasource/pubsub/kafka/mock_interfaces.go:42.25,44.3 1 1
gofr.dev/pkg/gofr/datasource/pubsub/kafka/mock_interfaces.go:45.2,47.13 3 1
gofr.dev/pkg/gofr/datasource/pubsub/kafka/mock_interfaces.go:51.101,55.2 3 1
gofr.dev/pkg/gofr/datasource/pubsub/kafka/mock_interfaces.go:58.81,64.2 5 1
gofr.dev/pkg/gofr/datasource/pubsub/kafka/mock_interfaces.go:67.77,70.2 2 1
gofr.dev/pkg/gofr/datasource/pubsub/kafka/mock_interfaces.go:84.57,88.2 3 1
gofr.dev/pkg/gofr/datasource/pubsub/kafka/mock_interfaces.go:91.55,93.2 1 1
gofr.dev/pkg/gofr/datasource/pubsub/kafka/mock_interfaces.go:96.36,101.2 4 1
gofr.dev/pkg/gofr/datasource/pubsub/kafka/mock_interfaces.go:104.56,107.2 2 1
gofr.dev/pkg/gofr/datasource/pubsub/kafka/mock_interfaces.go:110.88,113.24 3 1
gofr.dev/pkg/gofr/datasource/pubsub/kafka/mock_interfaces.go:113.24,115.3 1 1
gofr.dev/pkg/gofr/datasource/pubsub/kafka/mock_interfaces.go:116.2,118.13 3 1
gofr.dev/pkg/gofr/datasource/pubsub/kafka/mock_interfaces.go:122.99,126.2 3 1
gofr.dev/pkg/gofr/testutil/error.go:7.37,9.2 1 1
gofr.dev/pkg/gofr/testutil/mock_config.go:11.63,15.2 1 0
gofr.dev/pkg/gofr/testutil/mock_config.go:17.43,19.2 1 0
gofr.dev/pkg/gofr/testutil/mock_config.go:21.55,23.9 2 0
gofr.dev/pkg/gofr/testutil/mock_config.go:23.9,25.3 1 0
gofr.dev/pkg/gofr/testutil/mock_config.go:27.2,27.12 1 0
gofr.dev/pkg/gofr/testutil/mock_logger.go:24.43,30.2 1 1
gofr.dev/pkg/gofr/testutil/mock_logger.go:32.48,34.2 1 0
gofr.dev/pkg/gofr/testutil/mock_logger.go:36.64,38.2 1 0
gofr.dev/pkg/gofr/testutil/mock_logger.go:40.49,42.2 1 0
gofr.dev/pkg/gofr/testutil/mock_logger.go:43.65,45.2 1 0
gofr.dev/pkg/gofr/testutil/mock_logger.go:47.50,49.2 1 0
gofr.dev/pkg/gofr/testutil/mock_logger.go:50.66,52.2 1 0
gofr.dev/pkg/gofr/testutil/mock_logger.go:54.49,56.2 1 0
gofr.dev/pkg/gofr/testutil/mock_logger.go:58.65,60.2 1 1
gofr.dev/pkg/gofr/testutil/mock_logger.go:62.47,64.2 1 0
gofr.dev/pkg/gofr/testutil/mock_logger.go:66.63,68.2 1 0
gofr.dev/pkg/gofr/testutil/mock_logger.go:70.48,72.2 1 0
gofr.dev/pkg/gofr/testutil/mock_logger.go:73.64,75.2 1 0
gofr.dev/pkg/gofr/testutil/mock_logger.go:77.49,79.2 1 1
gofr.dev/pkg/gofr/testutil/mock_logger.go:81.65,83.2 1 1
gofr.dev/pkg/gofr/testutil/mock_logger.go:85.74,86.21 1 1
gofr.dev/pkg/gofr/testutil/mock_logger.go:86.21,88.3 1 0
gofr.dev/pkg/gofr/testutil/mock_logger.go:90.2,91.23 2 1
gofr.dev/pkg/gofr/testutil/mock_logger.go:91.23,93.3 1 1
gofr.dev/pkg/gofr/testutil/mock_logger.go:95.2,97.9 2 1
gofr.dev/pkg/gofr/testutil/mock_logger.go:98.38,99.20 1 0
gofr.dev/pkg/gofr/testutil/mock_logger.go:100.38,101.17 1 0
gofr.dev/pkg/gofr/testutil/mock_logger.go:102.20,103.41 1 1
gofr.dev/pkg/gofr/testutil/mock_logger.go:106.2,106.35 1 1
gofr.dev/pkg/gofr/testutil/os.go:8.43,21.2 8 1
gofr.dev/pkg/gofr/testutil/os.go:23.43,36.2 8 1
gofr.dev/pkg/gofr/config/godotenv.go:11.47,16.2 3 0
gofr.dev/pkg/gofr/config/godotenv.go:18.39,22.2 2 0
gofr.dev/pkg/gofr/config/godotenv.go:23.42,25.2 1 0
gofr.dev/pkg/gofr/config/godotenv.go:27.65,28.38 1 0
gofr.dev/pkg/gofr/config/godotenv.go:28.38,30.3 1 0
gofr.dev/pkg/gofr/config/godotenv.go:32.2,32.21 1 0
gofr.dev/pkg/gofr/datasource/pubsub/message.go:18.47,19.16 1 0
gofr.dev/pkg/gofr/datasource/pubsub/message.go:19.16,21.3 1 0
gofr.dev/pkg/gofr/datasource/pubsub/message.go:23.2,23.27 1 0
gofr.dev/pkg/gofr/datasource/pubsub/message.go:26.45,28.2 1 0
gofr.dev/pkg/gofr/datasource/pubsub/message.go:30.42,31.18 1 0
gofr.dev/pkg/gofr/datasource/pubsub/message.go:31.18,33.3 1 0
gofr.dev/pkg/gofr/datasource/pubsub/message.go:35.2,35.11 1 0
gofr.dev/pkg/gofr/datasource/pubsub/message.go:38.46,40.2 1 0
gofr.dev/pkg/gofr/datasource/pubsub/message.go:42.45,46.2 2 0
gofr.dev/pkg/gofr/datasource/pubsub/message.go:48.37,50.2 1 0
gofr.dev/pkg/gofr/datasource/pubsub/google/google.go:31.59,33.16 2 1
gofr.dev/pkg/gofr/datasource/pubsub/google/google.go:33.16,37.3 2 1
gofr.dev/pkg/gofr/datasource/pubsub/google/google.go:39.2,40.16 2 0
gofr.dev/pkg/gofr/datasource/pubsub/google/google.go:40.16,44.3 1 0
gofr.dev/pkg/gofr/datasource/pubsub/google/google.go:46.2,50.3 1 0
gofr.dev/pkg/gofr/datasource/pubsub/google/google.go:53.42,54.26 1 1
gofr.dev/pkg/gofr/datasource/pubsub/google/google.go:54.26,56.3 1 1
gofr.dev/pkg/gofr/datasource/pubsub/google/google.go:58.2,58.33 1 1
gofr.dev/pkg/gofr/datasource/pubsub/google/google.go:58.33,60.3 1 1
gofr.dev/pkg/gofr/datasource/pubsub/google/google.go:62.2,62.12 1 1
gofr.dev/pkg/gofr/datasource/pubsub/google/google.go:65.89,67.16 2 1
gofr.dev/pkg/gofr/datasource/pubsub/google/google.go:67.16,69.3 1 1
gofr.dev/pkg/gofr/datasource/pubsub/google/google.go:71.2,77.16 3 1
gofr.dev/pkg/gofr/datasource/pubsub/google/google.go:77.16,79.3 1 0
gofr.dev/pkg/gofr/datasource/pubsub/google/google.go:81.2,83.12 2 1
gofr.dev/pkg/gofr/datasource/pubsub/google/google.go:86.94,90.16 3 0
gofr.dev/pkg/gofr/datasource/pubsub/google/google.go:90.16,92.3 1 0
gofr.dev/pkg/gofr/datasource/pubsub/google/google.go:94.2,95.16 2 0
gofr.dev/pkg/gofr/datasource/pubsub/google/google.go:95.16,97.3 1 0
gofr.dev/pkg/gofr/datasource/pubsub/google/google.go:99.2,101.81 2 0
gofr.dev/pkg/gofr/datasource/pubsub/google/google.go:101.81,111.3 2 0
gofr.dev/pkg/gofr/datasource/pubsub/google/google.go:113.2,113.16 1 0
gofr.dev/pkg/gofr/datasource/pubsub/google/google.go:113.16,117.3 2 0
gofr.dev/pkg/gofr/datasource/pubsub/google/google.go:119.2,121.15 2 0
gofr.dev/pkg/gofr/datasource/pubsub/google/google.go:124.93,128.49 2 1
gofr.dev/pkg/gofr/datasource/pubsub/google/google.go:128.49,130.28 2 1
gofr.dev/pkg/gofr/datasource/pubsub/google/google.go:130.28,132.4 1 1
gofr.dev/pkg/gofr/datasource/pubsub/google/google.go:135.2,135.15 1 1
gofr.dev/pkg/gofr/datasource/pubsub/google/google.go:138.116,143.16 3 1
gofr.dev/pkg/gofr/datasource/pubsub/google/google.go:143.16,147.3 2 0
gofr.dev/pkg/gofr/datasource/pubsub/google/google.go:150.2,150.9 1 1
gofr.dev/pkg/gofr/datasource/pubsub/google/google.go:150.9,155.17 2 1
gofr.dev/pkg/gofr/datasource/pubsub/google/google.go:155.17,157.4 1 0
gofr.dev/pkg/gofr/datasource/pubsub/google/google.go:160.2,160.26 1 1
gofr.dev/pkg/gofr/datasource/pubsub/google/message.go:11.61,13.2 1 1
gofr.dev/pkg/gofr/datasource/pubsub/google/message.go:15.35,17.2 1 1
gofr.dev/pkg/gofr/testutil/error.go:7.37,9.2 1 0
gofr.dev/pkg/gofr/testutil/mock_config.go:11.63,15.2 1 0
gofr.dev/pkg/gofr/testutil/mock_config.go:17.43,19.2 1 0
gofr.dev/pkg/gofr/testutil/mock_config.go:21.55,23.9 2 0
gofr.dev/pkg/gofr/testutil/mock_config.go:23.9,25.3 1 0
gofr.dev/pkg/gofr/testutil/mock_config.go:27.2,27.12 1 0
gofr.dev/pkg/gofr/testutil/mock_logger.go:24.43,30.2 1 1
gofr.dev/pkg/gofr/testutil/mock_logger.go:32.48,34.2 1 0
gofr.dev/pkg/gofr/testutil/mock_logger.go:36.64,38.2 1 0
gofr.dev/pkg/gofr/testutil/mock_logger.go:40.49,42.2 1 0
gofr.dev/pkg/gofr/testutil/mock_logger.go:43.65,45.2 1 0
gofr.dev/pkg/gofr/testutil/mock_logger.go:47.50,49.2 1 0
gofr.dev/pkg/gofr/testutil/mock_logger.go:50.66,52.2 1 0
gofr.dev/pkg/gofr/testutil/mock_logger.go:54.49,56.2 1 0
gofr.dev/pkg/gofr/testutil/mock_logger.go:58.65,60.2 1 1
gofr.dev/pkg/gofr/testutil/mock_logger.go:62.47,64.2 1 0
gofr.dev/pkg/gofr/testutil/mock_logger.go:66.63,68.2 1 0
gofr.dev/pkg/gofr/testutil/mock_logger.go:70.48,72.2 1 0
gofr.dev/pkg/gofr/testutil/mock_logger.go:73.64,75.2 1 0
gofr.dev/pkg/gofr/testutil/mock_logger.go:77.49,79.2 1 0
gofr.dev/pkg/gofr/testutil/mock_logger.go:81.65,83.2 1 1
gofr.dev/pkg/gofr/testutil/mock_logger.go:85.74,86.21 1 1
gofr.dev/pkg/gofr/testutil/mock_logger.go:86.21,88.3 1 0
gofr.dev/pkg/gofr/testutil/mock_logger.go:90.2,91.23 2 1
gofr.dev/pkg/gofr/testutil/mock_logger.go:91.23,93.3 1 1
gofr.dev/pkg/gofr/testutil/mock_logger.go:95.2,97.9 2 1
gofr.dev/pkg/gofr/testutil/mock_logger.go:98.38,99.20 1 0
gofr.dev/pkg/gofr/testutil/mock_logger.go:100.38,101.17 1 0
gofr.dev/pkg/gofr/testutil/mock_logger.go:102.20,103.41 1 1
gofr.dev/pkg/gofr/testutil/mock_logger.go:106.2,106.35 1 1
gofr.dev/pkg/gofr/testutil/os.go:8.43,21.2 8 1
gofr.dev/pkg/gofr/testutil/os.go:23.43,36.2 8 1
gofr.dev/pkg/gofr/cmd.go:23.44,25.2 1 1
gofr.dev/pkg/gofr/cmd.go:27.45,33.25 3 1
gofr.dev/pkg/gofr/cmd.go:33.25,34.14 1 1
gofr.dev/pkg/gofr/cmd.go:34.14,35.12 1 1
gofr.dev/pkg/gofr/cmd.go:38.3,38.18 1 1
gofr.dev/pkg/gofr/cmd.go:38.18,40.4 1 1
gofr.dev/pkg/gofr/cmd.go:43.2,46.14 3 1
gofr.dev/pkg/gofr/cmd.go:46.14,49.3 2 1
gofr.dev/pkg/gofr/cmd.go:51.2,51.31 1 1
gofr.dev/pkg/gofr/cmd.go:54.46,55.35 1 1
gofr.dev/pkg/gofr/cmd.go:55.35,57.27 2 1
gofr.dev/pkg/gofr/cmd.go:57.27,59.4 1 1
gofr.dev/pkg/gofr/cmd.go:62.2,62.12 1 1
gofr.dev/pkg/gofr/cmd.go:65.59,70.2 1 1
gofr.dev/pkg/gofr/context.go:45.49,51.2 4 1
gofr.dev/pkg/gofr/context.go:53.45,55.2 1 1
gofr.dev/pkg/gofr/context.go:64.74,71.2 1 1
gofr.dev/pkg/gofr/gofr.go:48.73,52.2 3 0
gofr.dev/pkg/gofr/gofr.go:55.17,64.29 6 1
gofr.dev/pkg/gofr/gofr.go:64.29,66.3 1 1
gofr.dev/pkg/gofr/gofr.go:68.2,72.29 3 1
gofr.dev/pkg/gofr/gofr.go:72.29,74.3 1 1
gofr.dev/pkg/gofr/gofr.go:76.2,80.29 3 1
gofr.dev/pkg/gofr/gofr.go:80.29,82.3 1 1
gofr.dev/pkg/gofr/gofr.go:84.2,86.12 2 1
gofr.dev/pkg/gofr/gofr.go:90.20,102.2 8 1
gofr.dev/pkg/gofr/gofr.go:105.21,106.18 1 1
gofr.dev/pkg/gofr/gofr.go:106.18,108.3 1 1
gofr.dev/pkg/gofr/gofr.go:110.2,116.27 3 1
gofr.dev/pkg/gofr/gofr.go:116.27,119.3 2 1
gofr.dev/pkg/gofr/gofr.go:122.2,122.22 1 1
gofr.dev/pkg/gofr/gofr.go:122.22,134.26 6 1
gofr.dev/pkg/gofr/gofr.go:134.26,137.4 2 1
gofr.dev/pkg/gofr/gofr.go:141.2,141.22 1 1
gofr.dev/pkg/gofr/gofr.go:141.22,144.26 2 0
gofr.dev/pkg/gofr/gofr.go:144.26,147.4 2 0
gofr.dev/pkg/gofr/gofr.go:151.2,151.28 1 1
gofr.dev/pkg/gofr/gofr.go:151.28,153.3 1 0
gofr.dev/pkg/gofr/gofr.go:155.2,155.11 1 1
gofr.dev/pkg/gofr/gofr.go:159.28,161.48 2 1
gofr.dev/pkg/gofr/gofr.go:161.48,163.3 1 0
gofr.dev/pkg/gofr/gofr.go:165.2,165.46 1 1
gofr.dev/pkg/gofr/gofr.go:169.94,170.33 1 1
gofr.dev/pkg/gofr/gofr.go:170.33,172.3 1 1
gofr.dev/pkg/gofr/gofr.go:174.2,174.52 1 1
gofr.dev/pkg/gofr/gofr.go:174.52,176.3 1 1
gofr.dev/pkg/gofr/gofr.go:178.2,178.131 1 1
gofr.dev/pkg/gofr/gofr.go:182.52,184.2 1 1
gofr.dev/pkg/gofr/gofr.go:187.52,189.2 1 1
gofr.dev/pkg/gofr/gofr.go:192.53,194.2 1 1
gofr.dev/pkg/gofr/gofr.go:197.55,199.2 1 1
gofr.dev/pkg/gofr/gofr.go:201.54,207.2 2 1
gofr.dev/pkg/gofr/gofr.go:209.41,211.2 1 1
gofr.dev/pkg/gofr/gofr.go:215.59,217.2 1 1
gofr.dev/pkg/gofr/gofr.go:219.66,221.2 1 1
gofr.dev/pkg/gofr/gofr.go:223.28,237.22 7 1
gofr.dev/pkg/gofr/gofr.go:237.22,246.17 5 0
gofr.dev/pkg/gofr/gofr.go:246.17,248.4 1 0
gofr.dev/pkg/gofr/gofr.go:256.44,258.2 1 1
gofr.dev/pkg/gofr/gofr.go:260.62,261.40 1 0
gofr.dev/pkg/gofr/gofr.go:261.40,265.3 2 0
gofr.dev/pkg/gofr/gofr.go:267.2,270.12 2 0
gofr.dev/pkg/gofr/gofr.go:270.12,271.7 1 0
gofr.dev/pkg/gofr/gofr.go:271.7,273.18 2 0
gofr.dev/pkg/gofr/gofr.go:273.18,274.13 1 0
gofr.dev/pkg/gofr/gofr.go:277.4,277.18 1 0
gofr.dev/pkg/gofr/gofr.go:277.18,280.13 2 0
gofr.dev/pkg/gofr/gofr.go:284.4,289.18 3 0
gofr.dev/pkg/gofr/gofr.go:289.18,291.5 1 0
gofr.dev/pkg/gofr/grpc.go:20.66,29.2 1 1
gofr.dev/pkg/gofr/grpc.go:31.50,37.16 4 1
gofr.dev/pkg/gofr/grpc.go:37.16,40.3 2 1
gofr.dev/pkg/gofr/grpc.go:42.2,42.49 1 1
gofr.dev/pkg/gofr/grpc.go:42.49,45.3 2 1
gofr.dev/pkg/gofr/handler.go:32.68,36.2 3 1
gofr.dev/pkg/gofr/handler.go:38.53,40.2 1 1
gofr.dev/pkg/gofr/handler.go:42.49,46.2 1 1
gofr.dev/pkg/gofr/handler.go:48.52,55.2 2 1
gofr.dev/pkg/gofr/handler.go:57.53,59.2 1 1
gofr.dev/pkg/gofr/httpServer.go:17.66,22.2 1 1
gofr.dev/pkg/gofr/httpServer.go:24.50,36.2 4 1
gofr.dev/pkg/gofr/metricsServer.go:16.46,18.2 1 1
gofr.dev/pkg/gofr/metricsServer.go:20.52,23.14 2 1
gofr.dev/pkg/gofr/metricsServer.go:23.14,33.3 3 1
gofr.dev/pkg/gofr/cmd/request.go:25.41,36.27 3 1
gofr.dev/pkg/gofr/cmd/request.go:36.27,37.16 1 1
gofr.dev/pkg/gofr/cmd/request.go:37.16,38.12 1 1
gofr.dev/pkg/gofr/cmd/request.go:41.3,41.20 1 1
gofr.dev/pkg/gofr/cmd/request.go:41.20,42.12 1 1
gofr.dev/pkg/gofr/cmd/request.go:45.3,45.20 1 1
gofr.dev/pkg/gofr/cmd/request.go:45.20,46.12 1 1
gofr.dev/pkg/gofr/cmd/request.go:49.3,50.20 2 1
gofr.dev/pkg/gofr/cmd/request.go:50.20,52.4 1 0
gofr.dev/pkg/gofr/cmd/request.go:52.9,54.4 1 1
gofr.dev/pkg/gofr/cmd/request.go:56.3,56.55 1 1
gofr.dev/pkg/gofr/cmd/request.go:57.17,59.36 1 1
gofr.dev/pkg/gofr/cmd/request.go:60.17,62.35 1 1
gofr.dev/pkg/gofr/cmd/request.go:66.2,66.11 1 1
gofr.dev/pkg/gofr/cmd/request.go:70.44,72.2 1 1
gofr.dev/pkg/gofr/cmd/request.go:75.48,77.2 1 0
gofr.dev/pkg/gofr/cmd/request.go:79.45,81.2 1 1
gofr.dev/pkg/gofr/cmd/request.go:83.37,85.16 2 0
gofr.dev/pkg/gofr/cmd/request.go:85.16,87.3 1 0
gofr.dev/pkg/gofr/cmd/request.go:89.2,89.10 1 0
gofr.dev/pkg/gofr/cmd/request.go:92.45,97.32 3 0
gofr.dev/pkg/gofr/cmd/request.go:97.32,98.30 1 0
gofr.dev/pkg/gofr/cmd/request.go:98.30,101.33 2 0
gofr.dev/pkg/gofr/cmd/request.go:101.33,103.21 1 0
gofr.dev/pkg/gofr/cmd/request.go:104.25,105.20 1 0
gofr.dev/pkg/gofr/cmd/request.go:106.23,107.25 1 0
gofr.dev/pkg/gofr/cmd/request.go:107.25,109.7 1 0
gofr.dev/pkg/gofr/cmd/request.go:110.22,112.24 2 0
gofr.dev/pkg/gofr/cmd/request.go:118.2,118.12 1 0
gofr.dev/pkg/gofr/cmd/responder.go:10.58,12.17 1 1
gofr.dev/pkg/gofr/cmd/responder.go:12.17,14.3 1 1
gofr.dev/pkg/gofr/cmd/responder.go:16.2,16.16 1 1
gofr.dev/pkg/gofr/cmd/responder.go:16.16,18.3 1 1
gofr.dev/pkg/gofr/config/godotenv.go:11.47,16.2 3 1
gofr.dev/pkg/gofr/config/godotenv.go:18.39,22.2 2 1
gofr.dev/pkg/gofr/config/godotenv.go:23.42,25.2 1 1
gofr.dev/pkg/gofr/config/godotenv.go:27.65,28.38 1 1
gofr.dev/pkg/gofr/config/godotenv.go:28.38,30.3 1 0
gofr.dev/pkg/gofr/config/godotenv.go:32.2,32.21 1 1
gofr.dev/pkg/gofr/container/container.go:39.37,41.2 1 1
gofr.dev/pkg/gofr/container/container.go:43.50,52.2 3 1
gofr.dev/pkg/gofr/container/container.go:54.48,55.21 1 1
gofr.dev/pkg/gofr/container/container.go:55.21,57.3 1 1
gofr.dev/pkg/gofr/container/container.go:59.2,59.24 1 1
gofr.dev/pkg/gofr/container/container.go:59.24,61.3 1 1
gofr.dev/pkg/gofr/container/container.go:63.2,63.21 1 1
gofr.dev/pkg/gofr/container/container.go:63.21,66.3 1 1
gofr.dev/pkg/gofr/container/container.go:68.2,79.53 6 1
gofr.dev/pkg/gofr/container/container.go:80.15,81.38 1 0
gofr.dev/pkg/gofr/container/container.go:81.38,91.4 3 0
gofr.dev/pkg/gofr/container/container.go:92.16,96.15 1 0
gofr.dev/pkg/gofr/container/container.go:102.69,104.2 1 1
gofr.dev/pkg/gofr/container/container.go:106.47,108.2 1 1
gofr.dev/pkg/gofr/container/container.go:110.48,132.2 14 1
gofr.dev/pkg/gofr/container/container.go:134.41,136.2 1 1
gofr.dev/pkg/gofr/container/container.go:138.44,140.2 1 0
gofr.dev/pkg/gofr/container/container.go:142.53,144.2 1 0
gofr.dev/pkg/gofr/container/container.go:146.55,148.2 1 0
gofr.dev/pkg/gofr/container/health.go:5.61,8.18 2 1
gofr.dev/pkg/gofr/container/health.go:8.18,10.3 1 0
gofr.dev/pkg/gofr/container/health.go:12.2,12.20 1 1
gofr.dev/pkg/gofr/container/health.go:12.20,14.3 1 0
gofr.dev/pkg/gofr/container/health.go:16.2,16.36 1 1
gofr.dev/pkg/gofr/container/health.go:16.36,18.3 1 1
gofr.dev/pkg/gofr/container/health.go:20.2,20.20 1 1
gofr.dev/pkg/gofr/datasource/pubsub/message.go:18.47,19.16 1 0
gofr.dev/pkg/gofr/datasource/pubsub/message.go:19.16,21.3 1 0
gofr.dev/pkg/gofr/datasource/pubsub/message.go:23.2,23.27 1 0
gofr.dev/pkg/gofr/datasource/pubsub/message.go:26.45,28.2 1 0
gofr.dev/pkg/gofr/datasource/pubsub/message.go:30.42,31.18 1 0
gofr.dev/pkg/gofr/datasource/pubsub/message.go:31.18,33.3 1 0
gofr.dev/pkg/gofr/datasource/pubsub/message.go:35.2,35.11 1 0
gofr.dev/pkg/gofr/datasource/pubsub/message.go:38.46,40.2 1 0
gofr.dev/pkg/gofr/datasource/pubsub/message.go:42.45,46.2 2 0
gofr.dev/pkg/gofr/datasource/pubsub/message.go:48.37,50.2 1 0
gofr.dev/pkg/gofr/datasource/pubsub/google/google.go:31.59,33.16 2 0
gofr.dev/pkg/gofr/datasource/pubsub/google/google.go:33.16,37.3 2 0
gofr.dev/pkg/gofr/datasource/pubsub/google/google.go:39.2,40.16 2 0
gofr.dev/pkg/gofr/datasource/pubsub/google/google.go:40.16,44.3 1 0
gofr.dev/pkg/gofr/datasource/pubsub/google/google.go:46.2,50.3 1 0
gofr.dev/pkg/gofr/datasource/pubsub/google/google.go:53.42,54.26 1 0
gofr.dev/pkg/gofr/datasource/pubsub/google/google.go:54.26,56.3 1 0
gofr.dev/pkg/gofr/datasource/pubsub/google/google.go:58.2,58.33 1 0
gofr.dev/pkg/gofr/datasource/pubsub/google/google.go:58.33,60.3 1 0
gofr.dev/pkg/gofr/datasource/pubsub/google/google.go:62.2,62.12 1 0
gofr.dev/pkg/gofr/datasource/pubsub/google/google.go:65.89,67.16 2 0
gofr.dev/pkg/gofr/datasource/pubsub/google/google.go:67.16,69.3 1 0
gofr.dev/pkg/gofr/datasource/pubsub/google/google.go:71.2,77.16 3 0
gofr.dev/pkg/gofr/datasource/pubsub/google/google.go:77.16,79.3 1 0
gofr.dev/pkg/gofr/datasource/pubsub/google/google.go:81.2,83.12 2 0
gofr.dev/pkg/gofr/datasource/pubsub/google/google.go:86.94,90.16 3 0
gofr.dev/pkg/gofr/datasource/pubsub/google/google.go:90.16,92.3 1 0
gofr.dev/pkg/gofr/datasource/pubsub/google/google.go:94.2,95.16 2 0
gofr.dev/pkg/gofr/datasource/pubsub/google/google.go:95.16,97.3 1 0
gofr.dev/pkg/gofr/datasource/pubsub/google/google.go:99.2,101.81 2 0
gofr.dev/pkg/gofr/datasource/pubsub/google/google.go:101.81,111.3 2 0
gofr.dev/pkg/gofr/datasource/pubsub/google/google.go:113.2,113.16 1 0
gofr.dev/pkg/gofr/datasource/pubsub/google/google.go:113.16,117.3 2 0
gofr.dev/pkg/gofr/datasource/pubsub/google/google.go:119.2,121.15 2 0
gofr.dev/pkg/gofr/datasource/pubsub/google/google.go:124.93,128.49 2 0
gofr.dev/pkg/gofr/datasource/pubsub/google/google.go:128.49,130.28 2 0
gofr.dev/pkg/gofr/datasource/pubsub/google/google.go:130.28,132.4 1 0
gofr.dev/pkg/gofr/datasource/pubsub/google/google.go:135.2,135.15 1 0
gofr.dev/pkg/gofr/datasource/pubsub/google/google.go:138.116,143.16 3 0
gofr.dev/pkg/gofr/datasource/pubsub/google/google.go:143.16,147.3 2 0
gofr.dev/pkg/gofr/datasource/pubsub/google/google.go:150.2,150.9 1 0
gofr.dev/pkg/gofr/datasource/pubsub/google/google.go:150.9,155.17 2 0
gofr.dev/pkg/gofr/datasource/pubsub/google/google.go:155.17,157.4 1 0
gofr.dev/pkg/gofr/datasource/pubsub/google/google.go:160.2,160.26 1 0
gofr.dev/pkg/gofr/datasource/pubsub/google/message.go:11.61,13.2 1 0
gofr.dev/pkg/gofr/datasource/pubsub/google/message.go:15.35,17.2 1 0
gofr.dev/pkg/gofr/datasource/pubsub/kafka/kafka.go:37.58,39.16 2 0
gofr.dev/pkg/gofr/datasource/pubsub/kafka/kafka.go:39.16,43.3 2 0
gofr.dev/pkg/gofr/datasource/pubsub/kafka/kafka.go:45.2,64.3 4 0
gofr.dev/pkg/gofr/datasource/pubsub/kafka/kafka.go:67.41,68.23 1 0
gofr.dev/pkg/gofr/datasource/pubsub/kafka/kafka.go:68.23,70.3 1 0
gofr.dev/pkg/gofr/datasource/pubsub/kafka/kafka.go:72.2,72.32 1 0
gofr.dev/pkg/gofr/datasource/pubsub/kafka/kafka.go:72.32,74.3 1 0
gofr.dev/pkg/gofr/datasource/pubsub/kafka/kafka.go:76.2,76.12 1 0
gofr.dev/pkg/gofr/datasource/pubsub/kafka/kafka.go:79.88,80.36 1 0
gofr.dev/pkg/gofr/datasource/pubsub/kafka/kafka.go:80.36,82.3 1 0
gofr.dev/pkg/gofr/datasource/pubsub/kafka/kafka.go:84.2,92.16 2 0
gofr.dev/pkg/gofr/datasource/pubsub/kafka/kafka.go:92.16,95.3 2 0
gofr.dev/pkg/gofr/datasource/pubsub/kafka/kafka.go:97.2,99.12 2 0
gofr.dev/pkg/gofr/datasource/pubsub/kafka/kafka.go:102.93,107.28 3 0
gofr.dev/pkg/gofr/datasource/pubsub/kafka/kafka.go:107.28,109.3 1 0
gofr.dev/pkg/gofr/datasource/pubsub/kafka/kafka.go:112.2,118.16 4 0
gofr.dev/pkg/gofr/datasource/pubsub/kafka/kafka.go:118.16,122.3 2 0
gofr.dev/pkg/gofr/datasource/pubsub/kafka/kafka.go:124.2,133.15 3 0
gofr.dev/pkg/gofr/datasource/pubsub/kafka/kafka.go:136.37,138.16 2 0
gofr.dev/pkg/gofr/datasource/pubsub/kafka/kafka.go:138.16,142.3 2 0
gofr.dev/pkg/gofr/datasource/pubsub/kafka/kafka.go:144.2,144.12 1 0
gofr.dev/pkg/gofr/datasource/pubsub/kafka/kafka.go:147.57,159.2 2 0
gofr.dev/pkg/gofr/datasource/pubsub/kafka/message.go:17.93,23.2 1 0
gofr.dev/pkg/gofr/datasource/pubsub/kafka/message.go:25.36,27.16 2 0
gofr.dev/pkg/gofr/datasource/pubsub/kafka/message.go:27.16,29.3 1 0
gofr.dev/pkg/gofr/datasource/pubsub/kafka/mock_interfaces.go:27.57,31.2 3 0
gofr.dev/pkg/gofr/datasource/pubsub/kafka/mock_interfaces.go:34.55,36.2 1 0
gofr.dev/pkg/gofr/datasource/pubsub/kafka/mock_interfaces.go:39.90,42.25 3 0
gofr.dev/pkg/gofr/datasource/pubsub/kafka/mock_interfaces.go:42.25,44.3 1 0
gofr.dev/pkg/gofr/datasource/pubsub/kafka/mock_interfaces.go:45.2,47.13 3 0
gofr.dev/pkg/gofr/datasource/pubsub/kafka/mock_interfaces.go:51.101,55.2 3 0
gofr.dev/pkg/gofr/datasource/pubsub/kafka/mock_interfaces.go:58.81,64.2 5 0
gofr.dev/pkg/gofr/datasource/pubsub/kafka/mock_interfaces.go:67.77,70.2 2 0
gofr.dev/pkg/gofr/datasource/pubsub/kafka/mock_interfaces.go:84.57,88.2 3 0
gofr.dev/pkg/gofr/datasource/pubsub/kafka/mock_interfaces.go:91.55,93.2 1 0
gofr.dev/pkg/gofr/datasource/pubsub/kafka/mock_interfaces.go:96.36,101.2 4 0
gofr.dev/pkg/gofr/datasource/pubsub/kafka/mock_interfaces.go:104.56,107.2 2 0
gofr.dev/pkg/gofr/datasource/pubsub/kafka/mock_interfaces.go:110.88,113.24 3 0
gofr.dev/pkg/gofr/datasource/pubsub/kafka/mock_interfaces.go:113.24,115.3 1 0
gofr.dev/pkg/gofr/datasource/pubsub/kafka/mock_interfaces.go:116.2,118.13 3 0
gofr.dev/pkg/gofr/datasource/pubsub/kafka/mock_interfaces.go:122.99,126.2 3 0
gofr.dev/pkg/gofr/datasource/redis/health.go:11.49,21.21 5 0
gofr.dev/pkg/gofr/datasource/redis/health.go:21.21,26.3 3 0
gofr.dev/pkg/gofr/datasource/redis/health.go:28.2,29.16 2 0
gofr.dev/pkg/gofr/datasource/redis/health.go:29.16,34.3 3 0
gofr.dev/pkg/gofr/datasource/redis/health.go:36.2,39.10 3 0
gofr.dev/pkg/gofr/datasource/redis/hook.go:27.36,28.20 1 0
gofr.dev/pkg/gofr/datasource/redis/hook.go:28.20,30.3 1 0
gofr.dev/pkg/gofr/datasource/redis/hook.go:32.2,32.32 1 0
gofr.dev/pkg/gofr/datasource/redis/hook.go:33.21,35.28 2 0
gofr.dev/pkg/gofr/datasource/redis/hook.go:35.28,37.4 1 0
gofr.dev/pkg/gofr/datasource/redis/hook.go:39.3,39.36 1 0
gofr.dev/pkg/gofr/datasource/redis/hook.go:40.10,41.29 1 0
gofr.dev/pkg/gofr/datasource/redis/hook.go:46.82,57.2 3 0
gofr.dev/pkg/gofr/datasource/redis/hook.go:60.66,62.2 1 0
gofr.dev/pkg/gofr/datasource/redis/hook.go:65.75,66.58 1 0
gofr.dev/pkg/gofr/datasource/redis/hook.go:66.58,72.3 4 0
gofr.dev/pkg/gofr/datasource/redis/hook.go:76.99,77.61 1 0
gofr.dev/pkg/gofr/datasource/redis/hook.go:77.61,83.3 4 0
gofr.dev/pkg/gofr/datasource/redis/metrics_interface.go:26.59,30.2 3 0
gofr.dev/pkg/gofr/datasource/redis/metrics_interface.go:33.57,35.2 1 0
gofr.dev/pkg/gofr/datasource/redis/metrics_interface.go:38.106,41.27 3 0
gofr.dev/pkg/gofr/datasource/redis/metrics_interface.go:41.27,43.3 1 0
gofr.dev/pkg/gofr/datasource/redis/metrics_interface.go:44.2,44.47 1 0
gofr.dev/pkg/gofr/datasource/redis/metrics_interface.go:48.118,52.2 3 0
gofr.dev/pkg/gofr/datasource/redis/redis.go:35.83,38.76 2 1
gofr.dev/pkg/gofr/datasource/redis/redis.go:38.76,40.3 1 1
gofr.dev/pkg/gofr/datasource/redis/redis.go:42.2,43.16 2 0
gofr.dev/pkg/gofr/datasource/redis/redis.go:43.16,45.3 1 0
gofr.dev/pkg/gofr/datasource/redis/redis.go:47.2,51.24 3 0
gofr.dev/pkg/gofr/datasource/redis/redis.go:51.24,53.3 1 0
gofr.dev/pkg/gofr/datasource/redis/redis.go:55.2,63.43 6 0
gofr.dev/pkg/gofr/datasource/redis/redis.go:63.43,67.3 2 0
gofr.dev/pkg/gofr/datasource/redis/redis.go:69.2,69.51 1 0
gofr.dev/pkg/gofr/datasource/redis/redis.go:69.51,71.3 1 0
gofr.dev/pkg/gofr/datasource/redis/redis.go:73.2,75.64 2 0
gofr.dev/pkg/gofr/datasource/sql/db.go:30.86,42.2 3 0
gofr.dev/pkg/gofr/datasource/sql/db.go:44.44,49.2 3 0
gofr.dev/pkg/gofr/datasource/sql/db.go:51.74,54.2 2 0
gofr.dev/pkg/gofr/datasource/sql/db.go:56.67,59.2 2 0
gofr.dev/pkg/gofr/datasource/sql/db.go:61.95,64.2 2 0
gofr.dev/pkg/gofr/datasource/sql/db.go:66.74,69.2 2 0
gofr.dev/pkg/gofr/datasource/sql/db.go:71.102,74.2 2 0
gofr.dev/pkg/gofr/datasource/sql/db.go:76.55,79.2 2 0
gofr.dev/pkg/gofr/datasource/sql/db.go:81.35,83.16 2 0
gofr.dev/pkg/gofr/datasource/sql/db.go:83.16,85.3 1 0
gofr.dev/pkg/gofr/datasource/sql/db.go:87.2,87.63 1 0
gofr.dev/pkg/gofr/datasource/sql/db.go:96.86,108.2 3 0
gofr.dev/pkg/gofr/datasource/sql/db.go:110.74,113.2 2 0
gofr.dev/pkg/gofr/datasource/sql/db.go:115.67,118.2 2 0
gofr.dev/pkg/gofr/datasource/sql/db.go:120.95,123.2 2 0
gofr.dev/pkg/gofr/datasource/sql/db.go:125.74,128.2 2 0
gofr.dev/pkg/gofr/datasource/sql/db.go:130.102,133.2 2 0
gofr.dev/pkg/gofr/datasource/sql/db.go:135.55,138.2 2 0
gofr.dev/pkg/gofr/datasource/sql/db.go:140.29,143.2 2 0
gofr.dev/pkg/gofr/datasource/sql/db.go:145.31,148.2 2 0
gofr.dev/pkg/gofr/datasource/sql/db.go:179.95,181.22 1 0
gofr.dev/pkg/gofr/datasource/sql/db.go:181.22,183.3 1 0
gofr.dev/pkg/gofr/datasource/sql/db.go:186.2,187.31 2 0
gofr.dev/pkg/gofr/datasource/sql/db.go:187.31,191.3 2 0
gofr.dev/pkg/gofr/datasource/sql/db.go:195.2,197.19 2 0
gofr.dev/pkg/gofr/datasource/sql/db.go:198.21,200.17 2 0
gofr.dev/pkg/gofr/datasource/sql/db.go:200.17,204.4 2 0
gofr.dev/pkg/gofr/datasource/sql/db.go:206.3,206.19 1 0
gofr.dev/pkg/gofr/datasource/sql/db.go:206.19,209.49 2 0
gofr.dev/pkg/gofr/datasource/sql/db.go:209.49,211.5 1 0
gofr.dev/pkg/gofr/datasource/sql/db.go:211.10,213.5 1 0
gofr.dev/pkg/gofr/datasource/sql/db.go:215.4,215.39 1 0
gofr.dev/pkg/gofr/datasource/sql/db.go:218.3,218.26 1 0
gofr.dev/pkg/gofr/datasource/sql/db.go:218.26,220.4 1 0
gofr.dev/pkg/gofr/datasource/sql/db.go:222.22,224.19 2 0
gofr.dev/pkg/gofr/datasource/sql/db.go:224.19,226.4 1 0
gofr.dev/pkg/gofr/datasource/sql/db.go:228.10,229.75 1 0
gofr.dev/pkg/gofr/datasource/sql/db.go:233.61,235.30 2 0
gofr.dev/pkg/gofr/datasource/sql/db.go:235.30,237.3 1 0
gofr.dev/pkg/gofr/datasource/sql/db.go:240.2,242.43 2 0
gofr.dev/pkg/gofr/datasource/sql/db.go:242.43,248.16 4 0
gofr.dev/pkg/gofr/datasource/sql/db.go:248.16,250.4 1 0
gofr.dev/pkg/gofr/datasource/sql/db.go:250.9,252.4 1 0
gofr.dev/pkg/gofr/datasource/sql/db.go:254.3,254.27 1 0
gofr.dev/pkg/gofr/datasource/sql/db.go:257.2,260.28 3 0
gofr.dev/pkg/gofr/datasource/sql/db.go:260.28,261.37 1 0
gofr.dev/pkg/gofr/datasource/sql/db.go:261.37,263.4 1 0
gofr.dev/pkg/gofr/datasource/sql/db.go:263.9,266.4 2 0
gofr.dev/pkg/gofr/datasource/sql/db.go:269.2,271.17 2 0
gofr.dev/pkg/gofr/datasource/sql/db.go:271.17,273.3 1 0
gofr.dev/pkg/gofr/datasource/sql/db.go:279.37,284.2 3 0
gofr.dev/pkg/gofr/datasource/sql/health.go:26.47,33.17 3 0
gofr.dev/pkg/gofr/datasource/sql/health.go:33.17,37.3 2 0
gofr.dev/pkg/gofr/datasource/sql/health.go:39.2,43.16 4 0
gofr.dev/pkg/gofr/datasource/sql/health.go:43.16,47.3 2 0
gofr.dev/pkg/gofr/datasource/sql/health.go:49.2,64.11 4 0
gofr.dev/pkg/gofr/datasource/sql/mock_metrics.go:31.59,35.2 3 0
gofr.dev/pkg/gofr/datasource/sql/mock_metrics.go:38.57,40.2 1 0
gofr.dev/pkg/gofr/datasource/sql/mock_metrics.go:43.106,46.27 3 0
gofr.dev/pkg/gofr/datasource/sql/mock_metrics.go:46.27,48.3 1 0
gofr.dev/pkg/gofr/datasource/sql/mock_metrics.go:49.2,49.47 1 0
gofr.dev/pkg/gofr/datasource/sql/mock_metrics.go:53.102,57.2 3 0
gofr.dev/pkg/gofr/datasource/sql/mock_metrics.go:60.60,63.2 2 0
gofr.dev/pkg/gofr/datasource/sql/mock_metrics.go:66.75,69.2 2 0
gofr.dev/pkg/gofr/datasource/sql/sql.go:29.83,33.55 2 1
gofr.dev/pkg/gofr/datasource/sql/sql.go:33.55,35.3 1 1
gofr.dev/pkg/gofr/datasource/sql/sql.go:37.2,38.16 2 0
gofr.dev/pkg/gofr/datasource/sql/sql.go:38.16,41.3 2 0
gofr.dev/pkg/gofr/datasource/sql/sql.go:43.2,44.16 2 0
gofr.dev/pkg/gofr/datasource/sql/sql.go:44.16,49.3 2 0
gofr.dev/pkg/gofr/datasource/sql/sql.go:51.2,51.34 1 0
gofr.dev/pkg/gofr/datasource/sql/sql.go:51.34,56.3 2 0
gofr.dev/pkg/gofr/datasource/sql/sql.go:58.2,62.72 3 0
gofr.dev/pkg/gofr/datasource/sql/sql.go:65.51,74.2 1 1
gofr.dev/pkg/gofr/datasource/sql/sql.go:76.64,77.26 1 0
gofr.dev/pkg/gofr/datasource/sql/sql.go:78.15,85.9 1 0
gofr.dev/pkg/gofr/datasource/sql/sql.go:86.18,88.95 1 0
gofr.dev/pkg/gofr/datasource/sql/sql.go:89.10,90.35 1 0
gofr.dev/pkg/gofr/datasource/sql/sql.go:94.49,97.6 2 0
gofr.dev/pkg/gofr/datasource/sql/sql.go:97.6,104.3 4 0
gofr.dev/pkg/gofr/grpc/log.go:22.33,25.2 2 0
gofr.dev/pkg/gofr/grpc/log.go:27.76,28.134 1 1
gofr.dev/pkg/gofr/grpc/log.go:28.134,33.16 3 0
gofr.dev/pkg/gofr/grpc/log.go:33.16,41.21 2 0
gofr.dev/pkg/gofr/grpc/log.go:41.21,43.5 1 0
gofr.dev/pkg/gofr/grpc/log.go:45.4,45.14 1 0
gofr.dev/pkg/gofr/grpc/log.go:48.3,48.27 1 0
gofr.dev/pkg/gofr/http/request.go:21.43,26.2 1 1
gofr.dev/pkg/gofr/http/request.go:28.44,30.2 1 1
gofr.dev/pkg/gofr/http/request.go:32.45,34.2 1 1
gofr.dev/pkg/gofr/http/request.go:36.48,38.2 1 0
gofr.dev/pkg/gofr/http/request.go:40.45,42.16 2 1
gofr.dev/pkg/gofr/http/request.go:42.16,44.3 1 0
gofr.dev/pkg/gofr/http/request.go:46.2,46.33 1 1
gofr.dev/pkg/gofr/http/request.go:49.37,51.17 2 0
gofr.dev/pkg/gofr/http/request.go:51.17,53.3 1 0
gofr.dev/pkg/gofr/http/request.go:55.2,55.50 1 0
gofr.dev/pkg/gofr/http/request.go:58.42,60.16 2 1
gofr.dev/pkg/gofr/http/request.go:60.16,62.3 1 0
gofr.dev/pkg/gofr/http/request.go:64.2,66.23 2 1
gofr.dev/pkg/gofr/http/responder.go:11.53,13.2 1 1
gofr.dev/pkg/gofr/http/responder.go:19.57,23.26 3 1
gofr.dev/pkg/gofr/http/responder.go:24.20,25.16 1 0
gofr.dev/pkg/gofr/http/responder.go:26.21,32.9 4 0
gofr.dev/pkg/gofr/http/responder.go:33.10,37.4 1 1
gofr.dev/pkg/gofr/http/responder.go:40.2,44.39 3 1
gofr.dev/pkg/gofr/http/responder.go:47.84,48.16 1 1
gofr.dev/pkg/gofr/http/responder.go:48.16,50.3 1 1
gofr.dev/pkg/gofr/http/responder.go:52.2,52.41 1 1
gofr.dev/pkg/gofr/http/responder.go:52.41,56.3 1 0
gofr.dev/pkg/gofr/http/responder.go:58.2,60.3 1 1
gofr.dev/pkg/gofr/http/router.go:17.48,29.2 3 1
gofr.dev/pkg/gofr/http/router.go:31.70,34.2 2 1
gofr.dev/pkg/gofr/http/middleware/cors.go:5.51,6.47 1 1
gofr.dev/pkg/gofr/http/middleware/cors.go:6.47,7.72 1 1
gofr.dev/pkg/gofr/http/middleware/cors.go:7.72,11.38 3 1
gofr.dev/pkg/gofr/http/middleware/cors.go:11.38,14.5 2 0
gofr.dev/pkg/gofr/http/middleware/cors.go:16.4,16.25 1 1
gofr.dev/pkg/gofr/http/middleware/logger.go:19.56,22.2 2 1
gofr.dev/pkg/gofr/http/middleware/logger.go:42.67,43.47 1 1
gofr.dev/pkg/gofr/http/middleware/logger.go:43.47,44.72 1 1
gofr.dev/pkg/gofr/http/middleware/logger.go:44.72,51.61 6 1
gofr.dev/pkg/gofr/http/middleware/logger.go:51.61,63.22 2 1
gofr.dev/pkg/gofr/http/middleware/logger.go:63.22,65.6 1 1
gofr.dev/pkg/gofr/http/middleware/logger.go:68.4,70.27 2 1
gofr.dev/pkg/gofr/http/middleware/logger.go:75.43,82.21 3 1
gofr.dev/pkg/gofr/http/middleware/logger.go:82.21,84.3 1 1
gofr.dev/pkg/gofr/http/middleware/logger.go:86.2,86.37 1 1
gofr.dev/pkg/gofr/http/middleware/logger.go:94.58,97.15 2 1
gofr.dev/pkg/gofr/http/middleware/logger.go:97.15,99.25 2 0
gofr.dev/pkg/gofr/http/middleware/logger.go:100.15,101.9 1 0
gofr.dev/pkg/gofr/http/middleware/logger.go:102.14,103.17 1 0
gofr.dev/pkg/gofr/http/middleware/logger.go:104.11,105.28 1 0
gofr.dev/pkg/gofr/http/middleware/logger.go:107.3,115.37 4 0
gofr.dev/pkg/gofr/http/middleware/metrics.go:20.69,21.47 1 1
gofr.dev/pkg/gofr/http/middleware/metrics.go:21.47,22.72 1 1
gofr.dev/pkg/gofr/http/middleware/metrics.go:22.72,31.61 5 1
gofr.dev/pkg/gofr/http/middleware/metrics.go:31.61,36.5 2 1
gofr.dev/pkg/gofr/http/middleware/metrics.go:38.4,38.27 1 1
gofr.dev/pkg/gofr/http/middleware/tracer.go:12.46,13.71 1 1
gofr.dev/pkg/gofr/http/middleware/tracer.go:13.71,28.3 6 1
gofr.dev/pkg/gofr/logging/dynamicLevelLogger.go:17.87,19.16 2 1
gofr.dev/pkg/gofr/logging/dynamicLevelLogger.go:19.16,21.3 1 0
gofr.dev/pkg/gofr/logging/dynamicLevelLogger.go:23.2,30.27 2 1
gofr.dev/pkg/gofr/logging/dynamicLevelLogger.go:30.27,32.3 1 0
gofr.dev/pkg/gofr/logging/dynamicLevelLogger.go:34.2,34.10 1 1
gofr.dev/pkg/gofr/logging/dynamicLevelLogger.go:44.41,52.21 5 0
gofr.dev/pkg/gofr/logging/dynamicLevelLogger.go:52.21,54.17 2 0
gofr.dev/pkg/gofr/logging/dynamicLevelLogger.go:54.17,57.34 2 0
gofr.dev/pkg/gofr/logging/dynamicLevelLogger.go:57.34,60.5 2 0
gofr.dev/pkg/gofr/logging/dynamicLevelLogger.go:65.92,70.16 4 0
gofr.dev/pkg/gofr/logging/dynamicLevelLogger.go:70.16,72.3 1 0
gofr.dev/pkg/gofr/logging/dynamicLevelLogger.go:73.2,83.16 4 0
gofr.dev/pkg/gofr/logging/dynamicLevelLogger.go:83.16,85.3 1 0
gofr.dev/pkg/gofr/logging/dynamicLevelLogger.go:87.2,88.16 2 0
gofr.dev/pkg/gofr/logging/dynamicLevelLogger.go:88.16,90.3 1 0
gofr.dev/pkg/gofr/logging/dynamicLevelLogger.go:92.2,92.28 1 0
gofr.dev/pkg/gofr/logging/dynamicLevelLogger.go:92.28,95.3 2 0
gofr.dev/pkg/gofr/logging/dynamicLevelLogger.go:97.2,97.26 1 0
gofr.dev/pkg/gofr/logging/level.go:29.32,30.11 1 1
gofr.dev/pkg/gofr/logging/level.go:31.13,32.20 1 1
gofr.dev/pkg/gofr/logging/level.go:33.12,34.19 1 1
gofr.dev/pkg/gofr/logging/level.go:35.14,36.21 1 0
gofr.dev/pkg/gofr/logging/level.go:37.12,38.19 1 0
gofr.dev/pkg/gofr/logging/level.go:39.13,40.20 1 1
gofr.dev/pkg/gofr/logging/level.go:41.13,42.20 1 0
gofr.dev/pkg/gofr/logging/level.go:43.10,44.12 1 0
gofr.dev/pkg/gofr/logging/level.go:49.29,50.11 1 0
gofr.dev/pkg/gofr/logging/level.go:51.20,52.13 1 0
gofr.dev/pkg/gofr/logging/level.go:53.20,54.13 1 0
gofr.dev/pkg/gofr/logging/level.go:55.12,56.11 1 0
gofr.dev/pkg/gofr/logging/level.go:57.13,58.11 1 0
gofr.dev/pkg/gofr/logging/level.go:59.10,60.12 1 0
gofr.dev/pkg/gofr/logging/level.go:64.46,70.2 4 1
gofr.dev/pkg/gofr/logging/level.go:72.45,73.32 1 1
gofr.dev/pkg/gofr/logging/level.go:74.18,75.15 1 1
gofr.dev/pkg/gofr/logging/level.go:76.17,77.14 1 0
gofr.dev/pkg/gofr/logging/level.go:78.19,79.16 1 0
gofr.dev/pkg/gofr/logging/level.go:80.17,81.14 1 0
gofr.dev/pkg/gofr/logging/level.go:82.18,83.15 1 0
gofr.dev/pkg/gofr/logging/level.go:84.18,85.15 1 0
gofr.dev/pkg/gofr/logging/level.go:86.10,87.14 1 1
gofr.dev/pkg/gofr/logging/logger.go:51.72,52.21 1 1
gofr.dev/pkg/gofr/logging/logger.go:52.21,54.3 1 1
gofr.dev/pkg/gofr/logging/logger.go:56.2,57.20 2 1
gofr.dev/pkg/gofr/logging/logger.go:57.20,59.3 1 1
gofr.dev/pkg/gofr/logging/logger.go:61.2,66.9 2 1
gofr.dev/pkg/gofr/logging/logger.go:67.38,68.26 1 1
gofr.dev/pkg/gofr/logging/logger.go:69.38,70.23 1 0
gofr.dev/pkg/gofr/logging/logger.go:71.20,72.50 1 1
gofr.dev/pkg/gofr/logging/logger.go:75.2,75.18 1 1
gofr.dev/pkg/gofr/logging/logger.go:75.18,77.3 1 0
gofr.dev/pkg/gofr/logging/logger.go:77.8,79.3 1 1
gofr.dev/pkg/gofr/logging/logger.go:82.45,84.2 1 1
gofr.dev/pkg/gofr/logging/logger.go:86.61,88.2 1 1
gofr.dev/pkg/gofr/logging/logger.go:90.44,92.2 1 1
gofr.dev/pkg/gofr/logging/logger.go:94.60,96.2 1 1
gofr.dev/pkg/gofr/logging/logger.go:98.46,100.2 1 0
gofr.dev/pkg/gofr/logging/logger.go:102.62,104.2 1 0
gofr.dev/pkg/gofr/logging/logger.go:106.44,108.2 1 0
gofr.dev/pkg/gofr/logging/logger.go:110.60,112.2 1 0
gofr.dev/pkg/gofr/logging/logger.go:114.43,116.2 1 1
gofr.dev/pkg/gofr/logging/logger.go:118.59,120.2 1 1
gofr.dev/pkg/gofr/logging/logger.go:122.45,124.2 1 1
gofr.dev/pkg/gofr/logging/logger.go:126.61,128.2 1 1
gofr.dev/pkg/gofr/logging/logger.go:130.45,135.2 2 0
gofr.dev/pkg/gofr/logging/logger.go:137.61,140.2 2 0
gofr.dev/pkg/gofr/logging/logger.go:142.57,145.33 1 0
gofr.dev/pkg/gofr/logging/logger.go:146.29,149.130 1 0
gofr.dev/pkg/gofr/logging/logger.go:150.15,152.112 1 0
gofr.dev/pkg/gofr/logging/logger.go:153.22,154.30 1 0
gofr.dev/pkg/gofr/logging/logger.go:154.30,158.4 1 0
gofr.dev/pkg/gofr/logging/logger.go:158.9,161.4 1 0
gofr.dev/pkg/gofr/logging/logger.go:162.19,165.64 1 0
gofr.dev/pkg/gofr/logging/logger.go:166.24,170.82 1 0
gofr.dev/pkg/gofr/logging/logger.go:171.10,172.137 1 0
gofr.dev/pkg/gofr/logging/logger.go:177.41,184.9 2 0
gofr.dev/pkg/gofr/logging/logger.go:185.37,186.14 1 0
gofr.dev/pkg/gofr/logging/logger.go:187.37,188.16 1 0
gofr.dev/pkg/gofr/logging/logger.go:189.37,190.13 1 0
gofr.dev/pkg/gofr/logging/logger.go:193.2,193.10 1 0
gofr.dev/pkg/gofr/logging/logger.go:196.36,207.2 4 1
gofr.dev/pkg/gofr/logging/logger.go:210.40,216.16 2 1
gofr.dev/pkg/gofr/logging/logger.go:216.16,218.3 1 0
gofr.dev/pkg/gofr/logging/logger.go:220.2,221.16 2 1
gofr.dev/pkg/gofr/logging/logger.go:221.16,223.3 1 1
gofr.dev/pkg/gofr/logging/logger.go:225.2,228.10 3 0
gofr.dev/pkg/gofr/logging/logger.go:231.40,232.23 1 1
gofr.dev/pkg/gofr/logging/logger.go:233.16,234.38 1 1
gofr.dev/pkg/gofr/logging/logger.go:235.10,236.15 1 0
gofr.dev/pkg/gofr/logging/logger.go:240.43,242.2 1 0
gofr.dev/pkg/gofr/metrics/errors.go:13.50,15.2 1 0
gofr.dev/pkg/gofr/metrics/errors.go:17.46,19.2 1 0
gofr.dev/pkg/gofr/metrics/handler.go:11.41,18.2 3 1
gofr.dev/pkg/gofr/metrics/handler.go:20.70,21.71 1 1
gofr.dev/pkg/gofr/metrics/handler.go:21.71,33.3 8 0
gofr.dev/pkg/gofr/metrics/register.go:38.67,44.2 1 1
gofr.dev/pkg/gofr/metrics/register.go:53.56,55.16 2 0
gofr.dev/pkg/gofr/metrics/register.go:55.16,59.3 2 0
gofr.dev/pkg/gofr/metrics/register.go:61.2,62.16 2 0
gofr.dev/pkg/gofr/metrics/register.go:62.16,64.3 1 0
gofr.dev/pkg/gofr/metrics/register.go:71.62,73.16 2 0
gofr.dev/pkg/gofr/metrics/register.go:73.16,77.3 2 0
gofr.dev/pkg/gofr/metrics/register.go:79.2,80.16 2 0
gofr.dev/pkg/gofr/metrics/register.go:80.16,82.3 1 0
gofr.dev/pkg/gofr/metrics/register.go:98.78,101.16 2 1
gofr.dev/pkg/gofr/metrics/register.go:101.16,105.3 2 0
gofr.dev/pkg/gofr/metrics/register.go:107.2,108.16 2 1
gofr.dev/pkg/gofr/metrics/register.go:108.16,110.3 1 0
gofr.dev/pkg/gofr/metrics/register.go:118.54,120.16 2 1
gofr.dev/pkg/gofr/metrics/register.go:120.16,124.3 2 0
gofr.dev/pkg/gofr/metrics/register.go:126.2,127.16 2 1
gofr.dev/pkg/gofr/metrics/register.go:127.16,129.3 1 0
gofr.dev/pkg/gofr/metrics/register.go:147.95,149.16 2 0
gofr.dev/pkg/gofr/metrics/register.go:149.16,153.3 2 0
gofr.dev/pkg/gofr/metrics/register.go:155.2,155.81 1 0
gofr.dev/pkg/gofr/metrics/register.go:172.112,174.16 2 0
gofr.dev/pkg/gofr/metrics/register.go:174.16,178.3 2 0
gofr.dev/pkg/gofr/metrics/register.go:180.2,180.91 1 0
gofr.dev/pkg/gofr/metrics/register.go:192.109,194.16 2 1
gofr.dev/pkg/gofr/metrics/register.go:194.16,198.3 2 0
gofr.dev/pkg/gofr/metrics/register.go:200.2,200.90 1 1
gofr.dev/pkg/gofr/metrics/register.go:210.63,212.16 2 0
gofr.dev/pkg/gofr/metrics/register.go:212.16,216.3 2 0
gofr.dev/pkg/gofr/metrics/register.go:218.2,219.16 2 0
gofr.dev/pkg/gofr/metrics/register.go:219.16,221.3 1 0
gofr.dev/pkg/gofr/metrics/register.go:224.119,225.58 1 0
gofr.dev/pkg/gofr/metrics/register.go:225.58,229.3 2 0
gofr.dev/pkg/gofr/metrics/register.go:233.92,235.24 2 1
gofr.dev/pkg/gofr/metrics/register.go:235.24,237.3 1 0
gofr.dev/pkg/gofr/metrics/register.go:239.2,240.36 2 1
gofr.dev/pkg/gofr/metrics/register.go:240.36,242.3 1 0
gofr.dev/pkg/gofr/metrics/register.go:244.2,246.19 2 1
gofr.dev/pkg/gofr/metrics/register.go:246.19,247.41 1 1
gofr.dev/pkg/gofr/metrics/register.go:247.41,249.4 1 1
gofr.dev/pkg/gofr/metrics/register.go:252.2,252.19 1 1
gofr.dev/pkg/gofr/metrics/store.go:25.27,32.2 1 1
gofr.dev/pkg/gofr/metrics/store.go:34.69,36.9 2 0
gofr.dev/pkg/gofr/metrics/store.go:36.9,38.3 1 0
gofr.dev/pkg/gofr/metrics/store.go:40.2,40.15 1 0
gofr.dev/pkg/gofr/metrics/store.go:43.83,45.9 2 0
gofr.dev/pkg/gofr/metrics/store.go:45.9,47.3 1 0
gofr.dev/pkg/gofr/metrics/store.go:49.2,49.15 1 0
gofr.dev/pkg/gofr/metrics/store.go:52.75,54.9 2 1
gofr.dev/pkg/gofr/metrics/store.go:54.9,56.3 1 0
gofr.dev/pkg/gofr/metrics/store.go:58.2,58.15 1 1
gofr.dev/pkg/gofr/metrics/store.go:61.77,63.9 2 0
gofr.dev/pkg/gofr/metrics/store.go:63.9,65.3 1 0
gofr.dev/pkg/gofr/metrics/store.go:67.2,67.15 1 0
gofr.dev/pkg/gofr/metrics/store.go:70.69,72.9 2 0
gofr.dev/pkg/gofr/metrics/store.go:72.9,76.3 2 0
gofr.dev/pkg/gofr/metrics/store.go:78.2,78.52 1 0
gofr.dev/pkg/gofr/metrics/store.go:81.83,83.9 2 0
gofr.dev/pkg/gofr/metrics/store.go:83.9,87.3 2 0
gofr.dev/pkg/gofr/metrics/store.go:89.2,89.52 1 0
gofr.dev/pkg/gofr/metrics/store.go:92.75,94.9 2 1
gofr.dev/pkg/gofr/metrics/store.go:94.9,98.3 2 1
gofr.dev/pkg/gofr/metrics/store.go:100.2,100.52 1 0
gofr.dev/pkg/gofr/metrics/store.go:103.77,105.9 2 1
gofr.dev/pkg/gofr/metrics/store.go:105.9,109.3 2 1
gofr.dev/pkg/gofr/metrics/store.go:111.2,111.52 1 0
gofr.dev/pkg/gofr/metrics/exporters/exporter.go:11.58,13.16 2 1
gofr.dev/pkg/gofr/metrics/exporters/exporter.go:13.16,15.3 1 0
[...]
gofr.dev/pkg/gofr/testutil/mock_logger.go:91.23,93.3 1 0
gofr.dev/pkg/gofr/testutil/mock_logger.go:95.2,97.9 2 0
gofr.dev/pkg/gofr/testutil/mock_logger.go:98.38,99.20 1 0
gofr.dev/pkg/gofr/testutil/mock_logger.go:100.38,101.17 1 0
gofr.dev/pkg/gofr/testutil/mock_logger.go:102.20,103.41 1 0
gofr.dev/pkg/gofr/testutil/mock_logger.go:106.2,106.35 1 0
gofr.dev/pkg/gofr/testutil/os.go:8.43,21.2 8 1
gofr.dev/pkg/gofr/testutil/os.go:23.43,36.2 8 1
gofr.dev/pkg/gofr/config/godotenv.go:11.47,16.2 3 0
gofr.dev/pkg/gofr/config/godotenv.go:18.39,22.2 2 0
gofr.dev/pkg/gofr/config/godotenv.go:23.42,25.2 1 0
gofr.dev/pkg/gofr/config/godotenv.go:27.65,28.38 1 0
gofr.dev/pkg/gofr/config/godotenv.go:28.38,30.3 1 0
gofr.dev/pkg/gofr/config/godotenv.go:32.2,32.21 1 0
gofr.dev/pkg/gofr/service/circuit_breaker.go:42.77,54.2 3 1
gofr.dev/pkg/gofr/service/circuit_breaker.go:58.34,62.27 3 1
gofr.dev/pkg/gofr/service/circuit_breaker.go:62.27,63.47 1 0
gofr.dev/pkg/gofr/service/circuit_breaker.go:63.47,65.27 1 0
gofr.dev/pkg/gofr/service/circuit_breaker.go:65.27,68.5 2 0
gofr.dev/pkg/gofr/service/circuit_breaker.go:71.3,71.29 1 0
gofr.dev/pkg/gofr/service/circuit_breaker.go:74.2,76.16 2 1
gofr.dev/pkg/gofr/service/circuit_breaker.go:76.16,78.3 1 1
gofr.dev/pkg/gofr/service/circuit_breaker.go:78.8,80.3 1 1
gofr.dev/pkg/gofr/service/circuit_breaker.go:82.2,82.36 1 1
gofr.dev/pkg/gofr/service/circuit_breaker.go:82.36,85.3 2 1
gofr.dev/pkg/gofr/service/circuit_breaker.go:87.2,87.20 1 1
gofr.dev/pkg/gofr/service/circuit_breaker.go:91.41,96.2 3 1
gofr.dev/pkg/gofr/service/circuit_breaker.go:99.65,103.2 2 1
gofr.dev/pkg/gofr/service/circuit_breaker.go:106.47,109.21 2 1
gofr.dev/pkg/gofr/service/circuit_breaker.go:109.21,110.18 1 1
gofr.dev/pkg/gofr/service/circuit_breaker.go:110.18,111.14 1 0
gofr.dev/pkg/gofr/service/circuit_breaker.go:111.14,112.39 1 0
gofr.dev/pkg/gofr/service/circuit_breaker.go:112.39,114.6 1 0
gofr.dev/pkg/gofr/service/circuit_breaker.go:121.41,124.2 2 1
gofr.dev/pkg/gofr/service/circuit_breaker.go:127.42,130.2 2 1
gofr.dev/pkg/gofr/service/circuit_breaker.go:133.43,135.36 2 1
gofr.dev/pkg/gofr/service/circuit_breaker.go:135.36,137.3 1 1
gofr.dev/pkg/gofr/service/circuit_breaker.go:141.47,143.2 1 1
gofr.dev/pkg/gofr/service/circuit_breaker.go:145.56,147.2 1 1
gofr.dev/pkg/gofr/service/circuit_breaker.go:149.53,150.80 1 1
gofr.dev/pkg/gofr/service/circuit_breaker.go:150.80,153.3 2 1
gofr.dev/pkg/gofr/service/circuit_breaker.go:155.2,155.14 1 0
gofr.dev/pkg/gofr/service/circuit_breaker.go:158.109,159.16 1 1
gofr.dev/pkg/gofr/service/circuit_breaker.go:159.16,161.3 1 1
gofr.dev/pkg/gofr/service/circuit_breaker.go:163.2,164.9 2 1
gofr.dev/pkg/gofr/service/circuit_breaker.go:164.9,166.3 1 0
gofr.dev/pkg/gofr/service/circuit_breaker.go:168.2,168.22 1 1
gofr.dev/pkg/gofr/service/circuit_breaker.go:172.66,173.17 1 1
gofr.dev/pkg/gofr/service/circuit_breaker.go:173.17,174.31 1 1
gofr.dev/pkg/gofr/service/circuit_breaker.go:174.31,176.4 1 0
gofr.dev/pkg/gofr/service/circuit_breaker.go:179.2,183.16 3 1
gofr.dev/pkg/gofr/service/circuit_breaker.go:184.22,185.101 1 1
gofr.dev/pkg/gofr/service/circuit_breaker.go:185.101,187.4 1 1
gofr.dev/pkg/gofr/service/circuit_breaker.go:188.23,189.101 1 1
gofr.dev/pkg/gofr/service/circuit_breaker.go:189.101,191.4 1 1
gofr.dev/pkg/gofr/service/circuit_breaker.go:192.24,193.101 1 1
gofr.dev/pkg/gofr/service/circuit_breaker.go:193.101,195.4 1 1
gofr.dev/pkg/gofr/service/circuit_breaker.go:196.22,197.101 1 1
gofr.dev/pkg/gofr/service/circuit_breaker.go:197.101,199.4 1 1
gofr.dev/pkg/gofr/service/circuit_breaker.go:200.25,201.101 1 1
gofr.dev/pkg/gofr/service/circuit_breaker.go:201.101,203.4 1 1
gofr.dev/pkg/gofr/service/circuit_breaker.go:206.2,207.16 2 1
gofr.dev/pkg/gofr/service/circuit_breaker.go:207.16,209.3 1 1
gofr.dev/pkg/gofr/service/circuit_breaker.go:211.2,211.18 1 1
gofr.dev/pkg/gofr/service/circuit_breaker.go:215.53,217.2 1 1
gofr.dev/pkg/gofr/service/circuit_breaker.go:221.66,223.2 1 1
gofr.dev/pkg/gofr/service/circuit_breaker.go:227.66,229.2 1 1
gofr.dev/pkg/gofr/service/circuit_breaker.go:233.66,235.2 1 1
gofr.dev/pkg/gofr/service/circuit_breaker.go:239.25,241.2 1 1
gofr.dev/pkg/gofr/service/circuit_breaker.go:243.125,245.2 1 1
gofr.dev/pkg/gofr/service/circuit_breaker.go:249.39,251.2 1 1
gofr.dev/pkg/gofr/service/circuit_breaker.go:255.39,257.2 1 1
gofr.dev/pkg/gofr/service/circuit_breaker.go:261.39,263.2 1 1
gofr.dev/pkg/gofr/service/circuit_breaker.go:267.25,269.2 1 1
gofr.dev/pkg/gofr/service/health.go:18.64,20.2 1 1
gofr.dev/pkg/gofr/service/health.go:22.98,29.31 3 1
gofr.dev/pkg/gofr/service/health.go:29.31,34.3 3 1
gofr.dev/pkg/gofr/service/health.go:36.2,40.38 3 1
gofr.dev/pkg/gofr/service/health.go:40.38,44.3 2 1
gofr.dev/pkg/gofr/service/health.go:46.2,49.24 3 1
gofr.dev/pkg/gofr/service/health_config.go:9.49,14.2 1 1
gofr.dev/pkg/gofr/service/health_config.go:21.72,23.2 1 1
gofr.dev/pkg/gofr/service/mock_metrics.go:31.59,35.2 3 1
gofr.dev/pkg/gofr/service/mock_metrics.go:38.57,40.2 1 1
gofr.dev/pkg/gofr/service/mock_metrics.go:43.106,46.27 3 1
gofr.dev/pkg/gofr/service/mock_metrics.go:46.27,48.3 1 1
gofr.dev/pkg/gofr/service/mock_metrics.go:49.2,49.47 1 1
gofr.dev/pkg/gofr/service/mock_metrics.go:53.102,57.2 3 1
gofr.dev/pkg/gofr/service/new.go:68.101,82.28 4 1
gofr.dev/pkg/gofr/service/new.go:82.28,84.3 1 1
gofr.dev/pkg/gofr/service/new.go:86.2,86.12 1 1
gofr.dev/pkg/gofr/service/new.go:89.121,91.2 1 1
gofr.dev/pkg/gofr/service/new.go:94.53,96.2 1 1
gofr.dev/pkg/gofr/service/new.go:99.39,101.2 1 1
gofr.dev/pkg/gofr/service/new.go:104.66,106.2 1 1
gofr.dev/pkg/gofr/service/new.go:108.136,110.2 1 1
gofr.dev/pkg/gofr/service/new.go:113.66,115.2 1 1
gofr.dev/pkg/gofr/service/new.go:118.39,120.2 1 1
gofr.dev/pkg/gofr/service/new.go:123.66,125.2 1 1
gofr.dev/pkg/gofr/service/new.go:127.101,129.2 1 1
gofr.dev/pkg/gofr/service/new.go:131.139,133.2 1 1
gofr.dev/pkg/gofr/service/new.go:136.102,146.16 7 1
gofr.dev/pkg/gofr/service/new.go:146.16,148.3 1 1
gofr.dev/pkg/gofr/service/new.go:150.2,150.28 1 1
gofr.dev/pkg/gofr/service/new.go:150.28,152.3 1 1
gofr.dev/pkg/gofr/service/new.go:155.2,173.37 7 1
gofr.dev/pkg/gofr/service/new.go:173.37,176.3 1 1
gofr.dev/pkg/gofr/service/new.go:178.2,180.16 2 1
gofr.dev/pkg/gofr/service/new.go:180.16,185.3 3 1
gofr.dev/pkg/gofr/service/new.go:187.2,191.18 3 1
gofr.dev/pkg/gofr/service/new.go:196.83,199.32 2 1
gofr.dev/pkg/gofr/service/new.go:199.32,200.25 1 1
gofr.dev/pkg/gofr/service/new.go:201.17,202.27 1 1
gofr.dev/pkg/gofr/service/new.go:202.27,204.5 1 1
gofr.dev/pkg/gofr/service/new.go:205.11,206.34 1 1
gofr.dev/pkg/gofr/service/new.go:210.2,210.31 1 1
gofr.dev/pkg/gofr/service/response.go:11.49,12.22 1 1
gofr.dev/pkg/gofr/service/response.go:12.22,14.3 1 1
gofr.dev/pkg/gofr/service/response.go:16.2,16.11 1 1
gofr.dev/pkg/gofr/testutil/error.go:7.37,9.2 1 1
gofr.dev/pkg/gofr/testutil/mock_config.go:11.63,15.2 1 0
gofr.dev/pkg/gofr/testutil/mock_config.go:17.43,19.2 1 0
gofr.dev/pkg/gofr/testutil/mock_config.go:21.55,23.9 2 0
gofr.dev/pkg/gofr/testutil/mock_config.go:23.9,25.3 1 0
gofr.dev/pkg/gofr/testutil/mock_config.go:27.2,27.12 1 0
gofr.dev/pkg/gofr/testutil/mock_logger.go:24.43,30.2 1 1
gofr.dev/pkg/gofr/testutil/mock_logger.go:32.48,34.2 1 0
gofr.dev/pkg/gofr/testutil/mock_logger.go:36.64,38.2 1 0
gofr.dev/pkg/gofr/testutil/mock_logger.go:40.49,42.2 1 0
gofr.dev/pkg/gofr/testutil/mock_logger.go:43.65,45.2 1 0
gofr.dev/pkg/gofr/testutil/mock_logger.go:47.50,49.2 1 0
gofr.dev/pkg/gofr/testutil/mock_logger.go:50.66,52.2 1 0
gofr.dev/pkg/gofr/testutil/mock_logger.go:54.49,56.2 1 0
gofr.dev/pkg/gofr/testutil/mock_logger.go:58.65,60.2 1 0
gofr.dev/pkg/gofr/testutil/mock_logger.go:62.47,64.2 1 1
gofr.dev/pkg/gofr/testutil/mock_logger.go:66.63,68.2 1 0
gofr.dev/pkg/gofr/testutil/mock_logger.go:70.48,72.2 1 0
gofr.dev/pkg/gofr/testutil/mock_logger.go:73.64,75.2 1 0
gofr.dev/pkg/gofr/testutil/mock_logger.go:77.49,79.2 1 0
gofr.dev/pkg/gofr/testutil/mock_logger.go:81.65,83.2 1 0
gofr.dev/pkg/gofr/testutil/mock_logger.go:85.74,86.21 1 1
gofr.dev/pkg/gofr/testutil/mock_logger.go:86.21,88.3 1 0
gofr.dev/pkg/gofr/testutil/mock_logger.go:90.2,91.23 2 1
gofr.dev/pkg/gofr/testutil/mock_logger.go:91.23,93.3 1 0
gofr.dev/pkg/gofr/testutil/mock_logger.go:95.2,97.9 2 1
gofr.dev/pkg/gofr/testutil/mock_logger.go:98.38,99.20 1 0
gofr.dev/pkg/gofr/testutil/mock_logger.go:100.38,101.17 1 0
gofr.dev/pkg/gofr/testutil/mock_logger.go:102.20,103.41 1 1
gofr.dev/pkg/gofr/testutil/mock_logger.go:106.2,106.35 1 1
gofr.dev/pkg/gofr/testutil/os.go:8.43,21.2 8 0
gofr.dev/pkg/gofr/testutil/os.go:23.43,36.2 8 0
gofr.dev/examples/grpc-server/grpc/server.go:12.88,14.16 2 1
gofr.dev/examples/grpc-server/grpc/server.go:14.16,16.3 1 1
gofr.dev/examples/grpc-server/grpc/server.go:18.2,20.8 1 1
gofr.dev/examples/sample-cmd/main.go:8.13,11.69 2 1
gofr.dev/examples/sample-cmd/main.go:11.69,13.3 1 1
gofr.dev/examples/sample-cmd/main.go:15.2,15.70 1 1
gofr.dev/examples/sample-cmd/main.go:15.70,17.3 1 1
gofr.dev/examples/sample-cmd/main.go:19.2,19.11 1 1
gofr.dev/examples/grpc-server/main.go:8.13,14.2 3 1
gofr.dev/examples/grpc-server/grpc/server.go:12.88,14.16 2 1
gofr.dev/examples/grpc-server/grpc/server.go:14.16,16.3 1 1
gofr.dev/examples/grpc-server/grpc/server.go:18.2,20.8 1 1
gofr.dev/examples/http-server-using-redis/main.go:11.13,22.2 5 1
gofr.dev/examples/http-server-using-redis/main.go:25.60,28.47 2 1
gofr.dev/examples/http-server-using-redis/main.go:28.47,30.3 1 1
gofr.dev/examples/http-server-using-redis/main.go:32.2,32.32 1 1
gofr.dev/examples/http-server-using-redis/main.go:32.32,34.17 2 1
gofr.dev/examples/http-server-using-redis/main.go:34.17,36.4 1 1
gofr.dev/examples/http-server-using-redis/main.go:39.2,39.26 1 1
gofr.dev/examples/http-server-using-redis/main.go:43.60,47.16 3 1
gofr.dev/examples/http-server-using-redis/main.go:47.16,49.3 1 1
gofr.dev/examples/http-server-using-redis/main.go:51.2,54.18 3 1
gofr.dev/examples/http-server-using-redis/main.go:58.65,67.16 5 1
gofr.dev/examples/http-server-using-redis/main.go:67.16,69.3 1 1
gofr.dev/examples/http-server-using-redis/main.go:72.2,72.18 1 1
gofr.dev/examples/using-custom-metrics/main.go:18.13,34.2 8 1
gofr.dev/examples/using-custom-metrics/main.go:36.63,50.2 7 1
gofr.dev/examples/using-custom-metrics/main.go:52.58,60.2 3 1
gofr.dev/examples/http-server/main.go:13.13,29.2 8 1
gofr.dev/examples/http-server/main.go:31.57,33.16 2 1
gofr.dev/examples/http-server/main.go:33.16,36.3 2 1
gofr.dev/examples/http-server/main.go:38.2,38.44 1 1
gofr.dev/examples/http-server/main.go:41.57,43.2 1 1
gofr.dev/examples/http-server/main.go:45.57,47.36 2 1
gofr.dev/examples/http-server/main.go:47.36,49.3 1 1
gofr.dev/examples/http-server/main.go:51.2,51.17 1 1
gofr.dev/examples/http-server/main.go:54.57,66.29 8 1
gofr.dev/examples/http-server/main.go:66.29,67.13 1 1
gofr.dev/examples/http-server/main.go:67.13,70.4 2 1
gofr.dev/examples/http-server/main.go:72.2,76.16 3 1
gofr.dev/examples/http-server/main.go:76.16,78.3 1 0
gofr.dev/examples/http-server/main.go:80.2,80.18 1 1
gofr.dev/examples/http-server/main.go:83.57,88.2 3 1
gofr.dev/examples/using-migrations/migrations/1708322067_create_employee_table.go:18.46,20.42 1 1
gofr.dev/examples/using-migrations/migrations/1708322067_create_employee_table.go:20.42,22.18 2 1
gofr.dev/examples/using-migrations/migrations/1708322067_create_employee_table.go:22.18,24.5 1 1
gofr.dev/examples/using-migrations/migrations/1708322067_create_employee_table.go:26.4,27.18 2 1
gofr.dev/examples/using-migrations/migrations/1708322067_create_employee_table.go:27.18,29.5 1 1
gofr.dev/examples/using-migrations/migrations/1708322067_create_employee_table.go:31.4,32.18 2 1
gofr.dev/examples/using-migrations/migrations/1708322067_create_employee_table.go:32.18,34.5 1 1
gofr.dev/examples/using-migrations/migrations/1708322067_create_employee_table.go:36.4,36.14 1 1
gofr.dev/examples/using-migrations/migrations/1708322089_redis_add_employee_name.go:8.45,10.42 1 1
gofr.dev/examples/using-migrations/migrations/1708322089_redis_add_employee_name.go:10.42,12.18 2 1
gofr.dev/examples/using-migrations/migrations/1708322089_redis_add_employee_name.go:12.18,14.5 1 1
gofr.dev/examples/using-migrations/migrations/1708322089_redis_add_employee_name.go:16.4,16.14 1 1
gofr.dev/examples/using-migrations/migrations/all.go:7.40,12.2 1 0
gofr.dev/examples/using-migrations/main.go:16.13,29.2 5 1
gofr.dev/examples/using-migrations/main.go:40.55,42.16 2 1
gofr.dev/examples/using-migrations/main.go:42.16,44.3 1 1
gofr.dev/examples/using-migrations/main.go:46.2,50.16 3 1
gofr.dev/examples/using-migrations/main.go:50.16,52.3 1 1
gofr.dev/examples/using-migrations/main.go:54.2,54.17 1 1
gofr.dev/examples/using-migrations/main.go:58.56,60.37 2 1
gofr.dev/examples/using-migrations/main.go:60.37,63.3 2 1
gofr.dev/examples/using-migrations/main.go:66.2,67.16 2 1
gofr.dev/examples/using-migrations/main.go:67.16,69.3 1 1
gofr.dev/examples/using-migrations/main.go:71.2,71.70 1 1
gofr.dev/examples/using-migrations/migrations/1708322067_create_employee_table.go:18.46,20.42 1 1
gofr.dev/examples/using-migrations/migrations/1708322067_create_employee_table.go:20.42,22.18 2 1
gofr.dev/examples/using-migrations/migrations/1708322067_create_employee_table.go:22.18,24.5 1 0
gofr.dev/examples/using-migrations/migrations/1708322067_create_employee_table.go:26.4,27.18 2 1
gofr.dev/examples/using-migrations/migrations/1708322067_create_employee_table.go:27.18,29.5 1 0
gofr.dev/examples/using-migrations/migrations/1708322067_create_employee_table.go:31.4,32.18 2 1
gofr.dev/examples/using-migrations/migrations/1708322067_create_employee_table.go:32.18,34.5 1 0
gofr.dev/examples/using-migrations/migrations/1708322067_create_employee_table.go:36.4,36.14 1 1
gofr.dev/examples/using-migrations/migrations/1708322089_redis_add_employee_name.go:8.45,10.42 1 1
gofr.dev/examples/using-migrations/migrations/1708322089_redis_add_employee_name.go:10.42,12.18 2 1
gofr.dev/examples/using-migrations/migrations/1708322089_redis_add_employee_name.go:12.18,14.5 1 0
gofr.dev/examples/using-migrations/migrations/1708322089_redis_add_employee_name.go:16.4,16.14 1 1
gofr.dev/examples/using-migrations/migrations/all.go:7.40,12.2 1 1
gofr.dev/examples/using-http-service/main.go:12.13,38.2 5 1
gofr.dev/examples/using-http-service/main.go:40.44,51.16 4 1
gofr.dev/examples/using-http-service/main.go:51.16,53.3 1 1
gofr.dev/examples/using-http-service/main.go:55.2,57.16 3 1
gofr.dev/examples/using-http-service/main.go:57.16,59.3 1 1
gofr.dev/examples/using-http-service/main.go:61.2,61.18 1 1
gofr.dev/examples/using-publisher/main.go:10.13,20.2 5 1
gofr.dev/examples/using-publisher/main.go:22.52,31.16 4 1
gofr.dev/examples/using-publisher/main.go:31.16,33.3 1 1
gofr.dev/examples/using-publisher/main.go:35.2,38.16 3 1
gofr.dev/examples/using-publisher/main.go:38.16,40.3 1 1
gofr.dev/examples/using-publisher/main.go:42.2,42.25 1 1
gofr.dev/examples/using-publisher/main.go:45.54,54.16 4 1
gofr.dev/examples/using-publisher/main.go:54.16,56.3 1 1
gofr.dev/examples/using-publisher/main.go:58.2,61.16 3 1
gofr.dev/examples/using-publisher/main.go:61.16,63.3 1 1
gofr.dev/examples/using-publisher/main.go:65.2,65.25 1 1
gofr.dev/examples/using-subscriber/main.go:7.13,10.56 2 1
gofr.dev/examples/using-subscriber/main.go:10.56,17.17 3 1
gofr.dev/examples/using-subscriber/main.go:17.17,21.4 2 0
gofr.dev/examples/using-subscriber/main.go:23.3,25.13 2 1
gofr.dev/examples/using-subscriber/main.go:28.2,28.58 1 1
gofr.dev/examples/using-subscriber/main.go:28.58,35.17 3 1
gofr.dev/examples/using-subscriber/main.go:35.17,39.4 2 0
gofr.dev/examples/using-subscriber/main.go:41.3,43.13 2 1
gofr.dev/examples/using-subscriber/main.go:46.2,46.11 1 1
gofr.dev/pkg/gofr/migration/migration.go:23.67,25.26 2 1
gofr.dev/pkg/gofr/migration/migration.go:25.26,29.3 2 1
gofr.dev/pkg/gofr/migration/migration.go:31.2,35.18 3 1
gofr.dev/pkg/gofr/migration/migration.go:35.18,37.17 2 1
gofr.dev/pkg/gofr/migration/migration.go:37.17,41.4 2 0
gofr.dev/pkg/gofr/migration/migration.go:43.3,43.41 1 1
gofr.dev/pkg/gofr/migration/migration.go:46.2,46.20 1 1
gofr.dev/pkg/gofr/migration/migration.go:46.20,49.10 2 1
gofr.dev/pkg/gofr/migration/migration.go:50.33,51.10 1 1
gofr.dev/pkg/gofr/migration/migration.go:53.43,54.38 1 1
gofr.dev/pkg/gofr/migration/migration.go:58.2,58.40 1 1
gofr.dev/pkg/gofr/migration/migration.go:58.40,59.40 1 1
gofr.dev/pkg/gofr/migration/migration.go:59.40,60.12 1 1
gofr.dev/pkg/gofr/migration/migration.go:63.3,72.19 3 1
gofr.dev/pkg/gofr/migration/migration.go:72.19,74.18 2 0
gofr.dev/pkg/gofr/migration/migration.go:74.18,78.5 2 0
gofr.dev/pkg/gofr/migration/migration.go:80.4,80.36 1 0
gofr.dev/pkg/gofr/migration/migration.go:83.3,83.21 1 1
gofr.dev/pkg/gofr/migration/migration.go:83.21,87.4 2 1
gofr.dev/pkg/gofr/migration/migration.go:89.3,90.17 2 1
gofr.dev/pkg/gofr/migration/migration.go:90.17,94.4 2 0
gofr.dev/pkg/gofr/migration/migration.go:96.3,96.19 1 1
gofr.dev/pkg/gofr/migration/migration.go:96.19,98.4 1 0
gofr.dev/pkg/gofr/migration/migration.go:100.3,100.21 1 1
gofr.dev/pkg/gofr/migration/migration.go:100.21,102.4 1 1
gofr.dev/pkg/gofr/migration/migration.go:106.74,110.34 3 1
gofr.dev/pkg/gofr/migration/migration.go:110.34,111.18 1 1
gofr.dev/pkg/gofr/migration/migration.go:111.18,114.12 2 1
gofr.dev/pkg/gofr/migration/migration.go:117.3,117.25 1 1
gofr.dev/pkg/gofr/migration/migration.go:120.2,120.25 1 1
gofr.dev/pkg/gofr/migration/redis.go:24.33,28.2 1 1
gofr.dev/pkg/gofr/migration/redis.go:37.72,39.2 1 1
gofr.dev/pkg/gofr/migration/redis.go:41.117,43.2 1 1
gofr.dev/pkg/gofr/migration/redis.go:45.73,47.2 1 1
gofr.dev/pkg/gofr/migration/redis.go:49.83,51.2 1 1
gofr.dev/pkg/gofr/migration/redis.go:53.106,65.16 5 1
gofr.dev/pkg/gofr/migration/redis.go:65.16,67.3 1 1
gofr.dev/pkg/gofr/migration/redis.go:70.58,74.16 3 1
gofr.dev/pkg/gofr/migration/redis.go:74.16,78.3 2 1
gofr.dev/pkg/gofr/migration/redis.go:80.2,82.32 2 1
gofr.dev/pkg/gofr/migration/redis.go:82.32,85.35 2 1
gofr.dev/pkg/gofr/migration/redis.go:85.35,87.4 1 1
gofr.dev/pkg/gofr/migration/redis.go:89.3,94.17 4 1
gofr.dev/pkg/gofr/migration/redis.go:94.17,98.4 2 1
gofr.dev/pkg/gofr/migration/redis.go:100.3,100.36 1 1
gofr.dev/pkg/gofr/migration/redis.go:103.2,103.22 1 1
gofr.dev/pkg/gofr/migration/sql.go:27.28,29.2 1 0
gofr.dev/pkg/gofr/migration/sql.go:31.77,33.2 1 0
gofr.dev/pkg/gofr/migration/sql.go:35.70,37.2 1 0
gofr.dev/pkg/gofr/migration/sql.go:38.98,40.2 1 0
gofr.dev/pkg/gofr/migration/sql.go:42.77,44.2 1 0
gofr.dev/pkg/gofr/migration/sql.go:46.105,48.2 1 0
gofr.dev/pkg/gofr/migration/sql.go:50.66,53.31 1 1
gofr.dev/pkg/gofr/migration/sql.go:54.26,58.17 3 0
gofr.dev/pkg/gofr/migration/sql.go:58.17,60.4 1 0
gofr.dev/pkg/gofr/migration/sql.go:62.3,62.18 1 0
gofr.dev/pkg/gofr/migration/sql.go:62.18,63.70 1 0
gofr.dev/pkg/gofr/migration/sql.go:63.70,65.5 1 0
gofr.dev/pkg/gofr/migration/sql.go:67.18,71.17 3 0
gofr.dev/pkg/gofr/migration/sql.go:71.17,73.4 1 0
gofr.dev/pkg/gofr/migration/sql.go:75.3,75.14 1 0
gofr.dev/pkg/gofr/migration/sql.go:75.14,76.70 1 0
gofr.dev/pkg/gofr/migration/sql.go:76.70,78.5 1 0
gofr.dev/pkg/gofr/migration/sql.go:82.2,82.12 1 1
gofr.dev/pkg/gofr/migration/sql.go:85.56,89.16 3 1
gofr.dev/pkg/gofr/migration/sql.go:89.16,91.3 1 0
gofr.dev/pkg/gofr/migration/sql.go:93.2,93.22 1 1
gofr.dev/pkg/gofr/migration/sql.go:96.100,100.2 2 0
gofr.dev/pkg/gofr/migration/sql.go:102.61,103.38 1 0
gofr.dev/pkg/gofr/migration/sql.go:103.38,105.3 1 0
gofr.dev/pkg/gofr/migration/sql.go:107.2,107.53 1 0
gofr.dev/pkg/gofr/migration/sql.go:110.98,111.31 1 0
gofr.dev/pkg/gofr/migration/sql.go:112.26,114.17 2 0
gofr.dev/pkg/gofr/migration/sql.go:114.17,118.4 2 0
gofr.dev/pkg/gofr/migration/sql.go:119.18,121.17 2 0
gofr.dev/pkg/gofr/migration/sql.go:121.17,125.4 2 0
gofr.dev/pkg/gofr/migration/sql.go:129.2,129.36 1 0
gofr.dev/pkg/gofr/migration/sql.go:129.36,133.3 2 0
gofr.dev/pkg/gofr/migration/sql.go:135.2,135.67 1 0
