mode: set
gofr.dev/pkg/gofr/datasource/pubsub/nats/client.go:40.34,43.47 2 1
gofr.dev/pkg/gofr/datasource/pubsub/nats/client.go:43.47,45.3 1 0
gofr.dev/pkg/gofr/datasource/pubsub/nats/client.go:47.2,47.48 1 1
gofr.dev/pkg/gofr/datasource/pubsub/nats/client.go:47.48,53.3 3 0
gofr.dev/pkg/gofr/datasource/pubsub/nats/client.go:55.2,55.12 1 1
gofr.dev/pkg/gofr/datasource/pubsub/nats/client.go:59.46,61.46 2 1
gofr.dev/pkg/gofr/datasource/pubsub/nats/client.go:61.46,63.3 1 1
gofr.dev/pkg/gofr/datasource/pubsub/nats/client.go:65.2,68.16 3 1
gofr.dev/pkg/gofr/datasource/pubsub/nats/client.go:68.16,70.3 1 0
gofr.dev/pkg/gofr/datasource/pubsub/nats/client.go:72.2,76.12 4 1
gofr.dev/pkg/gofr/datasource/pubsub/nats/client.go:79.33,80.6 1 1
gofr.dev/pkg/gofr/datasource/pubsub/nats/client.go:80.6,83.49 2 1
gofr.dev/pkg/gofr/datasource/pubsub/nats/client.go:83.49,88.12 3 1
gofr.dev/pkg/gofr/datasource/pubsub/nats/client.go:91.3,91.9 1 1
gofr.dev/pkg/gofr/datasource/pubsub/nats/client.go:95.45,96.50 1 1
gofr.dev/pkg/gofr/datasource/pubsub/nats/client.go:96.50,100.3 2 1
gofr.dev/pkg/gofr/datasource/pubsub/nats/client.go:102.2,102.12 1 1
gofr.dev/pkg/gofr/datasource/pubsub/nats/client.go:105.44,106.21 1 1
gofr.dev/pkg/gofr/datasource/pubsub/nats/client.go:106.21,108.3 1 1
gofr.dev/pkg/gofr/datasource/pubsub/nats/client.go:112.40,113.41 1 1
gofr.dev/pkg/gofr/datasource/pubsub/nats/client.go:113.41,115.3 1 1
gofr.dev/pkg/gofr/datasource/pubsub/nats/client.go:119.40,120.40 1 1
gofr.dev/pkg/gofr/datasource/pubsub/nats/client.go:120.40,122.3 1 1
gofr.dev/pkg/gofr/datasource/pubsub/nats/client.go:126.42,127.36 1 1
gofr.dev/pkg/gofr/datasource/pubsub/nats/client.go:127.36,129.3 1 1
gofr.dev/pkg/gofr/datasource/pubsub/nats/client.go:133.85,134.39 1 1
gofr.dev/pkg/gofr/datasource/pubsub/nats/client.go:134.39,136.3 1 1
gofr.dev/pkg/gofr/datasource/pubsub/nats/client.go:138.2,138.64 1 1
gofr.dev/pkg/gofr/datasource/pubsub/nats/client.go:142.88,143.6 1 1
gofr.dev/pkg/gofr/datasource/pubsub/nats/client.go:143.6,144.40 1 1
gofr.dev/pkg/gofr/datasource/pubsub/nats/client.go:144.40,148.4 2 0
gofr.dev/pkg/gofr/datasource/pubsub/nats/client.go:150.3,151.17 2 1
gofr.dev/pkg/gofr/datasource/pubsub/nats/client.go:151.17,153.4 1 1
gofr.dev/pkg/gofr/datasource/pubsub/nats/client.go:155.3,157.34 2 0
gofr.dev/pkg/gofr/datasource/pubsub/nats/client.go:161.62,163.2 1 1
gofr.dev/pkg/gofr/datasource/pubsub/nats/client.go:165.106,173.16 5 1
gofr.dev/pkg/gofr/datasource/pubsub/nats/client.go:173.16,175.3 1 0
gofr.dev/pkg/gofr/datasource/pubsub/nats/client.go:177.2,180.16 3 1
gofr.dev/pkg/gofr/datasource/pubsub/nats/client.go:180.16,182.3 1 0
gofr.dev/pkg/gofr/datasource/pubsub/nats/client.go:185.2,188.12 3 1
gofr.dev/pkg/gofr/datasource/pubsub/nats/client.go:188.12,191.3 2 1
gofr.dev/pkg/gofr/datasource/pubsub/nats/client.go:193.2,193.12 1 1
gofr.dev/pkg/gofr/datasource/pubsub/nats/client.go:196.61,197.56 1 1
gofr.dev/pkg/gofr/datasource/pubsub/nats/client.go:197.56,200.3 2 1
gofr.dev/pkg/gofr/datasource/pubsub/nats/client.go:204.105,212.16 2 1
gofr.dev/pkg/gofr/datasource/pubsub/nats/client.go:212.16,215.3 2 0
gofr.dev/pkg/gofr/datasource/pubsub/nats/client.go:217.2,217.18 1 1
gofr.dev/pkg/gofr/datasource/pubsub/nats/client.go:220.120,221.23 1 1
gofr.dev/pkg/gofr/datasource/pubsub/nats/client.go:221.23,222.80 1 1
gofr.dev/pkg/gofr/datasource/pubsub/nats/client.go:222.80,224.4 1 0
gofr.dev/pkg/gofr/datasource/pubsub/nats/client.go:228.134,230.16 2 1
gofr.dev/pkg/gofr/datasource/pubsub/nats/client.go:230.16,231.48 1 0
gofr.dev/pkg/gofr/datasource/pubsub/nats/client.go:231.48,233.4 1 0
gofr.dev/pkg/gofr/datasource/pubsub/nats/client.go:235.3,235.13 1 0
gofr.dev/pkg/gofr/datasource/pubsub/nats/client.go:238.2,238.62 1 1
gofr.dev/pkg/gofr/datasource/pubsub/nats/client.go:241.137,242.35 1 1
gofr.dev/pkg/gofr/datasource/pubsub/nats/client.go:242.35,243.60 1 1
gofr.dev/pkg/gofr/datasource/pubsub/nats/client.go:243.60,245.4 1 1
gofr.dev/pkg/gofr/datasource/pubsub/nats/client.go:248.2,248.37 1 1
gofr.dev/pkg/gofr/datasource/pubsub/nats/client.go:248.37,251.3 2 0
gofr.dev/pkg/gofr/datasource/pubsub/nats/client.go:253.2,253.12 1 1
gofr.dev/pkg/gofr/datasource/pubsub/nats/client.go:256.102,258.16 2 1
gofr.dev/pkg/gofr/datasource/pubsub/nats/client.go:258.16,259.41 1 1
gofr.dev/pkg/gofr/datasource/pubsub/nats/client.go:259.41,262.4 2 0
gofr.dev/pkg/gofr/datasource/pubsub/nats/client.go:264.3,264.13 1 1
gofr.dev/pkg/gofr/datasource/pubsub/nats/client.go:267.2,269.40 2 1
gofr.dev/pkg/gofr/datasource/pubsub/nats/client.go:269.40,273.3 2 0
gofr.dev/pkg/gofr/datasource/pubsub/nats/client.go:275.2,275.12 1 1
gofr.dev/pkg/gofr/datasource/pubsub/nats/client.go:279.51,282.26 2 1
gofr.dev/pkg/gofr/datasource/pubsub/nats/client.go:282.26,284.3 1 1
gofr.dev/pkg/gofr/datasource/pubsub/nats/client.go:286.2,286.12 1 1
gofr.dev/pkg/gofr/datasource/pubsub/nats/client.go:290.70,291.39 1 1
gofr.dev/pkg/gofr/datasource/pubsub/nats/client.go:291.39,293.3 1 0
gofr.dev/pkg/gofr/datasource/pubsub/nats/client.go:295.2,298.4 1 1
gofr.dev/pkg/gofr/datasource/pubsub/nats/client.go:302.70,303.39 1 1
gofr.dev/pkg/gofr/datasource/pubsub/nats/client.go:303.39,305.3 1 0
gofr.dev/pkg/gofr/datasource/pubsub/nats/client.go:307.2,307.48 1 1
gofr.dev/pkg/gofr/datasource/pubsub/nats/client.go:311.76,312.39 1 1
gofr.dev/pkg/gofr/datasource/pubsub/nats/client.go:312.39,314.3 1 0
gofr.dev/pkg/gofr/datasource/pubsub/nats/client.go:316.2,316.47 1 1
gofr.dev/pkg/gofr/datasource/pubsub/nats/client.go:320.71,321.39 1 1
gofr.dev/pkg/gofr/datasource/pubsub/nats/client.go:321.39,323.3 1 0
gofr.dev/pkg/gofr/datasource/pubsub/nats/client.go:325.2,325.48 1 1
gofr.dev/pkg/gofr/datasource/pubsub/nats/client.go:329.115,330.39 1 1
gofr.dev/pkg/gofr/datasource/pubsub/nats/client.go:330.39,332.3 1 0
gofr.dev/pkg/gofr/datasource/pubsub/nats/client.go:334.2,334.55 1 1
gofr.dev/pkg/gofr/datasource/pubsub/nats/client.go:338.86,340.16 2 1
gofr.dev/pkg/gofr/datasource/pubsub/nats/client.go:340.16,342.3 1 1
gofr.dev/pkg/gofr/datasource/pubsub/nats/client.go:344.2,344.31 1 1
gofr.dev/pkg/gofr/datasource/pubsub/nats/client.go:347.35,348.14 1 1
gofr.dev/pkg/gofr/datasource/pubsub/nats/client.go:348.14,350.3 1 1
gofr.dev/pkg/gofr/datasource/pubsub/nats/client.go:352.2,352.26 1 1
gofr.dev/pkg/gofr/datasource/pubsub/nats/client.go:352.26,354.3 1 1
gofr.dev/pkg/gofr/datasource/pubsub/nats/client.go:356.2,356.34 1 1
gofr.dev/pkg/gofr/datasource/pubsub/nats/client.go:356.34,358.3 1 1
gofr.dev/pkg/gofr/datasource/pubsub/nats/client.go:360.2,360.12 1 1
gofr.dev/pkg/gofr/datasource/pubsub/nats/committer.go:15.34,16.36 1 1
gofr.dev/pkg/gofr/datasource/pubsub/nats/committer.go:16.36,20.37 2 1
gofr.dev/pkg/gofr/datasource/pubsub/nats/committer.go:20.37,22.4 1 1
gofr.dev/pkg/gofr/datasource/pubsub/nats/committer.go:24.3,24.9 1 1
gofr.dev/pkg/gofr/datasource/pubsub/nats/committer.go:29.37,31.2 1 1
gofr.dev/pkg/gofr/datasource/pubsub/nats/committer.go:34.42,36.2 1 1
gofr.dev/pkg/gofr/datasource/pubsub/nats/config.go:31.60,32.16 1 1
gofr.dev/pkg/gofr/datasource/pubsub/nats/config.go:32.16,34.3 1 0
gofr.dev/pkg/gofr/datasource/pubsub/nats/config.go:36.2,42.39 2 1
gofr.dev/pkg/gofr/datasource/pubsub/nats/config.go:46.42,47.23 1 1
gofr.dev/pkg/gofr/datasource/pubsub/nats/config.go:47.23,49.3 1 1
gofr.dev/pkg/gofr/datasource/pubsub/nats/config.go:51.2,51.36 1 1
gofr.dev/pkg/gofr/datasource/pubsub/nats/config.go:51.36,53.3 1 0
gofr.dev/pkg/gofr/datasource/pubsub/nats/config.go:55.2,55.25 1 1
gofr.dev/pkg/gofr/datasource/pubsub/nats/config.go:55.25,57.3 1 0
gofr.dev/pkg/gofr/datasource/pubsub/nats/config.go:59.2,59.12 1 1
gofr.dev/pkg/gofr/datasource/pubsub/nats/connection_manager.go:23.71,24.23 1 1
gofr.dev/pkg/gofr/datasource/pubsub/nats/connection_manager.go:24.23,26.3 1 1
gofr.dev/pkg/gofr/datasource/pubsub/nats/connection_manager.go:28.2,28.24 1 1
gofr.dev/pkg/gofr/datasource/pubsub/nats/connection_manager.go:36.48,38.2 1 1
gofr.dev/pkg/gofr/datasource/pubsub/nats/connection_manager.go:40.35,42.2 1 1
gofr.dev/pkg/gofr/datasource/pubsub/nats/connection_manager.go:44.49,46.2 1 1
gofr.dev/pkg/gofr/datasource/pubsub/nats/connection_manager.go:48.68,50.2 1 1
gofr.dev/pkg/gofr/datasource/pubsub/nats/connection_manager.go:57.56,59.19 1 1
gofr.dev/pkg/gofr/datasource/pubsub/nats/connection_manager.go:59.19,60.30 1 0
gofr.dev/pkg/gofr/datasource/pubsub/nats/connection_manager.go:63.2,63.26 1 1
gofr.dev/pkg/gofr/datasource/pubsub/nats/connection_manager.go:63.26,65.3 1 0
gofr.dev/pkg/gofr/datasource/pubsub/nats/connection_manager.go:67.2,67.29 1 1
gofr.dev/pkg/gofr/datasource/pubsub/nats/connection_manager.go:67.29,69.3 1 0
gofr.dev/pkg/gofr/datasource/pubsub/nats/connection_manager.go:71.2,76.3 1 1
gofr.dev/pkg/gofr/datasource/pubsub/nats/connection_manager.go:80.46,83.31 2 1
gofr.dev/pkg/gofr/datasource/pubsub/nats/connection_manager.go:83.31,85.3 1 0
gofr.dev/pkg/gofr/datasource/pubsub/nats/connection_manager.go:87.2,88.16 2 1
gofr.dev/pkg/gofr/datasource/pubsub/nats/connection_manager.go:88.16,91.3 2 1
gofr.dev/pkg/gofr/datasource/pubsub/nats/connection_manager.go:93.2,94.16 2 1
gofr.dev/pkg/gofr/datasource/pubsub/nats/connection_manager.go:94.16,99.3 3 1
gofr.dev/pkg/gofr/datasource/pubsub/nats/connection_manager.go:101.2,105.12 4 1
gofr.dev/pkg/gofr/datasource/pubsub/nats/connection_manager.go:108.55,109.20 1 1
gofr.dev/pkg/gofr/datasource/pubsub/nats/connection_manager.go:109.20,111.3 1 1
gofr.dev/pkg/gofr/datasource/pubsub/nats/connection_manager.go:114.114,117.23 2 1
gofr.dev/pkg/gofr/datasource/pubsub/nats/connection_manager.go:117.23,119.3 1 0
gofr.dev/pkg/gofr/datasource/pubsub/nats/connection_manager.go:121.2,121.54 1 1
gofr.dev/pkg/gofr/datasource/pubsub/nats/connection_manager.go:121.54,123.3 1 0
gofr.dev/pkg/gofr/datasource/pubsub/nats/connection_manager.go:125.2,126.16 2 1
gofr.dev/pkg/gofr/datasource/pubsub/nats/connection_manager.go:126.16,129.3 2 0
gofr.dev/pkg/gofr/datasource/pubsub/nats/connection_manager.go:131.2,133.12 2 1
gofr.dev/pkg/gofr/datasource/pubsub/nats/connection_manager.go:136.70,137.40 1 1
gofr.dev/pkg/gofr/datasource/pubsub/nats/connection_manager.go:137.40,142.3 3 1
gofr.dev/pkg/gofr/datasource/pubsub/nats/connection_manager.go:144.2,144.12 1 1
gofr.dev/pkg/gofr/datasource/pubsub/nats/connection_manager.go:147.57,148.20 1 1
gofr.dev/pkg/gofr/datasource/pubsub/nats/connection_manager.go:148.20,152.3 1 1
gofr.dev/pkg/gofr/datasource/pubsub/nats/connection_manager.go:154.2,155.30 2 1
gofr.dev/pkg/gofr/datasource/pubsub/nats/connection_manager.go:155.30,162.3 1 1
gofr.dev/pkg/gofr/datasource/pubsub/nats/connection_manager.go:164.2,169.3 1 1
gofr.dev/pkg/gofr/datasource/pubsub/nats/connection_manager.go:172.49,173.20 1 1
gofr.dev/pkg/gofr/datasource/pubsub/nats/connection_manager.go:173.20,175.3 1 0
gofr.dev/pkg/gofr/datasource/pubsub/nats/connection_manager.go:177.2,177.43 1 1
gofr.dev/pkg/gofr/datasource/pubsub/nats/connectors.go:11.96,13.16 2 1
gofr.dev/pkg/gofr/datasource/pubsub/nats/connectors.go:13.16,15.3 1 1
gofr.dev/pkg/gofr/datasource/pubsub/nats/connectors.go:17.2,17.34 1 1
gofr.dev/pkg/gofr/datasource/pubsub/nats/connectors.go:22.86,24.2 1 1
gofr.dev/pkg/gofr/datasource/pubsub/nats/health.go:18.45,19.26 1 1
gofr.dev/pkg/gofr/datasource/pubsub/nats/health.go:19.26,23.3 1 0
gofr.dev/pkg/gofr/datasource/pubsub/nats/health.go:25.2,29.16 4 1
gofr.dev/pkg/gofr/datasource/pubsub/nats/health.go:29.16,34.3 3 1
gofr.dev/pkg/gofr/datasource/pubsub/nats/health.go:37.2,38.16 2 1
gofr.dev/pkg/gofr/datasource/pubsub/nats/health.go:38.16,40.3 1 1
gofr.dev/pkg/gofr/datasource/pubsub/nats/health.go:42.2,45.15 3 1
gofr.dev/pkg/gofr/datasource/pubsub/nats/message.go:13.75,18.2 1 1
gofr.dev/pkg/gofr/datasource/pubsub/nats/message.go:20.35,21.39 1 1
gofr.dev/pkg/gofr/datasource/pubsub/nats/message.go:21.39,23.3 1 1
gofr.dev/pkg/gofr/datasource/pubsub/nats/mock_client.go:35.71,39.2 3 1
gofr.dev/pkg/gofr/datasource/pubsub/nats/mock_client.go:42.69,44.2 1 1
gofr.dev/pkg/gofr/datasource/pubsub/nats/mock_client.go:47.37,50.2 2 1
gofr.dev/pkg/gofr/datasource/pubsub/nats/mock_client.go:53.63,56.2 2 1
gofr.dev/pkg/gofr/datasource/pubsub/nats/mock_client.go:59.70,65.2 5 1
gofr.dev/pkg/gofr/datasource/pubsub/nats/mock_client.go:68.67,71.2 2 1
gofr.dev/pkg/gofr/datasource/pubsub/nats/mock_client.go:74.51,79.2 4 0
gofr.dev/pkg/gofr/datasource/pubsub/nats/mock_client.go:82.66,85.2 2 0
gofr.dev/pkg/gofr/datasource/pubsub/nats/mock_client.go:88.50,93.2 4 1
gofr.dev/pkg/gofr/datasource/pubsub/nats/mock_client.go:96.64,99.2 2 1
gofr.dev/pkg/gofr/datasource/pubsub/nats/mock_client.go:113.71,117.2 3 1
gofr.dev/pkg/gofr/datasource/pubsub/nats/mock_client.go:120.69,122.2 1 1
gofr.dev/pkg/gofr/datasource/pubsub/nats/mock_client.go:125.94,128.25 3 1
gofr.dev/pkg/gofr/datasource/pubsub/nats/mock_client.go:128.25,130.3 1 1
gofr.dev/pkg/gofr/datasource/pubsub/nats/mock_client.go:131.2,134.19 4 1
gofr.dev/pkg/gofr/datasource/pubsub/nats/mock_client.go:138.86,142.2 3 1
gofr.dev/pkg/gofr/datasource/pubsub/nats/mock_client.go:156.77,160.2 3 1
gofr.dev/pkg/gofr/datasource/pubsub/nats/mock_client.go:163.75,165.2 1 1
gofr.dev/pkg/gofr/datasource/pubsub/nats/mock_client.go:168.85,174.2 5 1
gofr.dev/pkg/gofr/datasource/pubsub/nats/mock_client.go:177.72,180.2 2 1
gofr.dev/pkg/gofr/datasource/pubsub/nats/mock_client.go:194.75,198.2 3 0
gofr.dev/pkg/gofr/datasource/pubsub/nats/mock_client.go:201.73,203.2 1 0
gofr.dev/pkg/gofr/datasource/pubsub/nats/mock_client.go:206.64,211.2 4 0
gofr.dev/pkg/gofr/datasource/pubsub/nats/mock_client.go:214.72,217.2 2 0
gofr.dev/pkg/gofr/datasource/pubsub/nats/mock_client.go:220.127,226.2 5 0
gofr.dev/pkg/gofr/datasource/pubsub/nats/mock_client.go:229.92,232.2 2 0
gofr.dev/pkg/gofr/datasource/pubsub/nats/mock_client.go:235.89,240.2 4 0
gofr.dev/pkg/gofr/datasource/pubsub/nats/mock_client.go:243.84,246.2 2 0
gofr.dev/pkg/gofr/datasource/pubsub/nats/mock_client.go:249.84,254.2 4 0
gofr.dev/pkg/gofr/datasource/pubsub/nats/mock_client.go:257.85,260.2 2 0
gofr.dev/pkg/gofr/datasource/pubsub/nats/mock_client.go:263.58,268.2 4 0
gofr.dev/pkg/gofr/datasource/pubsub/nats/mock_client.go:271.66,274.2 2 0
gofr.dev/pkg/gofr/datasource/pubsub/nats/mock_client.go:277.98,282.2 4 0
gofr.dev/pkg/gofr/datasource/pubsub/nats/mock_client.go:285.92,288.2 2 0
gofr.dev/pkg/gofr/datasource/pubsub/nats/mock_client.go:291.108,296.2 4 0
gofr.dev/pkg/gofr/datasource/pubsub/nats/mock_client.go:299.94,302.2 2 0
gofr.dev/pkg/gofr/datasource/pubsub/nats/mock_client.go:316.97,320.2 3 1
gofr.dev/pkg/gofr/datasource/pubsub/nats/mock_client.go:323.95,325.2 1 1
gofr.dev/pkg/gofr/datasource/pubsub/nats/mock_client.go:328.69,331.2 2 1
gofr.dev/pkg/gofr/datasource/pubsub/nats/mock_client.go:334.83,337.2 2 1
gofr.dev/pkg/gofr/datasource/pubsub/nats/mock_client.go:340.58,345.2 4 0
gofr.dev/pkg/gofr/datasource/pubsub/nats/mock_client.go:348.78,351.2 2 0
gofr.dev/pkg/gofr/datasource/pubsub/nats/mock_client.go:354.69,359.2 4 1
gofr.dev/pkg/gofr/datasource/pubsub/nats/mock_client.go:362.77,365.2 2 1
gofr.dev/pkg/gofr/datasource/pubsub/nats/mock_client.go:368.61,373.2 4 1
gofr.dev/pkg/gofr/datasource/pubsub/nats/mock_client.go:376.82,379.2 2 1
gofr.dev/pkg/gofr/datasource/pubsub/nats/mock_client.go:382.126,387.2 4 1
gofr.dev/pkg/gofr/datasource/pubsub/nats/mock_client.go:390.112,393.2 2 1
gofr.dev/pkg/gofr/datasource/pubsub/nats/mock_client.go:396.83,402.2 5 0
gofr.dev/pkg/gofr/datasource/pubsub/nats/mock_client.go:405.83,411.2 5 1
gofr.dev/pkg/gofr/datasource/pubsub/nats/mock_client.go:413.80,416.2 2 1
gofr.dev/pkg/gofr/datasource/pubsub/nats/mock_client.go:430.101,434.2 3 1
gofr.dev/pkg/gofr/datasource/pubsub/nats/mock_client.go:437.99,439.2 1 1
gofr.dev/pkg/gofr/datasource/pubsub/nats/mock_client.go:442.52,445.2 2 1
gofr.dev/pkg/gofr/datasource/pubsub/nats/mock_client.go:448.78,451.2 2 1
gofr.dev/pkg/gofr/datasource/pubsub/nats/mock_client.go:454.190,460.2 5 1
gofr.dev/pkg/gofr/datasource/pubsub/nats/mock_client.go:463.122,466.2 2 1
gofr.dev/pkg/gofr/datasource/pubsub/nats/mock_client.go:480.89,484.2 3 1
gofr.dev/pkg/gofr/datasource/pubsub/nats/mock_client.go:487.87,489.2 1 1
gofr.dev/pkg/gofr/datasource/pubsub/nats/mock_client.go:492.135,498.2 5 1
gofr.dev/pkg/gofr/datasource/pubsub/nats/mock_client.go:501.99,504.2 2 1
gofr.dev/pkg/gofr/datasource/pubsub/nats/mock_client.go:507.96,512.2 4 1
gofr.dev/pkg/gofr/datasource/pubsub/nats/mock_client.go:515.91,518.2 2 1
gofr.dev/pkg/gofr/datasource/pubsub/nats/mock_client.go:521.91,526.2 4 1
gofr.dev/pkg/gofr/datasource/pubsub/nats/mock_client.go:529.92,532.2 2 1
gofr.dev/pkg/gofr/datasource/pubsub/nats/mock_jetstream.go:35.63,39.2 3 1
gofr.dev/pkg/gofr/datasource/pubsub/nats/mock_jetstream.go:42.61,44.2 1 1
gofr.dev/pkg/gofr/datasource/pubsub/nats/mock_jetstream.go:47.90,53.2 5 1
gofr.dev/pkg/gofr/datasource/pubsub/nats/mock_jetstream.go:56.72,59.2 2 1
gofr.dev/pkg/gofr/datasource/pubsub/nats/mock_jetstream.go:62.44,65.2 2 0
gofr.dev/pkg/gofr/datasource/pubsub/nats/mock_jetstream.go:68.70,71.2 2 0
gofr.dev/pkg/gofr/datasource/pubsub/nats/mock_jetstream.go:74.43,79.2 4 0
gofr.dev/pkg/gofr/datasource/pubsub/nats/mock_jetstream.go:82.58,85.2 2 0
gofr.dev/pkg/gofr/datasource/pubsub/nats/mock_jetstream.go:88.108,94.2 5 0
gofr.dev/pkg/gofr/datasource/pubsub/nats/mock_jetstream.go:97.87,100.2 2 0
gofr.dev/pkg/gofr/datasource/pubsub/nats/mock_jetstream.go:103.134,109.2 5 0
gofr.dev/pkg/gofr/datasource/pubsub/nats/mock_jetstream.go:112.88,115.2 2 0
gofr.dev/pkg/gofr/datasource/pubsub/nats/mock_jetstream.go:118.119,124.2 5 0
gofr.dev/pkg/gofr/datasource/pubsub/nats/mock_jetstream.go:127.80,130.2 2 0
gofr.dev/pkg/gofr/datasource/pubsub/nats/mock_jetstream.go:133.128,139.2 5 0
gofr.dev/pkg/gofr/datasource/pubsub/nats/mock_jetstream.go:142.83,145.2 2 0
gofr.dev/pkg/gofr/datasource/pubsub/nats/mock_jetstream.go:148.142,154.2 5 1
gofr.dev/pkg/gofr/datasource/pubsub/nats/mock_jetstream.go:157.96,160.2 2 1
gofr.dev/pkg/gofr/datasource/pubsub/nats/mock_jetstream.go:163.127,169.2 5 0
gofr.dev/pkg/gofr/datasource/pubsub/nats/mock_jetstream.go:172.88,175.2 2 0
gofr.dev/pkg/gofr/datasource/pubsub/nats/mock_jetstream.go:178.136,184.2 5 0
gofr.dev/pkg/gofr/datasource/pubsub/nats/mock_jetstream.go:187.91,190.2 2 0
gofr.dev/pkg/gofr/datasource/pubsub/nats/mock_jetstream.go:193.121,199.2 5 1
gofr.dev/pkg/gofr/datasource/pubsub/nats/mock_jetstream.go:202.86,205.2 2 1
gofr.dev/pkg/gofr/datasource/pubsub/nats/mock_jetstream.go:208.113,214.2 5 1
gofr.dev/pkg/gofr/datasource/pubsub/nats/mock_jetstream.go:217.78,220.2 2 1
gofr.dev/pkg/gofr/datasource/pubsub/nats/mock_jetstream.go:223.92,228.2 4 0
gofr.dev/pkg/gofr/datasource/pubsub/nats/mock_jetstream.go:231.93,234.2 2 0
gofr.dev/pkg/gofr/datasource/pubsub/nats/mock_jetstream.go:237.82,242.2 4 0
gofr.dev/pkg/gofr/datasource/pubsub/nats/mock_jetstream.go:245.83,248.2 2 0
gofr.dev/pkg/gofr/datasource/pubsub/nats/mock_jetstream.go:251.85,256.2 4 0
gofr.dev/pkg/gofr/datasource/pubsub/nats/mock_jetstream.go:259.86,262.2 2 0
gofr.dev/pkg/gofr/datasource/pubsub/nats/mock_jetstream.go:265.80,270.2 4 1
gofr.dev/pkg/gofr/datasource/pubsub/nats/mock_jetstream.go:273.81,276.2 2 1
gofr.dev/pkg/gofr/datasource/pubsub/nats/mock_jetstream.go:279.98,285.2 5 0
gofr.dev/pkg/gofr/datasource/pubsub/nats/mock_jetstream.go:288.77,291.2 2 0
gofr.dev/pkg/gofr/datasource/pubsub/nats/mock_jetstream.go:294.95,299.2 4 0
gofr.dev/pkg/gofr/datasource/pubsub/nats/mock_jetstream.go:302.79,305.2 2 0
gofr.dev/pkg/gofr/datasource/pubsub/nats/mock_jetstream.go:308.86,313.2 4 0
gofr.dev/pkg/gofr/datasource/pubsub/nats/mock_jetstream.go:316.75,319.2 2 0
gofr.dev/pkg/gofr/datasource/pubsub/nats/mock_jetstream.go:322.119,325.25 3 0
gofr.dev/pkg/gofr/datasource/pubsub/nats/mock_jetstream.go:325.25,327.3 1 0
gofr.dev/pkg/gofr/datasource/pubsub/nats/mock_jetstream.go:328.2,330.13 3 0
gofr.dev/pkg/gofr/datasource/pubsub/nats/mock_jetstream.go:334.86,338.2 3 0
gofr.dev/pkg/gofr/datasource/pubsub/nats/mock_jetstream.go:341.104,347.2 5 0
gofr.dev/pkg/gofr/datasource/pubsub/nats/mock_jetstream.go:350.80,353.2 2 0
gofr.dev/pkg/gofr/datasource/pubsub/nats/mock_jetstream.go:356.96,361.2 4 0
gofr.dev/pkg/gofr/datasource/pubsub/nats/mock_jetstream.go:364.77,367.2 2 0
gofr.dev/pkg/gofr/datasource/pubsub/nats/mock_jetstream.go:370.88,375.2 4 0
gofr.dev/pkg/gofr/datasource/pubsub/nats/mock_jetstream.go:378.73,381.2 2 0
gofr.dev/pkg/gofr/datasource/pubsub/nats/mock_jetstream.go:384.62,389.2 4 0
gofr.dev/pkg/gofr/datasource/pubsub/nats/mock_jetstream.go:392.61,395.2 2 0
gofr.dev/pkg/gofr/datasource/pubsub/nats/mock_jetstream.go:398.142,404.2 5 0
gofr.dev/pkg/gofr/datasource/pubsub/nats/mock_jetstream.go:407.89,410.2 2 0
gofr.dev/pkg/gofr/datasource/pubsub/nats/mock_jetstream.go:413.143,416.25 3 1
gofr.dev/pkg/gofr/datasource/pubsub/nats/mock_jetstream.go:416.25,418.3 1 0
gofr.dev/pkg/gofr/datasource/pubsub/nats/mock_jetstream.go:419.2,422.19 4 1
gofr.dev/pkg/gofr/datasource/pubsub/nats/mock_jetstream.go:426.99,430.2 3 1
gofr.dev/pkg/gofr/datasource/pubsub/nats/mock_jetstream.go:433.132,436.25 3 0
gofr.dev/pkg/gofr/datasource/pubsub/nats/mock_jetstream.go:436.25,438.3 1 0
gofr.dev/pkg/gofr/datasource/pubsub/nats/mock_jetstream.go:439.2,442.19 4 0
gofr.dev/pkg/gofr/datasource/pubsub/nats/mock_jetstream.go:446.99,450.2 3 0
gofr.dev/pkg/gofr/datasource/pubsub/nats/mock_jetstream.go:453.64,458.2 4 0
gofr.dev/pkg/gofr/datasource/pubsub/nats/mock_jetstream.go:461.74,464.2 2 0
gofr.dev/pkg/gofr/datasource/pubsub/nats/mock_jetstream.go:467.51,472.2 4 0
gofr.dev/pkg/gofr/datasource/pubsub/nats/mock_jetstream.go:475.73,478.2 2 0
gofr.dev/pkg/gofr/datasource/pubsub/nats/mock_jetstream.go:481.129,484.25 3 0
gofr.dev/pkg/gofr/datasource/pubsub/nats/mock_jetstream.go:484.25,486.3 1 0
gofr.dev/pkg/gofr/datasource/pubsub/nats/mock_jetstream.go:487.2,490.19 4 0
gofr.dev/pkg/gofr/datasource/pubsub/nats/mock_jetstream.go:494.89,498.2 3 0
gofr.dev/pkg/gofr/datasource/pubsub/nats/mock_jetstream.go:501.118,504.25 3 0
gofr.dev/pkg/gofr/datasource/pubsub/nats/mock_jetstream.go:504.25,506.3 1 0
gofr.dev/pkg/gofr/datasource/pubsub/nats/mock_jetstream.go:507.2,510.19 4 0
gofr.dev/pkg/gofr/datasource/pubsub/nats/mock_jetstream.go:514.89,518.2 3 0
gofr.dev/pkg/gofr/datasource/pubsub/nats/mock_jetstream.go:521.94,527.2 5 1
gofr.dev/pkg/gofr/datasource/pubsub/nats/mock_jetstream.go:530.75,533.2 2 1
gofr.dev/pkg/gofr/datasource/pubsub/nats/mock_jetstream.go:536.98,542.2 5 0
gofr.dev/pkg/gofr/datasource/pubsub/nats/mock_jetstream.go:545.89,548.2 2 0
gofr.dev/pkg/gofr/datasource/pubsub/nats/mock_jetstream.go:551.119,554.25 3 0
gofr.dev/pkg/gofr/datasource/pubsub/nats/mock_jetstream.go:554.25,556.3 1 0
gofr.dev/pkg/gofr/datasource/pubsub/nats/mock_jetstream.go:557.2,559.13 3 0
gofr.dev/pkg/gofr/datasource/pubsub/nats/mock_jetstream.go:563.86,567.2 3 0
gofr.dev/pkg/gofr/datasource/pubsub/nats/mock_jetstream.go:570.134,576.2 5 0
gofr.dev/pkg/gofr/datasource/pubsub/nats/mock_jetstream.go:579.88,582.2 2 0
gofr.dev/pkg/gofr/datasource/pubsub/nats/mock_jetstream.go:585.119,591.2 5 0
gofr.dev/pkg/gofr/datasource/pubsub/nats/mock_jetstream.go:594.80,597.2 2 0
gofr.dev/pkg/gofr/datasource/pubsub/nats/mock_jetstream.go:600.128,606.2 5 0
gofr.dev/pkg/gofr/datasource/pubsub/nats/mock_jetstream.go:609.83,612.2 2 0
gofr.dev/pkg/gofr/datasource/pubsub/nats/mock_jetstream.go:615.113,621.2 5 0
gofr.dev/pkg/gofr/datasource/pubsub/nats/mock_jetstream.go:624.78,627.2 2 0
gofr.dev/pkg/gofr/datasource/pubsub/nats/mock_jetstream.go:642.57,646.2 3 1
gofr.dev/pkg/gofr/datasource/pubsub/nats/mock_jetstream.go:649.55,651.2 1 0
gofr.dev/pkg/gofr/datasource/pubsub/nats/mock_jetstream.go:654.57,659.2 4 0
gofr.dev/pkg/gofr/datasource/pubsub/nats/mock_jetstream.go:662.61,665.2 2 0
gofr.dev/pkg/gofr/datasource/pubsub/nats/mock_jetstream.go:668.97,674.2 5 0
gofr.dev/pkg/gofr/datasource/pubsub/nats/mock_jetstream.go:677.76,680.2 2 0
gofr.dev/pkg/gofr/datasource/pubsub/nats/mock_jetstream.go:683.87,688.2 4 0
gofr.dev/pkg/gofr/datasource/pubsub/nats/mock_jetstream.go:691.72,694.2 2 0
gofr.dev/pkg/gofr/datasource/pubsub/nats/mock_jetstream.go:697.116,703.2 5 0
gofr.dev/pkg/gofr/datasource/pubsub/nats/mock_jetstream.go:706.77,709.2 2 0
gofr.dev/pkg/gofr/datasource/pubsub/nats/mock_jetstream.go:712.124,718.2 5 0
gofr.dev/pkg/gofr/datasource/pubsub/nats/mock_jetstream.go:721.85,724.2 2 0
gofr.dev/pkg/gofr/datasource/pubsub/nats/mock_jetstream.go:727.81,732.2 4 0
gofr.dev/pkg/gofr/datasource/pubsub/nats/mock_jetstream.go:735.82,738.2 2 0
gofr.dev/pkg/gofr/datasource/pubsub/nats/mock_jetstream.go:741.71,746.2 4 0
gofr.dev/pkg/gofr/datasource/pubsub/nats/mock_jetstream.go:749.72,752.2 2 0
gofr.dev/pkg/gofr/datasource/pubsub/nats/mock_jetstream.go:755.113,761.2 5 0
gofr.dev/pkg/gofr/datasource/pubsub/nats/mock_jetstream.go:764.87,767.2 2 0
gofr.dev/pkg/gofr/datasource/pubsub/nats/mock_jetstream.go:770.124,773.25 3 0
gofr.dev/pkg/gofr/datasource/pubsub/nats/mock_jetstream.go:773.25,775.3 1 0
gofr.dev/pkg/gofr/datasource/pubsub/nats/mock_jetstream.go:776.2,779.19 4 0
gofr.dev/pkg/gofr/datasource/pubsub/nats/mock_jetstream.go:783.82,787.2 3 0
gofr.dev/pkg/gofr/datasource/pubsub/nats/mock_jetstream.go:790.112,793.25 3 0
gofr.dev/pkg/gofr/datasource/pubsub/nats/mock_jetstream.go:793.25,795.3 1 0
gofr.dev/pkg/gofr/datasource/pubsub/nats/mock_jetstream.go:796.2,799.19 4 0
gofr.dev/pkg/gofr/datasource/pubsub/nats/mock_jetstream.go:803.75,807.2 3 0
gofr.dev/pkg/gofr/datasource/pubsub/nats/mock_jetstream.go:810.87,815.2 4 0
gofr.dev/pkg/gofr/datasource/pubsub/nats/mock_jetstream.go:818.72,821.2 2 0
gofr.dev/pkg/gofr/datasource/pubsub/nats/mock_jetstream.go:824.124,830.2 5 0
gofr.dev/pkg/gofr/datasource/pubsub/nats/mock_jetstream.go:833.78,836.2 2 0
gofr.dev/pkg/gofr/datasource/pubsub/nats/mock_jetstream.go:839.89,842.25 3 0
gofr.dev/pkg/gofr/datasource/pubsub/nats/mock_jetstream.go:842.25,844.3 1 0
gofr.dev/pkg/gofr/datasource/pubsub/nats/mock_jetstream.go:845.2,847.13 3 0
gofr.dev/pkg/gofr/datasource/pubsub/nats/mock_jetstream.go:851.76,855.2 3 0
gofr.dev/pkg/gofr/datasource/pubsub/nats/mock_jetstream.go:858.77,863.2 4 0
gofr.dev/pkg/gofr/datasource/pubsub/nats/mock_jetstream.go:866.78,869.2 2 0
gofr.dev/pkg/gofr/datasource/pubsub/nats/mock_jetstream.go:872.116,878.2 5 0
gofr.dev/pkg/gofr/datasource/pubsub/nats/mock_jetstream.go:881.77,884.2 2 0
gofr.dev/pkg/gofr/datasource/pubsub/nats/mock_jetstream.go:899.61,903.2 3 1
gofr.dev/pkg/gofr/datasource/pubsub/nats/mock_jetstream.go:906.59,908.2 1 1
gofr.dev/pkg/gofr/datasource/pubsub/nats/mock_jetstream.go:911.61,916.2 4 0
gofr.dev/pkg/gofr/datasource/pubsub/nats/mock_jetstream.go:919.63,922.2 2 0
gofr.dev/pkg/gofr/datasource/pubsub/nats/mock_jetstream.go:925.134,928.25 3 0
gofr.dev/pkg/gofr/datasource/pubsub/nats/mock_jetstream.go:928.25,930.3 1 0
gofr.dev/pkg/gofr/datasource/pubsub/nats/mock_jetstream.go:931.2,934.19 4 0
gofr.dev/pkg/gofr/datasource/pubsub/nats/mock_jetstream.go:938.84,942.2 3 0
gofr.dev/pkg/gofr/datasource/pubsub/nats/mock_jetstream.go:945.101,948.25 3 1
gofr.dev/pkg/gofr/datasource/pubsub/nats/mock_jetstream.go:948.25,950.3 1 1
gofr.dev/pkg/gofr/datasource/pubsub/nats/mock_jetstream.go:951.2,954.19 4 1
gofr.dev/pkg/gofr/datasource/pubsub/nats/mock_jetstream.go:958.80,962.2 3 1
gofr.dev/pkg/gofr/datasource/pubsub/nats/mock_jetstream.go:965.109,968.25 3 0
gofr.dev/pkg/gofr/datasource/pubsub/nats/mock_jetstream.go:968.25,970.3 1 0
gofr.dev/pkg/gofr/datasource/pubsub/nats/mock_jetstream.go:971.2,974.19 4 0
gofr.dev/pkg/gofr/datasource/pubsub/nats/mock_jetstream.go:978.88,982.2 3 0
gofr.dev/pkg/gofr/datasource/pubsub/nats/mock_jetstream.go:985.79,991.2 5 0
gofr.dev/pkg/gofr/datasource/pubsub/nats/mock_jetstream.go:994.73,997.2 2 0
gofr.dev/pkg/gofr/datasource/pubsub/nats/mock_jetstream.go:1000.84,1006.2 5 0
gofr.dev/pkg/gofr/datasource/pubsub/nats/mock_jetstream.go:1009.65,1012.2 2 0
gofr.dev/pkg/gofr/datasource/pubsub/nats/mock_jetstream.go:1015.103,1018.25 3 0
gofr.dev/pkg/gofr/datasource/pubsub/nats/mock_jetstream.go:1018.25,1020.3 1 0
gofr.dev/pkg/gofr/datasource/pubsub/nats/mock_jetstream.go:1021.2,1024.19 4 0
gofr.dev/pkg/gofr/datasource/pubsub/nats/mock_jetstream.go:1028.72,1031.2 2 0
gofr.dev/pkg/gofr/datasource/pubsub/nats/mock_jetstream.go:1034.80,1037.25 3 0
gofr.dev/pkg/gofr/datasource/pubsub/nats/mock_jetstream.go:1037.25,1039.3 1 0
gofr.dev/pkg/gofr/datasource/pubsub/nats/mock_jetstream.go:1040.2,1043.19 4 0
gofr.dev/pkg/gofr/datasource/pubsub/nats/mock_jetstream.go:1047.68,1050.2 2 0
gofr.dev/pkg/gofr/datasource/pubsub/nats/mock_jetstream.go:1065.51,1069.2 3 1
gofr.dev/pkg/gofr/datasource/pubsub/nats/mock_jetstream.go:1072.49,1074.2 1 1
gofr.dev/pkg/gofr/datasource/pubsub/nats/mock_jetstream.go:1077.31,1082.2 4 1
gofr.dev/pkg/gofr/datasource/pubsub/nats/mock_jetstream.go:1085.51,1088.2 2 1
gofr.dev/pkg/gofr/datasource/pubsub/nats/mock_jetstream.go:1091.33,1096.2 4 1
gofr.dev/pkg/gofr/datasource/pubsub/nats/mock_jetstream.go:1099.52,1102.2 2 1
gofr.dev/pkg/gofr/datasource/pubsub/nats/mock_jetstream.go:1105.57,1110.2 4 0
gofr.dev/pkg/gofr/datasource/pubsub/nats/mock_jetstream.go:1113.65,1116.2 2 0
gofr.dev/pkg/gofr/datasource/pubsub/nats/mock_jetstream.go:1119.41,1124.2 4 1
gofr.dev/pkg/gofr/datasource/pubsub/nats/mock_jetstream.go:1127.55,1130.2 2 1
gofr.dev/pkg/gofr/datasource/pubsub/nats/mock_jetstream.go:1133.38,1138.2 4 0
gofr.dev/pkg/gofr/datasource/pubsub/nats/mock_jetstream.go:1141.58,1144.2 2 0
gofr.dev/pkg/gofr/datasource/pubsub/nats/mock_jetstream.go:1147.62,1153.2 5 0
gofr.dev/pkg/gofr/datasource/pubsub/nats/mock_jetstream.go:1156.56,1159.2 2 0
gofr.dev/pkg/gofr/datasource/pubsub/nats/mock_jetstream.go:1162.31,1167.2 4 1
gofr.dev/pkg/gofr/datasource/pubsub/nats/mock_jetstream.go:1170.51,1173.2 2 1
gofr.dev/pkg/gofr/datasource/pubsub/nats/mock_jetstream.go:1176.59,1181.2 4 0
gofr.dev/pkg/gofr/datasource/pubsub/nats/mock_jetstream.go:1184.69,1187.2 2 0
gofr.dev/pkg/gofr/datasource/pubsub/nats/mock_jetstream.go:1190.34,1195.2 4 0
gofr.dev/pkg/gofr/datasource/pubsub/nats/mock_jetstream.go:1198.53,1201.2 2 0
gofr.dev/pkg/gofr/datasource/pubsub/nats/mock_jetstream.go:1204.36,1209.2 4 0
gofr.dev/pkg/gofr/datasource/pubsub/nats/mock_jetstream.go:1212.55,1215.2 2 0
gofr.dev/pkg/gofr/datasource/pubsub/nats/mock_jetstream.go:1218.32,1223.2 4 0
gofr.dev/pkg/gofr/datasource/pubsub/nats/mock_jetstream.go:1226.52,1229.2 2 0
gofr.dev/pkg/gofr/datasource/pubsub/nats/mock_jetstream.go:1232.55,1237.2 4 0
gofr.dev/pkg/gofr/datasource/pubsub/nats/mock_jetstream.go:1240.72,1243.2 2 0
gofr.dev/pkg/gofr/datasource/pubsub/nats/mock_jetstream.go:1258.69,1262.2 3 1
gofr.dev/pkg/gofr/datasource/pubsub/nats/mock_jetstream.go:1265.67,1267.2 1 1
gofr.dev/pkg/gofr/datasource/pubsub/nats/mock_jetstream.go:1270.42,1275.2 4 1
gofr.dev/pkg/gofr/datasource/pubsub/nats/mock_jetstream.go:1278.62,1281.2 2 1
gofr.dev/pkg/gofr/datasource/pubsub/nats/mock_jetstream.go:1284.60,1289.2 4 1
gofr.dev/pkg/gofr/datasource/pubsub/nats/mock_jetstream.go:1292.65,1295.2 2 1
gofr.dev/pkg/gofr/datasource/pubsub/nats/mock_metrics.go:32.59,36.2 3 1
gofr.dev/pkg/gofr/datasource/pubsub/nats/mock_metrics.go:39.57,41.2 1 1
gofr.dev/pkg/gofr/datasource/pubsub/nats/mock_metrics.go:44.92,47.27 3 1
gofr.dev/pkg/gofr/datasource/pubsub/nats/mock_metrics.go:47.27,49.3 1 1
gofr.dev/pkg/gofr/datasource/pubsub/nats/mock_metrics.go:50.2,50.48 1 1
gofr.dev/pkg/gofr/datasource/pubsub/nats/mock_metrics.go:54.96,58.2 3 1
gofr.dev/pkg/gofr/datasource/pubsub/nats/mock_tracer.go:33.57,37.2 3 0
gofr.dev/pkg/gofr/datasource/pubsub/nats/mock_tracer.go:40.55,42.2 1 0
gofr.dev/pkg/gofr/datasource/pubsub/nats/mock_tracer.go:45.127,48.25 3 0
gofr.dev/pkg/gofr/datasource/pubsub/nats/mock_tracer.go:48.25,50.3 1 0
gofr.dev/pkg/gofr/datasource/pubsub/nats/mock_tracer.go:51.2,54.19 4 0
gofr.dev/pkg/gofr/datasource/pubsub/nats/mock_tracer.go:58.86,62.2 3 0
gofr.dev/pkg/gofr/datasource/pubsub/nats/mock_tracer.go:65.31,68.2 2 0
gofr.dev/pkg/gofr/datasource/pubsub/nats/mock_tracer.go:71.57,74.2 2 0
gofr.dev/pkg/gofr/datasource/pubsub/nats/pubsub_wrapper.go:16.90,18.2 1 0
gofr.dev/pkg/gofr/datasource/pubsub/nats/pubsub_wrapper.go:21.95,23.2 1 0
gofr.dev/pkg/gofr/datasource/pubsub/nats/pubsub_wrapper.go:26.77,28.2 1 0
gofr.dev/pkg/gofr/datasource/pubsub/nats/pubsub_wrapper.go:31.77,33.2 1 0
gofr.dev/pkg/gofr/datasource/pubsub/nats/pubsub_wrapper.go:36.39,39.2 2 0
gofr.dev/pkg/gofr/datasource/pubsub/nats/pubsub_wrapper.go:42.52,44.2 1 0
gofr.dev/pkg/gofr/datasource/pubsub/nats/pubsub_wrapper.go:47.35,48.96 1 0
gofr.dev/pkg/gofr/datasource/pubsub/nats/pubsub_wrapper.go:48.96,52.3 2 0
gofr.dev/pkg/gofr/datasource/pubsub/nats/pubsub_wrapper.go:54.2,55.16 2 0
gofr.dev/pkg/gofr/datasource/pubsub/nats/pubsub_wrapper.go:55.16,57.3 1 0
gofr.dev/pkg/gofr/datasource/pubsub/nats/pubsub_wrapper.go:61.47,63.2 1 0
gofr.dev/pkg/gofr/datasource/pubsub/nats/pubsub_wrapper.go:66.49,68.2 1 0
gofr.dev/pkg/gofr/datasource/pubsub/nats/pubsub_wrapper.go:71.47,73.2 1 0
gofr.dev/pkg/gofr/datasource/pubsub/nats/stream_manager.go:18.84,23.2 1 1
gofr.dev/pkg/gofr/datasource/pubsub/nats/stream_manager.go:26.84,35.16 4 1
gofr.dev/pkg/gofr/datasource/pubsub/nats/stream_manager.go:35.16,38.3 2 1
gofr.dev/pkg/gofr/datasource/pubsub/nats/stream_manager.go:40.2,40.12 1 1
gofr.dev/pkg/gofr/datasource/pubsub/nats/stream_manager.go:44.79,48.16 3 1
gofr.dev/pkg/gofr/datasource/pubsub/nats/stream_manager.go:48.16,49.50 1 1
gofr.dev/pkg/gofr/datasource/pubsub/nats/stream_manager.go:49.50,53.4 2 1
gofr.dev/pkg/gofr/datasource/pubsub/nats/stream_manager.go:55.3,57.13 2 1
gofr.dev/pkg/gofr/datasource/pubsub/nats/stream_manager.go:60.2,62.12 2 1
gofr.dev/pkg/gofr/datasource/pubsub/nats/stream_manager.go:66.123,70.16 3 1
gofr.dev/pkg/gofr/datasource/pubsub/nats/stream_manager.go:70.16,74.3 2 1
gofr.dev/pkg/gofr/datasource/pubsub/nats/stream_manager.go:76.2,76.20 1 1
gofr.dev/pkg/gofr/datasource/pubsub/nats/stream_manager.go:80.96,84.16 3 1
gofr.dev/pkg/gofr/datasource/pubsub/nats/stream_manager.go:84.16,85.50 1 1
gofr.dev/pkg/gofr/datasource/pubsub/nats/stream_manager.go:85.50,89.4 2 1
gofr.dev/pkg/gofr/datasource/pubsub/nats/stream_manager.go:91.3,93.18 2 1
gofr.dev/pkg/gofr/datasource/pubsub/nats/stream_manager.go:96.2,96.20 1 1
gofr.dev/pkg/gofr/datasource/pubsub/nats/subscription_manager.go:31.66,37.2 1 1
gofr.dev/pkg/gofr/datasource/pubsub/nats/subscription_manager.go:45.44,48.67 2 1
gofr.dev/pkg/gofr/datasource/pubsub/nats/subscription_manager.go:48.67,50.3 1 0
gofr.dev/pkg/gofr/datasource/pubsub/nats/subscription_manager.go:52.2,55.13 3 1
gofr.dev/pkg/gofr/datasource/pubsub/nats/subscription_manager.go:55.13,57.17 2 1
gofr.dev/pkg/gofr/datasource/pubsub/nats/subscription_manager.go:57.17,60.4 2 1
gofr.dev/pkg/gofr/datasource/pubsub/nats/subscription_manager.go:62.3,66.66 4 1
gofr.dev/pkg/gofr/datasource/pubsub/nats/subscription_manager.go:69.2,73.9 3 1
gofr.dev/pkg/gofr/datasource/pubsub/nats/subscription_manager.go:74.23,76.18 2 1
gofr.dev/pkg/gofr/datasource/pubsub/nats/subscription_manager.go:77.20,78.24 1 0
gofr.dev/pkg/gofr/datasource/pubsub/nats/subscription_manager.go:82.103,83.15 1 1
gofr.dev/pkg/gofr/datasource/pubsub/nats/subscription_manager.go:83.15,85.3 1 1
gofr.dev/pkg/gofr/datasource/pubsub/nats/subscription_manager.go:87.2,87.24 1 1
gofr.dev/pkg/gofr/datasource/pubsub/nats/subscription_manager.go:87.24,89.3 1 1
gofr.dev/pkg/gofr/datasource/pubsub/nats/subscription_manager.go:91.2,91.12 1 1
gofr.dev/pkg/gofr/datasource/pubsub/nats/subscription_manager.go:94.85,98.54 3 1
gofr.dev/pkg/gofr/datasource/pubsub/nats/subscription_manager.go:98.54,100.3 1 1
gofr.dev/pkg/gofr/datasource/pubsub/nats/subscription_manager.go:102.2,105.15 3 1
gofr.dev/pkg/gofr/datasource/pubsub/nats/subscription_manager.go:109.102,121.2 3 1
gofr.dev/pkg/gofr/datasource/pubsub/nats/subscription_manager.go:129.24,131.6 1 1
gofr.dev/pkg/gofr/datasource/pubsub/nats/subscription_manager.go:131.6,132.10 1 1
gofr.dev/pkg/gofr/datasource/pubsub/nats/subscription_manager.go:133.21,134.10 1 1
gofr.dev/pkg/gofr/datasource/pubsub/nats/subscription_manager.go:135.11,136.92 1 1
gofr.dev/pkg/gofr/datasource/pubsub/nats/subscription_manager.go:136.92,138.5 1 0
gofr.dev/pkg/gofr/datasource/pubsub/nats/subscription_manager.go:149.30,151.16 2 1
gofr.dev/pkg/gofr/datasource/pubsub/nats/subscription_manager.go:151.16,153.3 1 0
gofr.dev/pkg/gofr/datasource/pubsub/nats/subscription_manager.go:155.2,155.63 1 1
gofr.dev/pkg/gofr/datasource/pubsub/nats/subscription_manager.go:158.99,159.47 1 0
gofr.dev/pkg/gofr/datasource/pubsub/nats/subscription_manager.go:159.47,161.3 1 0
gofr.dev/pkg/gofr/datasource/pubsub/nats/subscription_manager.go:163.2,165.12 2 0
gofr.dev/pkg/gofr/datasource/pubsub/nats/subscription_manager.go:172.30,173.35 1 1
gofr.dev/pkg/gofr/datasource/pubsub/nats/subscription_manager.go:173.35,176.42 2 1
gofr.dev/pkg/gofr/datasource/pubsub/nats/subscription_manager.go:176.42,178.4 1 0
gofr.dev/pkg/gofr/datasource/pubsub/nats/subscription_manager.go:181.2,181.48 1 1
gofr.dev/pkg/gofr/datasource/pubsub/nats/subscription_manager.go:184.98,192.2 6 1
gofr.dev/pkg/gofr/datasource/pubsub/nats/subscription_manager.go:194.97,195.9 1 1
gofr.dev/pkg/gofr/datasource/pubsub/nats/subscription_manager.go:196.21,197.14 1 1
gofr.dev/pkg/gofr/datasource/pubsub/nats/subscription_manager.go:198.10,199.15 1 0
gofr.dev/pkg/gofr/datasource/pubsub/nats/subscription_manager.go:203.116,204.37 1 1
gofr.dev/pkg/gofr/datasource/pubsub/nats/subscription_manager.go:204.37,208.3 2 0
gofr.dev/pkg/gofr/datasource/pubsub/nats/subscription_manager.go:210.2,210.12 1 1
gofr.dev/pkg/gofr/datasource/pubsub/nats/subscription_manager.go:213.40,215.39 2 1
gofr.dev/pkg/gofr/datasource/pubsub/nats/subscription_manager.go:215.39,217.3 1 1
gofr.dev/pkg/gofr/datasource/pubsub/nats/subscription_manager.go:219.2,223.41 4 1
gofr.dev/pkg/gofr/datasource/pubsub/nats/subscription_manager.go:223.41,225.3 1 1
gofr.dev/pkg/gofr/datasource/pubsub/nats/subscription_manager.go:227.2,229.25 2 1
